{"/Users/rancui/Desktop/rc-ui-lib/packages/rc-ui-lib/src/index.ts": {"path":"/Users/rancui/Desktop/rc-ui-lib/packages/rc-ui-lib/src/index.ts","statementMap":{},"fnMap":{},"branchMap":{},"s":{},"f":{},"b":{}}
,"/Users/rancui/Desktop/rc-ui-lib/packages/rc-ui-lib/src/action-bar/ActionBar.tsx": {"path":"/Users/rancui/Desktop/rc-ui-lib/packages/rc-ui-lib/src/action-bar/ActionBar.tsx","statementMap":{"0":{"start":{"line":7,"column":14},"end":{"line":7,"column":43}},"1":{"start":{"line":9,"column":44},"end":{"line":28,"column":1}},"2":{"start":{"line":10,"column":19},"end":{"line":10,"column":90}},"3":{"start":{"line":10,"column":33},"end":{"line":10,"column":71}},"4":{"start":{"line":12,"column":2},"end":{"line":27,"column":4}},"5":{"start":{"line":21,"column":10},"end":{"line":23,"column":12}},"6":{"start":{"line":30,"column":0},"end":{"line":32,"column":2}}},"fnMap":{"0":{"name":"(anonymous_0)","decl":{"start":{"line":9,"column":44},"end":{"line":9,"column":45}},"loc":{"start":{"line":9,"column":55},"end":{"line":28,"column":1}},"line":9},"1":{"name":"(anonymous_1)","decl":{"start":{"line":10,"column":27},"end":{"line":10,"column":28}},"loc":{"start":{"line":10,"column":33},"end":{"line":10,"column":71}},"line":10},"2":{"name":"(anonymous_2)","decl":{"start":{"line":20,"column":68},"end":{"line":20,"column":69}},"loc":{"start":{"line":21,"column":10},"end":{"line":23,"column":12}},"line":21}},"branchMap":{},"s":{"0":0,"1":0,"2":0,"3":0,"4":0,"5":0,"6":0},"f":{"0":0,"1":0,"2":0},"b":{}}
,"/Users/rancui/Desktop/rc-ui-lib/packages/rc-ui-lib/src/action-bar/ActionBarButton.tsx": {"path":"/Users/rancui/Desktop/rc-ui-lib/packages/rc-ui-lib/src/action-bar/ActionBarButton.tsx","statementMap":{"0":{"start":{"line":8,"column":14},"end":{"line":8,"column":50}},"1":{"start":{"line":10,"column":56},"end":{"line":55,"column":1}},"2":{"start":{"line":11,"column":64},"end":{"line":11,"column":69}},"3":{"start":{"line":13,"column":21},"end":{"line":13,"column":49}},"4":{"start":{"line":15,"column":18},"end":{"line":21,"column":21}},"5":{"start":{"line":16,"column":4},"end":{"line":19,"column":5}},"6":{"start":{"line":17,"column":19},"end":{"line":17,"column":45}},"7":{"start":{"line":18,"column":6},"end":{"line":18,"column":48}},"8":{"start":{"line":20,"column":4},"end":{"line":20,"column":17}},"9":{"start":{"line":23,"column":17},"end":{"line":29,"column":21}},"10":{"start":{"line":24,"column":4},"end":{"line":27,"column":5}},"11":{"start":{"line":25,"column":19},"end":{"line":25,"column":45}},"12":{"start":{"line":26,"column":6},"end":{"line":26,"column":48}},"13":{"start":{"line":28,"column":4},"end":{"line":28,"column":17}},"14":{"start":{"line":31,"column":2},"end":{"line":54,"column":4}},"15":{"start":{"line":57,"column":33},"end":{"line":57,"column":83}}},"fnMap":{"0":{"name":"(anonymous_0)","decl":{"start":{"line":10,"column":56},"end":{"line":10,"column":57}},"loc":{"start":{"line":10,"column":67},"end":{"line":55,"column":1}},"line":10},"1":{"name":"(anonymous_1)","decl":{"start":{"line":15,"column":26},"end":{"line":15,"column":27}},"loc":{"start":{"line":15,"column":32},"end":{"line":21,"column":3}},"line":15},"2":{"name":"(anonymous_2)","decl":{"start":{"line":23,"column":25},"end":{"line":23,"column":26}},"loc":{"start":{"line":23,"column":31},"end":{"line":29,"column":3}},"line":23}},"branchMap":{"0":{"loc":{"start":{"line":16,"column":4},"end":{"line":19,"column":5}},"type":"if","locations":[{"start":{"line":16,"column":4},"end":{"line":19,"column":5}},{"start":{"line":16,"column":4},"end":{"line":19,"column":5}}],"line":16},"1":{"loc":{"start":{"line":18,"column":15},"end":{"line":18,"column":46}},"type":"binary-expr","locations":[{"start":{"line":18,"column":15},"end":{"line":18,"column":19}},{"start":{"line":18,"column":23},"end":{"line":18,"column":46}}],"line":18},"2":{"loc":{"start":{"line":24,"column":4},"end":{"line":27,"column":5}},"type":"if","locations":[{"start":{"line":24,"column":4},"end":{"line":27,"column":5}},{"start":{"line":24,"column":4},"end":{"line":27,"column":5}}],"line":24},"3":{"loc":{"start":{"line":26,"column":15},"end":{"line":26,"column":46}},"type":"binary-expr","locations":[{"start":{"line":26,"column":15},"end":{"line":26,"column":19}},{"start":{"line":26,"column":23},"end":{"line":26,"column":46}}],"line":26},"4":{"loc":{"start":{"line":52,"column":7},"end":{"line":52,"column":45}},"type":"cond-expr","locations":[{"start":{"line":52,"column":24},"end":{"line":52,"column":38}},{"start":{"line":52,"column":41},"end":{"line":52,"column":45}}],"line":52}},"s":{"0":0,"1":0,"2":0,"3":0,"4":0,"5":0,"6":0,"7":0,"8":0,"9":0,"10":0,"11":0,"12":0,"13":0,"14":0,"15":0},"f":{"0":0,"1":0,"2":0},"b":{"0":[0,0],"1":[0,0],"2":[0,0],"3":[0,0],"4":[0,0]}}
,"/Users/rancui/Desktop/rc-ui-lib/packages/rc-ui-lib/src/action-bar/ActionBarContext.ts": {"path":"/Users/rancui/Desktop/rc-ui-lib/packages/rc-ui-lib/src/action-bar/ActionBarContext.ts","statementMap":{"0":{"start":{"line":7,"column":53},"end":{"line":7,"column":70}}},"fnMap":{},"branchMap":{},"s":{"0":0},"f":{},"b":{}}
,"/Users/rancui/Desktop/rc-ui-lib/packages/rc-ui-lib/src/action-bar/ActionBarIcon.tsx": {"path":"/Users/rancui/Desktop/rc-ui-lib/packages/rc-ui-lib/src/action-bar/ActionBarIcon.tsx","statementMap":{"0":{"start":{"line":8,"column":14},"end":{"line":8,"column":48}},"1":{"start":{"line":10,"column":52},"end":{"line":47,"column":1}},"2":{"start":{"line":11,"column":21},"end":{"line":33,"column":3}},"3":{"start":{"line":12,"column":58},"end":{"line":12,"column":63}},"4":{"start":{"line":13,"column":4},"end":{"line":24,"column":5}},"5":{"start":{"line":14,"column":6},"end":{"line":23,"column":8}},"6":{"start":{"line":25,"column":4},"end":{"line":31,"column":5}},"7":{"start":{"line":26,"column":6},"end":{"line":30,"column":8}},"8":{"start":{"line":32,"column":4},"end":{"line":32,"column":16}},"9":{"start":{"line":35,"column":2},"end":{"line":46,"column":4}}},"fnMap":{"0":{"name":"(anonymous_0)","decl":{"start":{"line":10,"column":52},"end":{"line":10,"column":53}},"loc":{"start":{"line":10,"column":63},"end":{"line":47,"column":1}},"line":10},"1":{"name":"(anonymous_1)","decl":{"start":{"line":11,"column":21},"end":{"line":11,"column":22}},"loc":{"start":{"line":11,"column":27},"end":{"line":33,"column":3}},"line":11}},"branchMap":{"0":{"loc":{"start":{"line":13,"column":4},"end":{"line":24,"column":5}},"type":"if","locations":[{"start":{"line":13,"column":4},"end":{"line":24,"column":5}},{"start":{"line":13,"column":4},"end":{"line":24,"column":5}}],"line":13},"1":{"loc":{"start":{"line":25,"column":4},"end":{"line":31,"column":5}},"type":"if","locations":[{"start":{"line":25,"column":4},"end":{"line":31,"column":5}},{"start":{"line":25,"column":4},"end":{"line":31,"column":5}}],"line":25},"2":{"loc":{"start":{"line":44,"column":7},"end":{"line":44,"column":35}},"type":"binary-expr","locations":[{"start":{"line":44,"column":7},"end":{"line":44,"column":21}},{"start":{"line":44,"column":25},"end":{"line":44,"column":35}}],"line":44}},"s":{"0":0,"1":0,"2":0,"3":0,"4":0,"5":0,"6":0,"7":0,"8":0,"9":0},"f":{"0":0,"1":0},"b":{"0":[0,0],"1":[0,0],"2":[0,0]}}
,"/Users/rancui/Desktop/rc-ui-lib/packages/rc-ui-lib/src/action-bar/PropsType.ts": {"path":"/Users/rancui/Desktop/rc-ui-lib/packages/rc-ui-lib/src/action-bar/PropsType.ts","statementMap":{},"fnMap":{},"branchMap":{},"s":{},"f":{},"b":{}}
,"/Users/rancui/Desktop/rc-ui-lib/packages/rc-ui-lib/src/action-bar/index.tsx": {"path":"/Users/rancui/Desktop/rc-ui-lib/packages/rc-ui-lib/src/action-bar/index.tsx","statementMap":{"0":{"start":{"line":5,"column":27},"end":{"line":8,"column":2}}},"fnMap":{},"branchMap":{},"s":{"0":0},"f":{},"b":{}}
,"/Users/rancui/Desktop/rc-ui-lib/packages/rc-ui-lib/src/action-bar/demo/index.tsx": {"path":"/Users/rancui/Desktop/rc-ui-lib/packages/rc-ui-lib/src/action-bar/demo/index.tsx","statementMap":{"0":{"start":{"line":8,"column":37},"end":{"line":8,"column":47}},"1":{"start":{"line":9,"column":2},"end":{"line":113,"column":4}},"2":{"start":{"line":13,"column":65},"end":{"line":13,"column":90}},"3":{"start":{"line":14,"column":66},"end":{"line":14,"column":91}},"4":{"start":{"line":15,"column":65},"end":{"line":15,"column":90}},"5":{"start":{"line":19,"column":27},"end":{"line":19,"column":54}},"6":{"start":{"line":29,"column":27},"end":{"line":29,"column":52}},"7":{"start":{"line":35,"column":27},"end":{"line":35,"column":52}},"8":{"start":{"line":41,"column":27},"end":{"line":41,"column":52}},"9":{"start":{"line":46,"column":27},"end":{"line":46,"column":62}},"10":{"start":{"line":51,"column":27},"end":{"line":51,"column":58}},"11":{"start":{"line":61,"column":27},"end":{"line":61,"column":52}},"12":{"start":{"line":66,"column":27},"end":{"line":66,"column":52}},"13":{"start":{"line":72,"column":27},"end":{"line":72,"column":52}},"14":{"start":{"line":77,"column":27},"end":{"line":77,"column":62}},"15":{"start":{"line":82,"column":27},"end":{"line":82,"column":58}},"16":{"start":{"line":91,"column":27},"end":{"line":91,"column":52}},"17":{"start":{"line":96,"column":27},"end":{"line":96,"column":52}},"18":{"start":{"line":102,"column":27},"end":{"line":102,"column":62}},"19":{"start":{"line":108,"column":27},"end":{"line":108,"column":58}}},"fnMap":{"0":{"name":"(anonymous_0)","decl":{"start":{"line":7,"column":15},"end":{"line":7,"column":16}},"loc":{"start":{"line":7,"column":38},"end":{"line":114,"column":1}},"line":7},"1":{"name":"(anonymous_1)","decl":{"start":{"line":13,"column":59},"end":{"line":13,"column":60}},"loc":{"start":{"line":13,"column":65},"end":{"line":13,"column":90}},"line":13},"2":{"name":"(anonymous_2)","decl":{"start":{"line":14,"column":60},"end":{"line":14,"column":61}},"loc":{"start":{"line":14,"column":66},"end":{"line":14,"column":91}},"line":14},"3":{"name":"(anonymous_3)","decl":{"start":{"line":15,"column":59},"end":{"line":15,"column":60}},"loc":{"start":{"line":15,"column":65},"end":{"line":15,"column":90}},"line":15},"4":{"name":"(anonymous_4)","decl":{"start":{"line":19,"column":21},"end":{"line":19,"column":22}},"loc":{"start":{"line":19,"column":27},"end":{"line":19,"column":54}},"line":19},"5":{"name":"(anonymous_5)","decl":{"start":{"line":29,"column":21},"end":{"line":29,"column":22}},"loc":{"start":{"line":29,"column":27},"end":{"line":29,"column":52}},"line":29},"6":{"name":"(anonymous_6)","decl":{"start":{"line":35,"column":21},"end":{"line":35,"column":22}},"loc":{"start":{"line":35,"column":27},"end":{"line":35,"column":52}},"line":35},"7":{"name":"(anonymous_7)","decl":{"start":{"line":41,"column":21},"end":{"line":41,"column":22}},"loc":{"start":{"line":41,"column":27},"end":{"line":41,"column":52}},"line":41},"8":{"name":"(anonymous_8)","decl":{"start":{"line":46,"column":21},"end":{"line":46,"column":22}},"loc":{"start":{"line":46,"column":27},"end":{"line":46,"column":62}},"line":46},"9":{"name":"(anonymous_9)","decl":{"start":{"line":51,"column":21},"end":{"line":51,"column":22}},"loc":{"start":{"line":51,"column":27},"end":{"line":51,"column":58}},"line":51},"10":{"name":"(anonymous_10)","decl":{"start":{"line":61,"column":21},"end":{"line":61,"column":22}},"loc":{"start":{"line":61,"column":27},"end":{"line":61,"column":52}},"line":61},"11":{"name":"(anonymous_11)","decl":{"start":{"line":66,"column":21},"end":{"line":66,"column":22}},"loc":{"start":{"line":66,"column":27},"end":{"line":66,"column":52}},"line":66},"12":{"name":"(anonymous_12)","decl":{"start":{"line":72,"column":21},"end":{"line":72,"column":22}},"loc":{"start":{"line":72,"column":27},"end":{"line":72,"column":52}},"line":72},"13":{"name":"(anonymous_13)","decl":{"start":{"line":77,"column":21},"end":{"line":77,"column":22}},"loc":{"start":{"line":77,"column":27},"end":{"line":77,"column":62}},"line":77},"14":{"name":"(anonymous_14)","decl":{"start":{"line":82,"column":21},"end":{"line":82,"column":22}},"loc":{"start":{"line":82,"column":27},"end":{"line":82,"column":58}},"line":82},"15":{"name":"(anonymous_15)","decl":{"start":{"line":91,"column":21},"end":{"line":91,"column":22}},"loc":{"start":{"line":91,"column":27},"end":{"line":91,"column":52}},"line":91},"16":{"name":"(anonymous_16)","decl":{"start":{"line":96,"column":21},"end":{"line":96,"column":22}},"loc":{"start":{"line":96,"column":27},"end":{"line":96,"column":52}},"line":96},"17":{"name":"(anonymous_17)","decl":{"start":{"line":102,"column":21},"end":{"line":102,"column":22}},"loc":{"start":{"line":102,"column":27},"end":{"line":102,"column":62}},"line":102},"18":{"name":"(anonymous_18)","decl":{"start":{"line":108,"column":21},"end":{"line":108,"column":22}},"loc":{"start":{"line":108,"column":27},"end":{"line":108,"column":58}},"line":108}},"branchMap":{},"s":{"0":0,"1":0,"2":0,"3":0,"4":0,"5":0,"6":0,"7":0,"8":0,"9":0,"10":0,"11":0,"12":0,"13":0,"14":0,"15":0,"16":0,"17":0,"18":0,"19":0},"f":{"0":0,"1":0,"2":0,"3":0,"4":0,"5":0,"6":0,"7":0,"8":0,"9":0,"10":0,"11":0,"12":0,"13":0,"14":0,"15":0,"16":0,"17":0,"18":0},"b":{}}
,"/Users/rancui/Desktop/rc-ui-lib/packages/rc-ui-lib/src/action-sheet/ActionSheet.tsx": {"path":"/Users/rancui/Desktop/rc-ui-lib/packages/rc-ui-lib/src/action-sheet/ActionSheet.tsx","statementMap":{"0":{"start":{"line":10,"column":14},"end":{"line":10,"column":45}},"1":{"start":{"line":12,"column":48},"end":{"line":130,"column":1}},"2":{"start":{"line":13,"column":19},"end":{"line":16,"column":3}},"3":{"start":{"line":14,"column":4},"end":{"line":14,"column":22}},"4":{"start":{"line":15,"column":4},"end":{"line":15,"column":23}},"5":{"start":{"line":18,"column":23},"end":{"line":33,"column":3}},"6":{"start":{"line":19,"column":4},"end":{"line":19,"column":34}},"7":{"start":{"line":19,"column":22},"end":{"line":19,"column":34}},"8":{"start":{"line":20,"column":4},"end":{"line":32,"column":6}},"9":{"start":{"line":35,"column":23},"end":{"line":48,"column":3}},"10":{"start":{"line":36,"column":4},"end":{"line":36,"column":39}},"11":{"start":{"line":36,"column":27},"end":{"line":36,"column":39}},"12":{"start":{"line":37,"column":4},"end":{"line":47,"column":6}},"13":{"start":{"line":50,"column":23},"end":{"line":96,"column":3}},"14":{"start":{"line":51,"column":84},"end":{"line":51,"column":88}},"15":{"start":{"line":53,"column":20},"end":{"line":66,"column":5}},"16":{"start":{"line":68,"column":20},"end":{"line":83,"column":5}},"17":{"start":{"line":69,"column":6},"end":{"line":71,"column":7}},"18":{"start":{"line":70,"column":8},"end":{"line":70,"column":15}},"19":{"start":{"line":73,"column":6},"end":{"line":75,"column":7}},"20":{"start":{"line":74,"column":8},"end":{"line":74,"column":23}},"21":{"start":{"line":77,"column":6},"end":{"line":79,"column":7}},"22":{"start":{"line":78,"column":8},"end":{"line":78,"column":19}},"23":{"start":{"line":80,"column":6},"end":{"line":82,"column":12}},"24":{"start":{"line":81,"column":8},"end":{"line":81,"column":38}},"25":{"start":{"line":85,"column":4},"end":{"line":95,"column":6}},"26":{"start":{"line":98,"column":28},"end":{"line":103,"column":3}},"27":{"start":{"line":99,"column":4},"end":{"line":101,"column":5}},"28":{"start":{"line":100,"column":6},"end":{"line":100,"column":87}},"29":{"start":{"line":102,"column":4},"end":{"line":102,"column":16}},"30":{"start":{"line":105,"column":24},"end":{"line":110,"column":3}},"31":{"start":{"line":106,"column":4},"end":{"line":108,"column":5}},"32":{"start":{"line":107,"column":6},"end":{"line":107,"column":45}},"33":{"start":{"line":109,"column":4},"end":{"line":109,"column":16}},"34":{"start":{"line":112,"column":2},"end":{"line":129,"column":4}},"35":{"start":{"line":132,"column":0},"end":{"line":140,"column":2}}},"fnMap":{"0":{"name":"(anonymous_0)","decl":{"start":{"line":12,"column":48},"end":{"line":12,"column":49}},"loc":{"start":{"line":12,"column":59},"end":{"line":130,"column":1}},"line":12},"1":{"name":"(anonymous_1)","decl":{"start":{"line":13,"column":19},"end":{"line":13,"column":20}},"loc":{"start":{"line":13,"column":25},"end":{"line":16,"column":3}},"line":13},"2":{"name":"(anonymous_2)","decl":{"start":{"line":18,"column":23},"end":{"line":18,"column":24}},"loc":{"start":{"line":18,"column":29},"end":{"line":33,"column":3}},"line":18},"3":{"name":"(anonymous_3)","decl":{"start":{"line":35,"column":23},"end":{"line":35,"column":24}},"loc":{"start":{"line":35,"column":29},"end":{"line":48,"column":3}},"line":35},"4":{"name":"(anonymous_4)","decl":{"start":{"line":50,"column":23},"end":{"line":50,"column":24}},"loc":{"start":{"line":50,"column":67},"end":{"line":96,"column":3}},"line":50},"5":{"name":"(anonymous_5)","decl":{"start":{"line":68,"column":20},"end":{"line":68,"column":21}},"loc":{"start":{"line":68,"column":26},"end":{"line":83,"column":5}},"line":68},"6":{"name":"(anonymous_6)","decl":{"start":{"line":80,"column":17},"end":{"line":80,"column":18}},"loc":{"start":{"line":80,"column":23},"end":{"line":82,"column":7}},"line":80},"7":{"name":"(anonymous_7)","decl":{"start":{"line":98,"column":28},"end":{"line":98,"column":29}},"loc":{"start":{"line":98,"column":34},"end":{"line":103,"column":3}},"line":98},"8":{"name":"(anonymous_8)","decl":{"start":{"line":105,"column":24},"end":{"line":105,"column":25}},"loc":{"start":{"line":105,"column":30},"end":{"line":110,"column":3}},"line":105}},"branchMap":{"0":{"loc":{"start":{"line":19,"column":4},"end":{"line":19,"column":34}},"type":"if","locations":[{"start":{"line":19,"column":4},"end":{"line":19,"column":34}},{"start":{"line":19,"column":4},"end":{"line":19,"column":34}}],"line":19},"1":{"loc":{"start":{"line":23,"column":9},"end":{"line":30,"column":12}},"type":"binary-expr","locations":[{"start":{"line":23,"column":9},"end":{"line":23,"column":24}},{"start":{"line":24,"column":11},"end":{"line":30,"column":11}}],"line":23},"2":{"loc":{"start":{"line":24,"column":11},"end":{"line":30,"column":11}},"type":"cond-expr","locations":[{"start":{"line":25,"column":12},"end":{"line":25,"column":99}},{"start":{"line":27,"column":12},"end":{"line":29,"column":18}}],"line":24},"3":{"loc":{"start":{"line":36,"column":4},"end":{"line":36,"column":39}},"type":"if","locations":[{"start":{"line":36,"column":4},"end":{"line":36,"column":39}},{"start":{"line":36,"column":4},"end":{"line":36,"column":39}}],"line":36},"4":{"loc":{"start":{"line":53,"column":20},"end":{"line":66,"column":5}},"type":"cond-expr","locations":[{"start":{"line":54,"column":6},"end":{"line":54,"column":61}},{"start":{"line":56,"column":6},"end":{"line":65,"column":7}}],"line":53},"5":{"loc":{"start":{"line":60,"column":8},"end":{"line":64,"column":9}},"type":"binary-expr","locations":[{"start":{"line":60,"column":8},"end":{"line":60,"column":15}},{"start":{"line":61,"column":10},"end":{"line":63,"column":16}}],"line":60},"6":{"loc":{"start":{"line":69,"column":6},"end":{"line":71,"column":7}},"type":"if","locations":[{"start":{"line":69,"column":6},"end":{"line":71,"column":7}},{"start":{"line":69,"column":6},"end":{"line":71,"column":7}}],"line":69},"7":{"loc":{"start":{"line":69,"column":10},"end":{"line":69,"column":29}},"type":"binary-expr","locations":[{"start":{"line":69,"column":10},"end":{"line":69,"column":18}},{"start":{"line":69,"column":22},"end":{"line":69,"column":29}}],"line":69},"8":{"loc":{"start":{"line":73,"column":6},"end":{"line":75,"column":7}},"type":"if","locations":[{"start":{"line":73,"column":6},"end":{"line":75,"column":7}},{"start":{"line":73,"column":6},"end":{"line":75,"column":7}}],"line":73},"9":{"loc":{"start":{"line":77,"column":6},"end":{"line":79,"column":7}},"type":"if","locations":[{"start":{"line":77,"column":6},"end":{"line":79,"column":7}},{"start":{"line":77,"column":6},"end":{"line":79,"column":7}}],"line":77},"10":{"loc":{"start":{"line":99,"column":4},"end":{"line":101,"column":5}},"type":"if","locations":[{"start":{"line":99,"column":4},"end":{"line":101,"column":5}},{"start":{"line":99,"column":4},"end":{"line":101,"column":5}}],"line":99},"11":{"loc":{"start":{"line":106,"column":4},"end":{"line":108,"column":5}},"type":"if","locations":[{"start":{"line":106,"column":4},"end":{"line":108,"column":5}},{"start":{"line":106,"column":4},"end":{"line":108,"column":5}}],"line":106}},"s":{"0":0,"1":0,"2":0,"3":0,"4":0,"5":0,"6":0,"7":0,"8":0,"9":0,"10":0,"11":0,"12":0,"13":0,"14":0,"15":0,"16":0,"17":0,"18":0,"19":0,"20":0,"21":0,"22":0,"23":0,"24":0,"25":0,"26":0,"27":0,"28":0,"29":0,"30":0,"31":0,"32":0,"33":0,"34":0,"35":0},"f":{"0":0,"1":0,"2":0,"3":0,"4":0,"5":0,"6":0,"7":0,"8":0},"b":{"0":[0,0],"1":[0,0],"2":[0,0],"3":[0,0],"4":[0,0],"5":[0,0],"6":[0,0],"7":[0,0],"8":[0,0],"9":[0,0],"10":[0,0],"11":[0,0]}}
,"/Users/rancui/Desktop/rc-ui-lib/packages/rc-ui-lib/src/action-sheet/PropsType.ts": {"path":"/Users/rancui/Desktop/rc-ui-lib/packages/rc-ui-lib/src/action-sheet/PropsType.ts","statementMap":{},"fnMap":{},"branchMap":{},"s":{},"f":{},"b":{}}
,"/Users/rancui/Desktop/rc-ui-lib/packages/rc-ui-lib/src/action-sheet/index.tsx": {"path":"/Users/rancui/Desktop/rc-ui-lib/packages/rc-ui-lib/src/action-sheet/index.tsx","statementMap":{},"fnMap":{},"branchMap":{},"s":{},"f":{},"b":{}}
,"/Users/rancui/Desktop/rc-ui-lib/packages/rc-ui-lib/src/action-sheet/demo/index.tsx": {"path":"/Users/rancui/Desktop/rc-ui-lib/packages/rc-ui-lib/src/action-sheet/demo/index.tsx","statementMap":{"0":{"start":{"line":7,"column":16},"end":{"line":7,"column":67}},"1":{"start":{"line":8,"column":17},"end":{"line":8,"column":85}},"2":{"start":{"line":9,"column":17},"end":{"line":13,"column":1}},"3":{"start":{"line":16,"column":37},"end":{"line":16,"column":47}},"4":{"start":{"line":17,"column":32},"end":{"line":17,"column":44}},"5":{"start":{"line":18,"column":19},"end":{"line":18,"column":39}},"6":{"start":{"line":18,"column":25},"end":{"line":18,"column":39}},"7":{"start":{"line":19,"column":2},"end":{"line":65,"column":4}},"8":{"start":{"line":22,"column":49},"end":{"line":22,"column":62}},"9":{"start":{"line":23,"column":51},"end":{"line":23,"column":64}},"10":{"start":{"line":24,"column":51},"end":{"line":24,"column":64}},"11":{"start":{"line":28,"column":49},"end":{"line":28,"column":62}},"12":{"start":{"line":32,"column":50},"end":{"line":32,"column":63}}},"fnMap":{"0":{"name":"(anonymous_0)","decl":{"start":{"line":15,"column":15},"end":{"line":15,"column":16}},"loc":{"start":{"line":15,"column":38},"end":{"line":66,"column":1}},"line":15},"1":{"name":"(anonymous_1)","decl":{"start":{"line":18,"column":19},"end":{"line":18,"column":20}},"loc":{"start":{"line":18,"column":25},"end":{"line":18,"column":39}},"line":18},"2":{"name":"(anonymous_2)","decl":{"start":{"line":22,"column":43},"end":{"line":22,"column":44}},"loc":{"start":{"line":22,"column":49},"end":{"line":22,"column":62}},"line":22},"3":{"name":"(anonymous_3)","decl":{"start":{"line":23,"column":45},"end":{"line":23,"column":46}},"loc":{"start":{"line":23,"column":51},"end":{"line":23,"column":64}},"line":23},"4":{"name":"(anonymous_4)","decl":{"start":{"line":24,"column":45},"end":{"line":24,"column":46}},"loc":{"start":{"line":24,"column":51},"end":{"line":24,"column":64}},"line":24},"5":{"name":"(anonymous_5)","decl":{"start":{"line":28,"column":43},"end":{"line":28,"column":44}},"loc":{"start":{"line":28,"column":49},"end":{"line":28,"column":62}},"line":28},"6":{"name":"(anonymous_6)","decl":{"start":{"line":32,"column":44},"end":{"line":32,"column":45}},"loc":{"start":{"line":32,"column":50},"end":{"line":32,"column":63}},"line":32}},"branchMap":{},"s":{"0":0,"1":0,"2":0,"3":0,"4":0,"5":0,"6":0,"7":0,"8":0,"9":0,"10":0,"11":0,"12":0},"f":{"0":0,"1":0,"2":0,"3":0,"4":0,"5":0,"6":0},"b":{}}
,"/Users/rancui/Desktop/rc-ui-lib/packages/rc-ui-lib/src/badge/Badge.tsx": {"path":"/Users/rancui/Desktop/rc-ui-lib/packages/rc-ui-lib/src/badge/Badge.tsx","statementMap":{"0":{"start":{"line":7,"column":14},"end":{"line":7,"column":38}},"1":{"start":{"line":9,"column":36},"end":{"line":83,"column":1}},"2":{"start":{"line":10,"column":47},"end":{"line":10,"column":52}},"3":{"start":{"line":12,"column":21},"end":{"line":17,"column":3}},"4":{"start":{"line":13,"column":4},"end":{"line":15,"column":5}},"5":{"start":{"line":14,"column":6},"end":{"line":14,"column":18}},"6":{"start":{"line":16,"column":4},"end":{"line":16,"column":76}},"7":{"start":{"line":19,"column":24},"end":{"line":28,"column":3}},"8":{"start":{"line":20,"column":4},"end":{"line":26,"column":5}},"9":{"start":{"line":21,"column":6},"end":{"line":23,"column":7}},"10":{"start":{"line":22,"column":8},"end":{"line":22,"column":25}},"11":{"start":{"line":25,"column":6},"end":{"line":25,"column":21}},"12":{"start":{"line":27,"column":4},"end":{"line":27,"column":16}},"13":{"start":{"line":30,"column":22},"end":{"line":66,"column":3}},"14":{"start":{"line":31,"column":4},"end":{"line":64,"column":5}},"15":{"start":{"line":32,"column":33},"end":{"line":34,"column":7}},"16":{"start":{"line":36,"column":6},"end":{"line":46,"column":7}},"17":{"start":{"line":37,"column":23},"end":{"line":37,"column":35}},"18":{"start":{"line":39,"column":8},"end":{"line":45,"column":9}},"19":{"start":{"line":40,"column":10},"end":{"line":40,"column":33}},"20":{"start":{"line":41,"column":10},"end":{"line":41,"column":41}},"21":{"start":{"line":43,"column":10},"end":{"line":43,"column":39}},"22":{"start":{"line":44,"column":10},"end":{"line":44,"column":40}},"23":{"start":{"line":48,"column":6},"end":{"line":50,"column":7}},"24":{"start":{"line":49,"column":8},"end":{"line":49,"column":45}},"25":{"start":{"line":51,"column":6},"end":{"line":63,"column":8}},"26":{"start":{"line":65,"column":4},"end":{"line":65,"column":16}},"27":{"start":{"line":68,"column":2},"end":{"line":80,"column":3}},"28":{"start":{"line":69,"column":4},"end":{"line":79,"column":6}},"29":{"start":{"line":82,"column":2},"end":{"line":82,"column":23}},"30":{"start":{"line":85,"column":0},"end":{"line":88,"column":2}}},"fnMap":{"0":{"name":"(anonymous_0)","decl":{"start":{"line":9,"column":36},"end":{"line":9,"column":37}},"loc":{"start":{"line":9,"column":47},"end":{"line":83,"column":1}},"line":9},"1":{"name":"(anonymous_1)","decl":{"start":{"line":12,"column":21},"end":{"line":12,"column":22}},"loc":{"start":{"line":12,"column":27},"end":{"line":17,"column":3}},"line":12},"2":{"name":"(anonymous_2)","decl":{"start":{"line":19,"column":24},"end":{"line":19,"column":25}},"loc":{"start":{"line":19,"column":30},"end":{"line":28,"column":3}},"line":19},"3":{"name":"(anonymous_3)","decl":{"start":{"line":30,"column":22},"end":{"line":30,"column":23}},"loc":{"start":{"line":30,"column":28},"end":{"line":66,"column":3}},"line":30}},"branchMap":{"0":{"loc":{"start":{"line":13,"column":4},"end":{"line":15,"column":5}},"type":"if","locations":[{"start":{"line":13,"column":4},"end":{"line":15,"column":5}},{"start":{"line":13,"column":4},"end":{"line":15,"column":5}}],"line":13},"1":{"loc":{"start":{"line":16,"column":11},"end":{"line":16,"column":75}},"type":"binary-expr","locations":[{"start":{"line":16,"column":11},"end":{"line":16,"column":25}},{"start":{"line":16,"column":29},"end":{"line":16,"column":43}},{"start":{"line":16,"column":48},"end":{"line":16,"column":56}},{"start":{"line":16,"column":60},"end":{"line":16,"column":74}}],"line":16},"2":{"loc":{"start":{"line":20,"column":4},"end":{"line":26,"column":5}},"type":"if","locations":[{"start":{"line":20,"column":4},"end":{"line":26,"column":5}},{"start":{"line":20,"column":4},"end":{"line":26,"column":5}}],"line":20},"3":{"loc":{"start":{"line":20,"column":8},"end":{"line":20,"column":28}},"type":"binary-expr","locations":[{"start":{"line":20,"column":8},"end":{"line":20,"column":12}},{"start":{"line":20,"column":16},"end":{"line":20,"column":28}}],"line":20},"4":{"loc":{"start":{"line":21,"column":6},"end":{"line":23,"column":7}},"type":"if","locations":[{"start":{"line":21,"column":6},"end":{"line":23,"column":7}},{"start":{"line":21,"column":6},"end":{"line":23,"column":7}}],"line":21},"5":{"loc":{"start":{"line":21,"column":10},"end":{"line":21,"column":72}},"type":"binary-expr","locations":[{"start":{"line":21,"column":10},"end":{"line":21,"column":20}},{"start":{"line":21,"column":24},"end":{"line":21,"column":54}},{"start":{"line":21,"column":58},"end":{"line":21,"column":72}}],"line":21},"6":{"loc":{"start":{"line":31,"column":4},"end":{"line":64,"column":5}},"type":"if","locations":[{"start":{"line":31,"column":4},"end":{"line":64,"column":5}},{"start":{"line":31,"column":4},"end":{"line":64,"column":5}}],"line":31},"7":{"loc":{"start":{"line":31,"column":8},"end":{"line":31,"column":33}},"type":"binary-expr","locations":[{"start":{"line":31,"column":8},"end":{"line":31,"column":20}},{"start":{"line":31,"column":24},"end":{"line":31,"column":33}}],"line":31},"8":{"loc":{"start":{"line":36,"column":6},"end":{"line":46,"column":7}},"type":"if","locations":[{"start":{"line":36,"column":6},"end":{"line":46,"column":7}},{"start":{"line":36,"column":6},"end":{"line":46,"column":7}}],"line":36},"9":{"loc":{"start":{"line":39,"column":8},"end":{"line":45,"column":9}},"type":"if","locations":[{"start":{"line":39,"column":8},"end":{"line":45,"column":9}},{"start":{"line":39,"column":8},"end":{"line":45,"column":9}}],"line":39},"10":{"loc":{"start":{"line":48,"column":6},"end":{"line":50,"column":7}},"type":"if","locations":[{"start":{"line":48,"column":6},"end":{"line":50,"column":7}},{"start":{"line":48,"column":6},"end":{"line":50,"column":7}}],"line":48},"11":{"loc":{"start":{"line":55,"column":33},"end":{"line":55,"column":67}},"type":"binary-expr","locations":[{"start":{"line":55,"column":33},"end":{"line":55,"column":48}},{"start":{"line":55,"column":52},"end":{"line":55,"column":67}}],"line":55},"12":{"loc":{"start":{"line":68,"column":2},"end":{"line":80,"column":3}},"type":"if","locations":[{"start":{"line":68,"column":2},"end":{"line":80,"column":3}},{"start":{"line":68,"column":2},"end":{"line":80,"column":3}}],"line":68}},"s":{"0":1,"1":1,"2":2,"3":2,"4":2,"5":0,"6":2,"7":2,"8":0,"9":0,"10":0,"11":0,"12":0,"13":2,"14":2,"15":0,"16":0,"17":0,"18":0,"19":0,"20":0,"21":0,"22":0,"23":0,"24":0,"25":0,"26":2,"27":2,"28":2,"29":0,"30":1},"f":{"0":2,"1":2,"2":0,"3":2},"b":{"0":[0,2],"1":[2,0,0,0],"2":[0,0],"3":[0,0],"4":[0,0],"5":[0,0,0],"6":[0,2],"7":[2,2],"8":[0,0],"9":[0,0],"10":[0,0],"11":[0,0],"12":[2,0]},"_coverageSchema":"1a1c01bbd47fc00a2c39e90264f33305004495a9","hash":"191c8f04eeaa2bfc55c5eda3b91430ddca9b4089"}
,"/Users/rancui/Desktop/rc-ui-lib/packages/rc-ui-lib/src/badge/PropsType.ts": {"path":"/Users/rancui/Desktop/rc-ui-lib/packages/rc-ui-lib/src/badge/PropsType.ts","statementMap":{},"fnMap":{},"branchMap":{},"s":{},"f":{},"b":{}}
,"/Users/rancui/Desktop/rc-ui-lib/packages/rc-ui-lib/src/badge/index.tsx": {"path":"/Users/rancui/Desktop/rc-ui-lib/packages/rc-ui-lib/src/badge/index.tsx","statementMap":{},"fnMap":{},"branchMap":{},"s":{},"f":{},"b":{},"_coverageSchema":"1a1c01bbd47fc00a2c39e90264f33305004495a9","hash":"7751b4422342370845e520dea0b23371d64051ea"}
,"/Users/rancui/Desktop/rc-ui-lib/packages/rc-ui-lib/src/badge/demo/index.tsx": {"path":"/Users/rancui/Desktop/rc-ui-lib/packages/rc-ui-lib/src/badge/demo/index.tsx","statementMap":{"0":{"start":{"line":7,"column":37},"end":{"line":7,"column":47}},"1":{"start":{"line":8,"column":2},"end":{"line":62,"column":4}}},"fnMap":{"0":{"name":"(anonymous_0)","decl":{"start":{"line":6,"column":15},"end":{"line":6,"column":16}},"loc":{"start":{"line":6,"column":38},"end":{"line":63,"column":1}},"line":6}},"branchMap":{},"s":{"0":0,"1":0},"f":{"0":0},"b":{}}
,"/Users/rancui/Desktop/rc-ui-lib/packages/rc-ui-lib/src/button/Button.tsx": {"path":"/Users/rancui/Desktop/rc-ui-lib/packages/rc-ui-lib/src/button/Button.tsx","statementMap":{"0":{"start":{"line":9,"column":14},"end":{"line":9,"column":39}},"1":{"start":{"line":11,"column":38},"end":{"line":140,"column":1}},"2":{"start":{"line":24,"column":6},"end":{"line":24,"column":11}},"3":{"start":{"line":26,"column":18},"end":{"line":44,"column":3}},"4":{"start":{"line":46,"column":49},"end":{"line":46,"column":67}},"5":{"start":{"line":48,"column":2},"end":{"line":62,"column":3}},"6":{"start":{"line":49,"column":4},"end":{"line":49,"column":40}},"7":{"start":{"line":51,"column":4},"end":{"line":54,"column":5}},"8":{"start":{"line":53,"column":6},"end":{"line":53,"column":31}},"9":{"start":{"line":57,"column":4},"end":{"line":61,"column":5}},"10":{"start":{"line":58,"column":6},"end":{"line":58,"column":23}},"11":{"start":{"line":60,"column":6},"end":{"line":60,"column":32}},"12":{"start":{"line":65,"column":4},"end":{"line":67,"column":5}},"13":{"start":{"line":66,"column":6},"end":{"line":66,"column":27}},"14":{"start":{"line":70,"column":28},"end":{"line":83,"column":3}},"15":{"start":{"line":71,"column":4},"end":{"line":81,"column":5}},"16":{"start":{"line":72,"column":52},"end":{"line":72,"column":57}},"17":{"start":{"line":73,"column":6},"end":{"line":80,"column":8}},"18":{"start":{"line":82,"column":4},"end":{"line":82,"column":16}},"19":{"start":{"line":85,"column":21},"end":{"line":101,"column":3}},"20":{"start":{"line":86,"column":4},"end":{"line":88,"column":5}},"21":{"start":{"line":87,"column":6},"end":{"line":87,"column":33}},"22":{"start":{"line":92,"column":4},"end":{"line":94,"column":5}},"23":{"start":{"line":93,"column":6},"end":{"line":93,"column":101}},"24":{"start":{"line":96,"column":4},"end":{"line":98,"column":5}},"25":{"start":{"line":97,"column":6},"end":{"line":97,"column":24}},"26":{"start":{"line":100,"column":4},"end":{"line":100,"column":16}},"27":{"start":{"line":103,"column":21},"end":{"line":119,"column":3}},"28":{"start":{"line":105,"column":4},"end":{"line":109,"column":5}},"29":{"start":{"line":106,"column":6},"end":{"line":106,"column":25}},"30":{"start":{"line":108,"column":6},"end":{"line":108,"column":42}},"31":{"start":{"line":111,"column":4},"end":{"line":117,"column":5}},"32":{"start":{"line":112,"column":6},"end":{"line":116,"column":8}},"33":{"start":{"line":118,"column":4},"end":{"line":118,"column":16}},"34":{"start":{"line":121,"column":24},"end":{"line":127,"column":3}},"35":{"start":{"line":122,"column":4},"end":{"line":126,"column":10}},"36":{"start":{"line":129,"column":2},"end":{"line":139,"column":4}},"37":{"start":{"line":142,"column":0},"end":{"line":147,"column":2}}},"fnMap":{"0":{"name":"(anonymous_0)","decl":{"start":{"line":11,"column":38},"end":{"line":11,"column":39}},"loc":{"start":{"line":11,"column":49},"end":{"line":140,"column":1}},"line":11},"1":{"name":"onClick","decl":{"start":{"line":64,"column":11},"end":{"line":64,"column":18}},"loc":{"start":{"line":64,"column":26},"end":{"line":68,"column":3}},"line":64},"2":{"name":"(anonymous_2)","decl":{"start":{"line":70,"column":28},"end":{"line":70,"column":29}},"loc":{"start":{"line":70,"column":34},"end":{"line":83,"column":3}},"line":70},"3":{"name":"(anonymous_3)","decl":{"start":{"line":85,"column":21},"end":{"line":85,"column":22}},"loc":{"start":{"line":85,"column":27},"end":{"line":101,"column":3}},"line":85},"4":{"name":"(anonymous_4)","decl":{"start":{"line":103,"column":21},"end":{"line":103,"column":22}},"loc":{"start":{"line":103,"column":27},"end":{"line":119,"column":3}},"line":103},"5":{"name":"(anonymous_5)","decl":{"start":{"line":121,"column":24},"end":{"line":121,"column":25}},"loc":{"start":{"line":122,"column":4},"end":{"line":126,"column":10}},"line":122}},"branchMap":{"0":{"loc":{"start":{"line":48,"column":2},"end":{"line":62,"column":3}},"type":"if","locations":[{"start":{"line":48,"column":2},"end":{"line":62,"column":3}},{"start":{"line":48,"column":2},"end":{"line":62,"column":3}}],"line":48},"1":{"loc":{"start":{"line":49,"column":18},"end":{"line":49,"column":39}},"type":"cond-expr","locations":[{"start":{"line":49,"column":26},"end":{"line":49,"column":31}},{"start":{"line":49,"column":34},"end":{"line":49,"column":39}}],"line":49},"2":{"loc":{"start":{"line":51,"column":4},"end":{"line":54,"column":5}},"type":"if","locations":[{"start":{"line":51,"column":4},"end":{"line":54,"column":5}},{"start":{"line":51,"column":4},"end":{"line":54,"column":5}}],"line":51},"3":{"loc":{"start":{"line":57,"column":4},"end":{"line":61,"column":5}},"type":"if","locations":[{"start":{"line":57,"column":4},"end":{"line":61,"column":5}},{"start":{"line":57,"column":4},"end":{"line":61,"column":5}}],"line":57},"4":{"loc":{"start":{"line":65,"column":4},"end":{"line":67,"column":5}},"type":"if","locations":[{"start":{"line":65,"column":4},"end":{"line":67,"column":5}},{"start":{"line":65,"column":4},"end":{"line":67,"column":5}}],"line":65},"5":{"loc":{"start":{"line":65,"column":8},"end":{"line":65,"column":46}},"type":"binary-expr","locations":[{"start":{"line":65,"column":8},"end":{"line":65,"column":16}},{"start":{"line":65,"column":20},"end":{"line":65,"column":29}},{"start":{"line":65,"column":33},"end":{"line":65,"column":46}}],"line":65},"6":{"loc":{"start":{"line":71,"column":4},"end":{"line":81,"column":5}},"type":"if","locations":[{"start":{"line":71,"column":4},"end":{"line":81,"column":5}},{"start":{"line":71,"column":4},"end":{"line":81,"column":5}}],"line":71},"7":{"loc":{"start":{"line":72,"column":14},"end":{"line":72,"column":34}},"type":"default-arg","locations":[{"start":{"line":72,"column":28},"end":{"line":72,"column":34}}],"line":72},"8":{"loc":{"start":{"line":78,"column":17},"end":{"line":78,"column":52}},"type":"cond-expr","locations":[{"start":{"line":78,"column":38},"end":{"line":78,"column":47}},{"start":{"line":78,"column":50},"end":{"line":78,"column":52}}],"line":78},"9":{"loc":{"start":{"line":86,"column":4},"end":{"line":88,"column":5}},"type":"if","locations":[{"start":{"line":86,"column":4},"end":{"line":88,"column":5}},{"start":{"line":86,"column":4},"end":{"line":88,"column":5}}],"line":86},"10":{"loc":{"start":{"line":92,"column":4},"end":{"line":94,"column":5}},"type":"if","locations":[{"start":{"line":92,"column":4},"end":{"line":94,"column":5}},{"start":{"line":92,"column":4},"end":{"line":94,"column":5}}],"line":92},"11":{"loc":{"start":{"line":96,"column":4},"end":{"line":98,"column":5}},"type":"if","locations":[{"start":{"line":96,"column":4},"end":{"line":98,"column":5}},{"start":{"line":96,"column":4},"end":{"line":98,"column":5}}],"line":96},"12":{"loc":{"start":{"line":105,"column":4},"end":{"line":109,"column":5}},"type":"if","locations":[{"start":{"line":105,"column":4},"end":{"line":109,"column":5}},{"start":{"line":105,"column":4},"end":{"line":109,"column":5}}],"line":105},"13":{"loc":{"start":{"line":108,"column":13},"end":{"line":108,"column":41}},"type":"binary-expr","locations":[{"start":{"line":108,"column":13},"end":{"line":108,"column":27}},{"start":{"line":108,"column":31},"end":{"line":108,"column":41}}],"line":108},"14":{"loc":{"start":{"line":111,"column":4},"end":{"line":117,"column":5}},"type":"if","locations":[{"start":{"line":111,"column":4},"end":{"line":117,"column":5}},{"start":{"line":111,"column":4},"end":{"line":117,"column":5}}],"line":111},"15":{"loc":{"start":{"line":123,"column":7},"end":{"line":123,"column":46}},"type":"binary-expr","locations":[{"start":{"line":123,"column":7},"end":{"line":123,"column":30}},{"start":{"line":123,"column":34},"end":{"line":123,"column":46}}],"line":123},"16":{"loc":{"start":{"line":125,"column":7},"end":{"line":125,"column":47}},"type":"binary-expr","locations":[{"start":{"line":125,"column":7},"end":{"line":125,"column":31}},{"start":{"line":125,"column":35},"end":{"line":125,"column":47}}],"line":125}},"s":{"0":1,"1":1,"2":7,"3":7,"4":7,"5":7,"6":1,"7":1,"8":1,"9":1,"10":1,"11":0,"12":2,"13":1,"14":7,"15":2,"16":2,"17":2,"18":0,"19":7,"20":7,"21":2,"22":5,"23":2,"24":3,"25":0,"26":3,"27":7,"28":7,"29":2,"30":5,"31":7,"32":2,"33":5,"34":7,"35":7,"36":7,"37":1},"f":{"0":7,"1":2,"2":2,"3":7,"4":7,"5":7},"b":{"0":[1,6],"1":[0,1],"2":[1,0],"3":[1,0],"4":[1,1],"5":[2,1,1],"6":[2,0],"7":[1],"8":[2,0],"9":[2,5],"10":[2,3],"11":[0,3],"12":[2,5],"13":[5,3],"14":[2,5],"15":[7,6],"16":[7,1]},"_coverageSchema":"1a1c01bbd47fc00a2c39e90264f33305004495a9","hash":"9947c5c4998480f8dad168005afb7b7157c3e826"}
,"/Users/rancui/Desktop/rc-ui-lib/packages/rc-ui-lib/src/button/ButtonGroup.tsx": {"path":"/Users/rancui/Desktop/rc-ui-lib/packages/rc-ui-lib/src/button/ButtonGroup.tsx","statementMap":{"0":{"start":{"line":5,"column":14},"end":{"line":5,"column":45}},"1":{"start":{"line":7,"column":46},"end":{"line":11,"column":1}},"2":{"start":{"line":8,"column":2},"end":{"line":10,"column":8}}},"fnMap":{"0":{"name":"(anonymous_0)","decl":{"start":{"line":7,"column":46},"end":{"line":7,"column":47}},"loc":{"start":{"line":8,"column":2},"end":{"line":10,"column":8}},"line":8}},"branchMap":{},"s":{"0":1,"1":1,"2":0},"f":{"0":0},"b":{},"_coverageSchema":"1a1c01bbd47fc00a2c39e90264f33305004495a9","hash":"4451dc10e553a45a182ac9c1cca0c2f07058def0"}
,"/Users/rancui/Desktop/rc-ui-lib/packages/rc-ui-lib/src/button/PropsType.ts": {"path":"/Users/rancui/Desktop/rc-ui-lib/packages/rc-ui-lib/src/button/PropsType.ts","statementMap":{},"fnMap":{},"branchMap":{},"s":{},"f":{},"b":{}}
,"/Users/rancui/Desktop/rc-ui-lib/packages/rc-ui-lib/src/button/index.tsx": {"path":"/Users/rancui/Desktop/rc-ui-lib/packages/rc-ui-lib/src/button/index.tsx","statementMap":{"0":{"start":{"line":4,"column":24},"end":{"line":4,"column":56}}},"fnMap":{},"branchMap":{},"s":{"0":1},"f":{},"b":{},"_coverageSchema":"1a1c01bbd47fc00a2c39e90264f33305004495a9","hash":"8aaacef09a8de818546a5380a390b88cd69f01ee"}
,"/Users/rancui/Desktop/rc-ui-lib/packages/rc-ui-lib/src/button/__test__/demo.test.tsx": {"path":"/Users/rancui/Desktop/rc-ui-lib/packages/rc-ui-lib/src/button/__test__/demo.test.tsx","statementMap":{"0":{"start":{"line":3,"column":0},"end":{"line":3,"column":19}}},"fnMap":{},"branchMap":{},"s":{"0":0},"f":{},"b":{}}
,"/Users/rancui/Desktop/rc-ui-lib/packages/rc-ui-lib/src/button/demo/index.tsx": {"path":"/Users/rancui/Desktop/rc-ui-lib/packages/rc-ui-lib/src/button/demo/index.tsx","statementMap":{"0":{"start":{"line":7,"column":37},"end":{"line":7,"column":47}},"1":{"start":{"line":8,"column":2},"end":{"line":105,"column":4}}},"fnMap":{"0":{"name":"(anonymous_0)","decl":{"start":{"line":6,"column":15},"end":{"line":6,"column":16}},"loc":{"start":{"line":6,"column":38},"end":{"line":106,"column":1}},"line":6}},"branchMap":{},"s":{"0":0,"1":0},"f":{"0":0},"b":{}}
,"/Users/rancui/Desktop/rc-ui-lib/packages/rc-ui-lib/src/cell/Cell.tsx": {"path":"/Users/rancui/Desktop/rc-ui-lib/packages/rc-ui-lib/src/cell/Cell.tsx","statementMap":{"0":{"start":{"line":7,"column":14},"end":{"line":7,"column":37}},"1":{"start":{"line":9,"column":34},"end":{"line":101,"column":1}},"2":{"start":{"line":10,"column":22},"end":{"line":17,"column":3}},"3":{"start":{"line":11,"column":22},"end":{"line":11,"column":40}},"4":{"start":{"line":13,"column":4},"end":{"line":15,"column":5}},"5":{"start":{"line":14,"column":6},"end":{"line":14,"column":93}},"6":{"start":{"line":16,"column":4},"end":{"line":16,"column":16}},"7":{"start":{"line":19,"column":22},"end":{"line":29,"column":3}},"8":{"start":{"line":20,"column":4},"end":{"line":27,"column":5}},"9":{"start":{"line":21,"column":6},"end":{"line":26,"column":8}},"10":{"start":{"line":28,"column":4},"end":{"line":28,"column":16}},"11":{"start":{"line":31,"column":22},"end":{"line":43,"column":3}},"12":{"start":{"line":32,"column":21},"end":{"line":32,"column":39}},"13":{"start":{"line":33,"column":21},"end":{"line":33,"column":57}},"14":{"start":{"line":35,"column":4},"end":{"line":41,"column":5}},"15":{"start":{"line":36,"column":6},"end":{"line":40,"column":8}},"16":{"start":{"line":42,"column":4},"end":{"line":42,"column":16}},"17":{"start":{"line":45,"column":25},"end":{"line":61,"column":3}},"18":{"start":{"line":46,"column":4},"end":{"line":54,"column":5}},"19":{"start":{"line":47,"column":6},"end":{"line":53,"column":8}},"20":{"start":{"line":56,"column":4},"end":{"line":58,"column":5}},"21":{"start":{"line":57,"column":6},"end":{"line":57,"column":24}},"22":{"start":{"line":60,"column":4},"end":{"line":60,"column":16}},"23":{"start":{"line":63,"column":26},"end":{"line":73,"column":3}},"24":{"start":{"line":64,"column":4},"end":{"line":66,"column":5}},"25":{"start":{"line":65,"column":6},"end":{"line":65,"column":29}},"26":{"start":{"line":68,"column":4},"end":{"line":71,"column":5}},"27":{"start":{"line":69,"column":19},"end":{"line":69,"column":83}},"28":{"start":{"line":70,"column":6},"end":{"line":70,"column":76}},"29":{"start":{"line":72,"column":4},"end":{"line":72,"column":16}},"30":{"start":{"line":75,"column":87},"end":{"line":75,"column":92}},"31":{"start":{"line":76,"column":20},"end":{"line":76,"column":45}},"32":{"start":{"line":78,"column":55},"end":{"line":83,"column":3}},"33":{"start":{"line":84,"column":2},"end":{"line":86,"column":3}},"34":{"start":{"line":85,"column":4},"end":{"line":85,"column":27}},"35":{"start":{"line":87,"column":2},"end":{"line":100,"column":4}}},"fnMap":{"0":{"name":"(anonymous_0)","decl":{"start":{"line":9,"column":34},"end":{"line":9,"column":35}},"loc":{"start":{"line":9,"column":45},"end":{"line":101,"column":1}},"line":9},"1":{"name":"(anonymous_1)","decl":{"start":{"line":10,"column":22},"end":{"line":10,"column":23}},"loc":{"start":{"line":10,"column":28},"end":{"line":17,"column":3}},"line":10},"2":{"name":"(anonymous_2)","decl":{"start":{"line":19,"column":22},"end":{"line":19,"column":23}},"loc":{"start":{"line":19,"column":28},"end":{"line":29,"column":3}},"line":19},"3":{"name":"(anonymous_3)","decl":{"start":{"line":31,"column":22},"end":{"line":31,"column":23}},"loc":{"start":{"line":31,"column":28},"end":{"line":43,"column":3}},"line":31},"4":{"name":"(anonymous_4)","decl":{"start":{"line":45,"column":25},"end":{"line":45,"column":26}},"loc":{"start":{"line":45,"column":31},"end":{"line":61,"column":3}},"line":45},"5":{"name":"(anonymous_5)","decl":{"start":{"line":63,"column":26},"end":{"line":63,"column":27}},"loc":{"start":{"line":63,"column":32},"end":{"line":73,"column":3}},"line":63}},"branchMap":{"0":{"loc":{"start":{"line":13,"column":4},"end":{"line":15,"column":5}},"type":"if","locations":[{"start":{"line":13,"column":4},"end":{"line":15,"column":5}},{"start":{"line":13,"column":4},"end":{"line":15,"column":5}}],"line":13},"1":{"loc":{"start":{"line":20,"column":4},"end":{"line":27,"column":5}},"type":"if","locations":[{"start":{"line":20,"column":4},"end":{"line":27,"column":5}},{"start":{"line":20,"column":4},"end":{"line":27,"column":5}}],"line":20},"2":{"loc":{"start":{"line":33,"column":21},"end":{"line":33,"column":57}},"type":"binary-expr","locations":[{"start":{"line":33,"column":21},"end":{"line":33,"column":35}},{"start":{"line":33,"column":39},"end":{"line":33,"column":57}}],"line":33},"3":{"loc":{"start":{"line":35,"column":4},"end":{"line":41,"column":5}},"type":"if","locations":[{"start":{"line":35,"column":4},"end":{"line":41,"column":5}},{"start":{"line":35,"column":4},"end":{"line":41,"column":5}}],"line":35},"4":{"loc":{"start":{"line":38,"column":11},"end":{"line":38,"column":71}},"type":"cond-expr","locations":[{"start":{"line":38,"column":28},"end":{"line":38,"column":42}},{"start":{"line":38,"column":45},"end":{"line":38,"column":71}}],"line":38},"5":{"loc":{"start":{"line":46,"column":4},"end":{"line":54,"column":5}},"type":"if","locations":[{"start":{"line":46,"column":4},"end":{"line":54,"column":5}},{"start":{"line":46,"column":4},"end":{"line":54,"column":5}}],"line":46},"6":{"loc":{"start":{"line":56,"column":4},"end":{"line":58,"column":5}},"type":"if","locations":[{"start":{"line":56,"column":4},"end":{"line":58,"column":5}},{"start":{"line":56,"column":4},"end":{"line":58,"column":5}}],"line":56},"7":{"loc":{"start":{"line":64,"column":4},"end":{"line":66,"column":5}},"type":"if","locations":[{"start":{"line":64,"column":4},"end":{"line":66,"column":5}},{"start":{"line":64,"column":4},"end":{"line":66,"column":5}}],"line":64},"8":{"loc":{"start":{"line":68,"column":4},"end":{"line":71,"column":5}},"type":"if","locations":[{"start":{"line":68,"column":4},"end":{"line":71,"column":5}},{"start":{"line":68,"column":4},"end":{"line":71,"column":5}}],"line":68},"9":{"loc":{"start":{"line":69,"column":19},"end":{"line":69,"column":83}},"type":"cond-expr","locations":[{"start":{"line":69,"column":42},"end":{"line":69,"column":73}},{"start":{"line":69,"column":76},"end":{"line":69,"column":83}}],"line":69},"10":{"loc":{"start":{"line":75,"column":42},"end":{"line":75,"column":55}},"type":"default-arg","locations":[{"start":{"line":75,"column":51},"end":{"line":75,"column":55}}],"line":75},"11":{"loc":{"start":{"line":76,"column":20},"end":{"line":76,"column":45}},"type":"binary-expr","locations":[{"start":{"line":76,"column":20},"end":{"line":76,"column":26}},{"start":{"line":76,"column":30},"end":{"line":76,"column":45}}],"line":76},"12":{"loc":{"start":{"line":84,"column":2},"end":{"line":86,"column":3}},"type":"if","locations":[{"start":{"line":84,"column":2},"end":{"line":86,"column":3}},{"start":{"line":84,"column":2},"end":{"line":86,"column":3}}],"line":84},"13":{"loc":{"start":{"line":91,"column":12},"end":{"line":91,"column":44}},"type":"cond-expr","locations":[{"start":{"line":91,"column":24},"end":{"line":91,"column":32}},{"start":{"line":91,"column":35},"end":{"line":91,"column":44}}],"line":91}},"s":{"0":0,"1":0,"2":0,"3":0,"4":0,"5":0,"6":0,"7":0,"8":0,"9":0,"10":0,"11":0,"12":0,"13":0,"14":0,"15":0,"16":0,"17":0,"18":0,"19":0,"20":0,"21":0,"22":0,"23":0,"24":0,"25":0,"26":0,"27":0,"28":0,"29":0,"30":0,"31":0,"32":0,"33":0,"34":0,"35":0},"f":{"0":0,"1":0,"2":0,"3":0,"4":0,"5":0},"b":{"0":[0,0],"1":[0,0],"2":[0,0],"3":[0,0],"4":[0,0],"5":[0,0],"6":[0,0],"7":[0,0],"8":[0,0],"9":[0,0],"10":[0],"11":[0,0],"12":[0,0],"13":[0,0]}}
,"/Users/rancui/Desktop/rc-ui-lib/packages/rc-ui-lib/src/cell/CellGroup.tsx": {"path":"/Users/rancui/Desktop/rc-ui-lib/packages/rc-ui-lib/src/cell/CellGroup.tsx","statementMap":{"0":{"start":{"line":7,"column":14},"end":{"line":7,"column":43}},"1":{"start":{"line":9,"column":44},"end":{"line":29,"column":1}},"2":{"start":{"line":10,"column":35},"end":{"line":10,"column":40}},"3":{"start":{"line":12,"column":22},"end":{"line":16,"column":3}},"4":{"start":{"line":13,"column":4},"end":{"line":15,"column":10}},"5":{"start":{"line":18,"column":22},"end":{"line":18,"column":83}},"6":{"start":{"line":18,"column":28},"end":{"line":18,"column":83}},"7":{"start":{"line":20,"column":2},"end":{"line":26,"column":6}},"8":{"start":{"line":21,"column":4},"end":{"line":26,"column":6}},"9":{"start":{"line":28,"column":2},"end":{"line":28,"column":23}},"10":{"start":{"line":31,"column":0},"end":{"line":33,"column":2}}},"fnMap":{"0":{"name":"(anonymous_0)","decl":{"start":{"line":9,"column":44},"end":{"line":9,"column":45}},"loc":{"start":{"line":9,"column":55},"end":{"line":29,"column":1}},"line":9},"1":{"name":"(anonymous_1)","decl":{"start":{"line":12,"column":22},"end":{"line":12,"column":23}},"loc":{"start":{"line":13,"column":4},"end":{"line":15,"column":10}},"line":13},"2":{"name":"(anonymous_2)","decl":{"start":{"line":18,"column":22},"end":{"line":18,"column":23}},"loc":{"start":{"line":18,"column":28},"end":{"line":18,"column":83}},"line":18}},"branchMap":{"0":{"loc":{"start":{"line":13,"column":70},"end":{"line":13,"column":86}},"type":"binary-expr","locations":[{"start":{"line":13,"column":70},"end":{"line":13,"column":76}},{"start":{"line":13,"column":80},"end":{"line":13,"column":86}}],"line":13},"1":{"loc":{"start":{"line":20,"column":2},"end":{"line":26,"column":6}},"type":"if","locations":[{"start":{"line":20,"column":2},"end":{"line":26,"column":6}},{"start":{"line":20,"column":2},"end":{"line":26,"column":6}}],"line":20}},"s":{"0":0,"1":0,"2":0,"3":0,"4":0,"5":0,"6":0,"7":0,"8":0,"9":0,"10":0},"f":{"0":0,"1":0,"2":0},"b":{"0":[0,0],"1":[0,0]}}
,"/Users/rancui/Desktop/rc-ui-lib/packages/rc-ui-lib/src/cell/PropsType.ts": {"path":"/Users/rancui/Desktop/rc-ui-lib/packages/rc-ui-lib/src/cell/PropsType.ts","statementMap":{},"fnMap":{},"branchMap":{},"s":{},"f":{},"b":{}}
,"/Users/rancui/Desktop/rc-ui-lib/packages/rc-ui-lib/src/cell/index.ts": {"path":"/Users/rancui/Desktop/rc-ui-lib/packages/rc-ui-lib/src/cell/index.ts","statementMap":{"0":{"start":{"line":4,"column":22},"end":{"line":4,"column":63}}},"fnMap":{},"branchMap":{},"s":{"0":0},"f":{},"b":{}}
,"/Users/rancui/Desktop/rc-ui-lib/packages/rc-ui-lib/src/cell/demo/index.tsx": {"path":"/Users/rancui/Desktop/rc-ui-lib/packages/rc-ui-lib/src/cell/demo/index.tsx","statementMap":{"0":{"start":{"line":7,"column":37},"end":{"line":7,"column":47}},"1":{"start":{"line":8,"column":2},"end":{"line":54,"column":4}}},"fnMap":{"0":{"name":"(anonymous_0)","decl":{"start":{"line":6,"column":15},"end":{"line":6,"column":16}},"loc":{"start":{"line":6,"column":38},"end":{"line":55,"column":1}},"line":6}},"branchMap":{},"s":{"0":0,"1":0},"f":{"0":0},"b":{}}
,"/Users/rancui/Desktop/rc-ui-lib/packages/rc-ui-lib/src/checkbox/Checkbox.tsx": {"path":"/Users/rancui/Desktop/rc-ui-lib/packages/rc-ui-lib/src/checkbox/Checkbox.tsx","statementMap":{"0":{"start":{"line":10,"column":14},"end":{"line":10,"column":41}},"1":{"start":{"line":12,"column":17},"end":{"line":81,"column":2}},"2":{"start":{"line":13,"column":33},"end":{"line":13,"column":60}},"3":{"start":{"line":14,"column":32},"end":{"line":17,"column":4}},"4":{"start":{"line":19,"column":25},"end":{"line":45,"column":3}},"5":{"start":{"line":20,"column":21},"end":{"line":20,"column":26}},"6":{"start":{"line":21,"column":20},"end":{"line":21,"column":32}},"7":{"start":{"line":22,"column":18},"end":{"line":22,"column":41}},"8":{"start":{"line":24,"column":4},"end":{"line":44,"column":5}},"9":{"start":{"line":25,"column":24},"end":{"line":25,"column":50}},"10":{"start":{"line":27,"column":6},"end":{"line":33,"column":7}},"11":{"start":{"line":28,"column":8},"end":{"line":28,"column":25}},"12":{"start":{"line":30,"column":8},"end":{"line":32,"column":9}},"13":{"start":{"line":31,"column":10},"end":{"line":31,"column":32}},"14":{"start":{"line":35,"column":20},"end":{"line":35,"column":39}},"15":{"start":{"line":37,"column":6},"end":{"line":43,"column":7}},"16":{"start":{"line":38,"column":8},"end":{"line":38,"column":31}},"17":{"start":{"line":40,"column":8},"end":{"line":42,"column":9}},"18":{"start":{"line":41,"column":10},"end":{"line":41,"column":32}},"19":{"start":{"line":47,"column":20},"end":{"line":52,"column":32}},"20":{"start":{"line":48,"column":4},"end":{"line":50,"column":5}},"21":{"start":{"line":49,"column":6},"end":{"line":49,"column":66}},"22":{"start":{"line":51,"column":4},"end":{"line":51,"column":19}},"23":{"start":{"line":54,"column":17},"end":{"line":61,"column":3}},"24":{"start":{"line":55,"column":4},"end":{"line":60,"column":5}},"25":{"start":{"line":56,"column":6},"end":{"line":56,"column":31}},"26":{"start":{"line":58,"column":6},"end":{"line":58,"column":27}},"27":{"start":{"line":59,"column":6},"end":{"line":59,"column":33}},"28":{"start":{"line":63,"column":2},"end":{"line":67,"column":6}},"29":{"start":{"line":63,"column":34},"end":{"line":67,"column":3}},"30":{"start":{"line":69,"column":2},"end":{"line":80,"column":4}},"31":{"start":{"line":83,"column":0},"end":{"line":83,"column":34}},"32":{"start":{"line":84,"column":0},"end":{"line":86,"column":2}}},"fnMap":{"0":{"name":"(anonymous_0)","decl":{"start":{"line":12,"column":61},"end":{"line":12,"column":62}},"loc":{"start":{"line":12,"column":77},"end":{"line":81,"column":1}},"line":12},"1":{"name":"(anonymous_1)","decl":{"start":{"line":19,"column":25},"end":{"line":19,"column":26}},"loc":{"start":{"line":19,"column":49},"end":{"line":45,"column":3}},"line":19},"2":{"name":"(anonymous_2)","decl":{"start":{"line":47,"column":28},"end":{"line":47,"column":29}},"loc":{"start":{"line":47,"column":34},"end":{"line":52,"column":3}},"line":47},"3":{"name":"(anonymous_3)","decl":{"start":{"line":54,"column":17},"end":{"line":54,"column":18}},"loc":{"start":{"line":54,"column":44},"end":{"line":61,"column":3}},"line":54},"4":{"name":"(anonymous_4)","decl":{"start":{"line":63,"column":27},"end":{"line":63,"column":28}},"loc":{"start":{"line":63,"column":34},"end":{"line":67,"column":3}},"line":63}},"branchMap":{"0":{"loc":{"start":{"line":24,"column":4},"end":{"line":44,"column":5}},"type":"if","locations":[{"start":{"line":24,"column":4},"end":{"line":44,"column":5}},{"start":{"line":24,"column":4},"end":{"line":44,"column":5}}],"line":24},"1":{"loc":{"start":{"line":25,"column":24},"end":{"line":25,"column":50}},"type":"binary-expr","locations":[{"start":{"line":25,"column":24},"end":{"line":25,"column":27}},{"start":{"line":25,"column":31},"end":{"line":25,"column":50}}],"line":25},"2":{"loc":{"start":{"line":27,"column":6},"end":{"line":33,"column":7}},"type":"if","locations":[{"start":{"line":27,"column":6},"end":{"line":33,"column":7}},{"start":{"line":27,"column":6},"end":{"line":33,"column":7}}],"line":27},"3":{"loc":{"start":{"line":27,"column":10},"end":{"line":27,"column":50}},"type":"binary-expr","locations":[{"start":{"line":27,"column":10},"end":{"line":27,"column":20}},{"start":{"line":27,"column":24},"end":{"line":27,"column":50}}],"line":27},"4":{"loc":{"start":{"line":30,"column":8},"end":{"line":32,"column":9}},"type":"if","locations":[{"start":{"line":30,"column":8},"end":{"line":32,"column":9}},{"start":{"line":30,"column":8},"end":{"line":32,"column":9}}],"line":30},"5":{"loc":{"start":{"line":37,"column":6},"end":{"line":43,"column":7}},"type":"if","locations":[{"start":{"line":37,"column":6},"end":{"line":43,"column":7}},{"start":{"line":37,"column":6},"end":{"line":43,"column":7}}],"line":37},"6":{"loc":{"start":{"line":40,"column":8},"end":{"line":42,"column":9}},"type":"if","locations":[{"start":{"line":40,"column":8},"end":{"line":42,"column":9}},{"start":{"line":40,"column":8},"end":{"line":42,"column":9}}],"line":40},"7":{"loc":{"start":{"line":48,"column":4},"end":{"line":50,"column":5}},"type":"if","locations":[{"start":{"line":48,"column":4},"end":{"line":50,"column":5}},{"start":{"line":48,"column":4},"end":{"line":50,"column":5}}],"line":48},"8":{"loc":{"start":{"line":48,"column":8},"end":{"line":48,"column":33}},"type":"binary-expr","locations":[{"start":{"line":48,"column":8},"end":{"line":48,"column":14}},{"start":{"line":48,"column":18},"end":{"line":48,"column":33}}],"line":48},"9":{"loc":{"start":{"line":54,"column":18},"end":{"line":54,"column":39}},"type":"default-arg","locations":[{"start":{"line":54,"column":29},"end":{"line":54,"column":39}}],"line":54},"10":{"loc":{"start":{"line":55,"column":4},"end":{"line":60,"column":5}},"type":"if","locations":[{"start":{"line":55,"column":4},"end":{"line":60,"column":5}},{"start":{"line":55,"column":4},"end":{"line":60,"column":5}}],"line":55},"11":{"loc":{"start":{"line":55,"column":8},"end":{"line":55,"column":33}},"type":"binary-expr","locations":[{"start":{"line":55,"column":8},"end":{"line":55,"column":14}},{"start":{"line":55,"column":18},"end":{"line":55,"column":33}}],"line":55}},"s":{"0":0,"1":0,"2":0,"3":0,"4":0,"5":0,"6":0,"7":0,"8":0,"9":0,"10":0,"11":0,"12":0,"13":0,"14":0,"15":0,"16":0,"17":0,"18":0,"19":0,"20":0,"21":0,"22":0,"23":0,"24":0,"25":0,"26":0,"27":0,"28":0,"29":0,"30":0,"31":0,"32":0},"f":{"0":0,"1":0,"2":0,"3":0,"4":0},"b":{"0":[0,0],"1":[0,0],"2":[0,0],"3":[0,0],"4":[0,0],"5":[0,0],"6":[0,0],"7":[0,0],"8":[0,0],"9":[0],"10":[0,0],"11":[0,0]}}
,"/Users/rancui/Desktop/rc-ui-lib/packages/rc-ui-lib/src/checkbox/CheckboxContext.ts": {"path":"/Users/rancui/Desktop/rc-ui-lib/packages/rc-ui-lib/src/checkbox/CheckboxContext.ts","statementMap":{"0":{"start":{"line":10,"column":55},"end":{"line":10,"column":72}}},"fnMap":{},"branchMap":{},"s":{"0":0},"f":{},"b":{}}
,"/Users/rancui/Desktop/rc-ui-lib/packages/rc-ui-lib/src/checkbox/CheckboxGroup.tsx": {"path":"/Users/rancui/Desktop/rc-ui-lib/packages/rc-ui-lib/src/checkbox/CheckboxGroup.tsx","statementMap":{"0":{"start":{"line":16,"column":14},"end":{"line":16,"column":47}},"1":{"start":{"line":18,"column":22},"end":{"line":66,"column":2}},"2":{"start":{"line":19,"column":42},"end":{"line":19,"column":51}},"3":{"start":{"line":20,"column":32},"end":{"line":23,"column":4}},"4":{"start":{"line":25,"column":20},"end":{"line":45,"column":3}},"5":{"start":{"line":26,"column":4},"end":{"line":28,"column":5}},"6":{"start":{"line":27,"column":6},"end":{"line":27,"column":37}},"7":{"start":{"line":30,"column":49},"end":{"line":30,"column":56}},"8":{"start":{"line":32,"column":28},"end":{"line":40,"column":6}},"9":{"start":{"line":33,"column":6},"end":{"line":35,"column":7}},"10":{"start":{"line":34,"column":8},"end":{"line":34,"column":21}},"11":{"start":{"line":36,"column":6},"end":{"line":38,"column":7}},"12":{"start":{"line":37,"column":8},"end":{"line":37,"column":28}},"13":{"start":{"line":39,"column":6},"end":{"line":39,"column":40}},"14":{"start":{"line":42,"column":18},"end":{"line":42,"column":64}},"15":{"start":{"line":42,"column":48},"end":{"line":42,"column":63}},"16":{"start":{"line":43,"column":4},"end":{"line":43,"column":22}},"17":{"start":{"line":44,"column":4},"end":{"line":44,"column":26}},"18":{"start":{"line":47,"column":17},"end":{"line":50,"column":3}},"19":{"start":{"line":48,"column":4},"end":{"line":48,"column":21}},"20":{"start":{"line":49,"column":4},"end":{"line":49,"column":27}},"21":{"start":{"line":52,"column":2},"end":{"line":54,"column":6}},"22":{"start":{"line":52,"column":34},"end":{"line":54,"column":3}},"23":{"start":{"line":56,"column":2},"end":{"line":65,"column":4}},"24":{"start":{"line":60,"column":10},"end":{"line":60,"column":66}},"25":{"start":{"line":60,"column":53},"end":{"line":60,"column":66}},"26":{"start":{"line":61,"column":10},"end":{"line":61,"column":76}}},"fnMap":{"0":{"name":"(anonymous_0)","decl":{"start":{"line":18,"column":76},"end":{"line":18,"column":77}},"loc":{"start":{"line":18,"column":92},"end":{"line":66,"column":1}},"line":18},"1":{"name":"(anonymous_1)","decl":{"start":{"line":25,"column":20},"end":{"line":25,"column":21}},"loc":{"start":{"line":25,"column":69},"end":{"line":45,"column":3}},"line":25},"2":{"name":"(anonymous_2)","decl":{"start":{"line":32,"column":48},"end":{"line":32,"column":49}},"loc":{"start":{"line":32,"column":76},"end":{"line":40,"column":5}},"line":32},"3":{"name":"(anonymous_3)","decl":{"start":{"line":42,"column":38},"end":{"line":42,"column":39}},"loc":{"start":{"line":42,"column":48},"end":{"line":42,"column":63}},"line":42},"4":{"name":"(anonymous_4)","decl":{"start":{"line":47,"column":17},"end":{"line":47,"column":18}},"loc":{"start":{"line":47,"column":51},"end":{"line":50,"column":3}},"line":47},"5":{"name":"(anonymous_5)","decl":{"start":{"line":52,"column":27},"end":{"line":52,"column":28}},"loc":{"start":{"line":52,"column":34},"end":{"line":54,"column":3}},"line":52},"6":{"name":"(anonymous_6)","decl":{"start":{"line":59,"column":68},"end":{"line":59,"column":69}},"loc":{"start":{"line":59,"column":123},"end":{"line":62,"column":9}},"line":59}},"branchMap":{"0":{"loc":{"start":{"line":25,"column":21},"end":{"line":25,"column":64}},"type":"default-arg","locations":[{"start":{"line":25,"column":62},"end":{"line":25,"column":64}}],"line":25},"1":{"loc":{"start":{"line":26,"column":4},"end":{"line":28,"column":5}},"type":"if","locations":[{"start":{"line":26,"column":4},"end":{"line":28,"column":5}},{"start":{"line":26,"column":4},"end":{"line":28,"column":5}}],"line":26},"2":{"loc":{"start":{"line":33,"column":6},"end":{"line":35,"column":7}},"type":"if","locations":[{"start":{"line":33,"column":6},"end":{"line":35,"column":7}},{"start":{"line":33,"column":6},"end":{"line":35,"column":7}}],"line":33},"3":{"loc":{"start":{"line":36,"column":6},"end":{"line":38,"column":7}},"type":"if","locations":[{"start":{"line":36,"column":6},"end":{"line":38,"column":7}},{"start":{"line":36,"column":6},"end":{"line":38,"column":7}}],"line":36},"4":{"loc":{"start":{"line":36,"column":10},"end":{"line":36,"column":45}},"type":"binary-expr","locations":[{"start":{"line":36,"column":10},"end":{"line":36,"column":29}},{"start":{"line":36,"column":33},"end":{"line":36,"column":45}}],"line":36},"5":{"loc":{"start":{"line":39,"column":13},"end":{"line":39,"column":39}},"type":"binary-expr","locations":[{"start":{"line":39,"column":13},"end":{"line":39,"column":22}},{"start":{"line":39,"column":26},"end":{"line":39,"column":39}}],"line":39},"6":{"loc":{"start":{"line":60,"column":10},"end":{"line":60,"column":66}},"type":"if","locations":[{"start":{"line":60,"column":10},"end":{"line":60,"column":66}},{"start":{"line":60,"column":10},"end":{"line":60,"column":66}}],"line":60}},"s":{"0":0,"1":0,"2":0,"3":0,"4":0,"5":0,"6":0,"7":0,"8":0,"9":0,"10":0,"11":0,"12":0,"13":0,"14":0,"15":0,"16":0,"17":0,"18":0,"19":0,"20":0,"21":0,"22":0,"23":0,"24":0,"25":0,"26":0},"f":{"0":0,"1":0,"2":0,"3":0,"4":0,"5":0,"6":0},"b":{"0":[0],"1":[0,0],"2":[0,0],"3":[0,0],"4":[0,0],"5":[0,0],"6":[0,0]}}
,"/Users/rancui/Desktop/rc-ui-lib/packages/rc-ui-lib/src/checkbox/Checker.tsx": {"path":"/Users/rancui/Desktop/rc-ui-lib/packages/rc-ui-lib/src/checkbox/Checker.tsx","statementMap":{"0":{"start":{"line":9,"column":44},"end":{"line":103,"column":1}},"1":{"start":{"line":10,"column":18},"end":{"line":10,"column":30}},"2":{"start":{"line":12,"column":24},"end":{"line":17,"column":3}},"3":{"start":{"line":13,"column":4},"end":{"line":15,"column":5}},"4":{"start":{"line":14,"column":6},"end":{"line":14,"column":38}},"5":{"start":{"line":16,"column":4},"end":{"line":16,"column":16}},"6":{"start":{"line":19,"column":19},"end":{"line":22,"column":3}},"7":{"start":{"line":20,"column":10},"end":{"line":20,"column":53}},"8":{"start":{"line":23,"column":20},"end":{"line":23,"column":85}},"9":{"start":{"line":23,"column":34},"end":{"line":23,"column":68}},"10":{"start":{"line":25,"column":20},"end":{"line":34,"column":51}},"11":{"start":{"line":26,"column":25},"end":{"line":26,"column":76}},"12":{"start":{"line":27,"column":4},"end":{"line":32,"column":5}},"13":{"start":{"line":28,"column":6},"end":{"line":31,"column":8}},"14":{"start":{"line":33,"column":4},"end":{"line":33,"column":14}},"15":{"start":{"line":36,"column":18},"end":{"line":49,"column":3}},"16":{"start":{"line":37,"column":23},"end":{"line":37,"column":28}},"17":{"start":{"line":38,"column":17},"end":{"line":38,"column":32}},"18":{"start":{"line":39,"column":24},"end":{"line":39,"column":73}},"19":{"start":{"line":41,"column":4},"end":{"line":45,"column":5}},"20":{"start":{"line":42,"column":6},"end":{"line":44,"column":7}},"21":{"start":{"line":43,"column":8},"end":{"line":43,"column":25}},"22":{"start":{"line":46,"column":4},"end":{"line":48,"column":5}},"23":{"start":{"line":47,"column":6},"end":{"line":47,"column":27}},"24":{"start":{"line":51,"column":21},"end":{"line":68,"column":3}},"25":{"start":{"line":52,"column":36},"end":{"line":52,"column":41}},"26":{"start":{"line":53,"column":21},"end":{"line":53,"column":64}},"27":{"start":{"line":55,"column":4},"end":{"line":67,"column":6}},"28":{"start":{"line":70,"column":22},"end":{"line":79,"column":3}},"29":{"start":{"line":71,"column":4},"end":{"line":77,"column":5}},"30":{"start":{"line":72,"column":6},"end":{"line":76,"column":8}},"31":{"start":{"line":78,"column":4},"end":{"line":78,"column":16}},"32":{"start":{"line":81,"column":2},"end":{"line":102,"column":4}},"33":{"start":{"line":105,"column":0},"end":{"line":108,"column":2}}},"fnMap":{"0":{"name":"(anonymous_0)","decl":{"start":{"line":9,"column":44},"end":{"line":9,"column":45}},"loc":{"start":{"line":9,"column":55},"end":{"line":103,"column":1}},"line":9},"1":{"name":"(anonymous_1)","decl":{"start":{"line":12,"column":24},"end":{"line":12,"column":25}},"loc":{"start":{"line":12,"column":42},"end":{"line":17,"column":3}},"line":12},"2":{"name":"(anonymous_2)","decl":{"start":{"line":20,"column":4},"end":{"line":20,"column":5}},"loc":{"start":{"line":20,"column":10},"end":{"line":20,"column":53}},"line":20},"3":{"name":"(anonymous_3)","decl":{"start":{"line":23,"column":28},"end":{"line":23,"column":29}},"loc":{"start":{"line":23,"column":34},"end":{"line":23,"column":68}},"line":23},"4":{"name":"(anonymous_4)","decl":{"start":{"line":25,"column":28},"end":{"line":25,"column":29}},"loc":{"start":{"line":25,"column":34},"end":{"line":34,"column":3}},"line":25},"5":{"name":"(anonymous_5)","decl":{"start":{"line":36,"column":18},"end":{"line":36,"column":19}},"loc":{"start":{"line":36,"column":57},"end":{"line":49,"column":3}},"line":36},"6":{"name":"(anonymous_6)","decl":{"start":{"line":51,"column":21},"end":{"line":51,"column":22}},"loc":{"start":{"line":51,"column":27},"end":{"line":68,"column":3}},"line":51},"7":{"name":"(anonymous_7)","decl":{"start":{"line":70,"column":22},"end":{"line":70,"column":23}},"loc":{"start":{"line":70,"column":28},"end":{"line":79,"column":3}},"line":70}},"branchMap":{"0":{"loc":{"start":{"line":13,"column":4},"end":{"line":15,"column":5}},"type":"if","locations":[{"start":{"line":13,"column":4},"end":{"line":15,"column":5}},{"start":{"line":13,"column":4},"end":{"line":15,"column":5}}],"line":13},"1":{"loc":{"start":{"line":13,"column":8},"end":{"line":13,"column":39}},"type":"binary-expr","locations":[{"start":{"line":13,"column":8},"end":{"line":13,"column":20}},{"start":{"line":13,"column":24},"end":{"line":13,"column":39}}],"line":13},"2":{"loc":{"start":{"line":20,"column":10},"end":{"line":20,"column":53}},"type":"binary-expr","locations":[{"start":{"line":20,"column":10},"end":{"line":20,"column":35}},{"start":{"line":20,"column":39},"end":{"line":20,"column":53}}],"line":20},"3":{"loc":{"start":{"line":23,"column":34},"end":{"line":23,"column":68}},"type":"binary-expr","locations":[{"start":{"line":23,"column":34},"end":{"line":23,"column":60}},{"start":{"line":23,"column":64},"end":{"line":23,"column":68}}],"line":23},"4":{"loc":{"start":{"line":26,"column":25},"end":{"line":26,"column":76}},"type":"binary-expr","locations":[{"start":{"line":26,"column":25},"end":{"line":26,"column":43}},{"start":{"line":26,"column":47},"end":{"line":26,"column":76}}],"line":26},"5":{"loc":{"start":{"line":27,"column":4},"end":{"line":32,"column":5}},"type":"if","locations":[{"start":{"line":27,"column":4},"end":{"line":32,"column":5}},{"start":{"line":27,"column":4},"end":{"line":32,"column":5}}],"line":27},"6":{"loc":{"start":{"line":27,"column":8},"end":{"line":27,"column":50}},"type":"binary-expr","locations":[{"start":{"line":27,"column":8},"end":{"line":27,"column":20}},{"start":{"line":27,"column":24},"end":{"line":27,"column":37}},{"start":{"line":27,"column":41},"end":{"line":27,"column":50}}],"line":27},"7":{"loc":{"start":{"line":39,"column":24},"end":{"line":39,"column":73}},"type":"binary-expr","locations":[{"start":{"line":39,"column":24},"end":{"line":39,"column":39}},{"start":{"line":39,"column":43},"end":{"line":39,"column":73}}],"line":39},"8":{"loc":{"start":{"line":41,"column":4},"end":{"line":45,"column":5}},"type":"if","locations":[{"start":{"line":41,"column":4},"end":{"line":45,"column":5}},{"start":{"line":41,"column":4},"end":{"line":45,"column":5}}],"line":41},"9":{"loc":{"start":{"line":41,"column":8},"end":{"line":41,"column":58}},"type":"binary-expr","locations":[{"start":{"line":41,"column":8},"end":{"line":41,"column":17}},{"start":{"line":41,"column":22},"end":{"line":41,"column":33}},{"start":{"line":41,"column":37},"end":{"line":41,"column":57}}],"line":41},"10":{"loc":{"start":{"line":42,"column":6},"end":{"line":44,"column":7}},"type":"if","locations":[{"start":{"line":42,"column":6},"end":{"line":44,"column":7}},{"start":{"line":42,"column":6},"end":{"line":44,"column":7}}],"line":42},"11":{"loc":{"start":{"line":46,"column":4},"end":{"line":48,"column":5}},"type":"if","locations":[{"start":{"line":46,"column":4},"end":{"line":48,"column":5}},{"start":{"line":46,"column":4},"end":{"line":48,"column":5}}],"line":46},"12":{"loc":{"start":{"line":53,"column":21},"end":{"line":53,"column":64}},"type":"binary-expr","locations":[{"start":{"line":53,"column":21},"end":{"line":53,"column":35}},{"start":{"line":53,"column":39},"end":{"line":53,"column":64}}],"line":53},"13":{"loc":{"start":{"line":61,"column":9},"end":{"line":65,"column":9}},"type":"cond-expr","locations":[{"start":{"line":62,"column":10},"end":{"line":62,"column":49}},{"start":{"line":64,"column":10},"end":{"line":64,"column":51}}],"line":61},"14":{"loc":{"start":{"line":71,"column":4},"end":{"line":77,"column":5}},"type":"if","locations":[{"start":{"line":71,"column":4},"end":{"line":77,"column":5}},{"start":{"line":71,"column":4},"end":{"line":77,"column":5}}],"line":71},"15":{"loc":{"start":{"line":94,"column":16},"end":{"line":94,"column":33}},"type":"cond-expr","locations":[{"start":{"line":94,"column":27},"end":{"line":94,"column":29}},{"start":{"line":94,"column":32},"end":{"line":94,"column":33}}],"line":94},"16":{"loc":{"start":{"line":98,"column":7},"end":{"line":98,"column":54}},"type":"binary-expr","locations":[{"start":{"line":98,"column":7},"end":{"line":98,"column":37}},{"start":{"line":98,"column":41},"end":{"line":98,"column":54}}],"line":98},"17":{"loc":{"start":{"line":100,"column":7},"end":{"line":100,"column":54}},"type":"binary-expr","locations":[{"start":{"line":100,"column":7},"end":{"line":100,"column":37}},{"start":{"line":100,"column":41},"end":{"line":100,"column":54}}],"line":100}},"s":{"0":0,"1":0,"2":0,"3":0,"4":0,"5":0,"6":0,"7":0,"8":0,"9":0,"10":0,"11":0,"12":0,"13":0,"14":0,"15":0,"16":0,"17":0,"18":0,"19":0,"20":0,"21":0,"22":0,"23":0,"24":0,"25":0,"26":0,"27":0,"28":0,"29":0,"30":0,"31":0,"32":0,"33":0},"f":{"0":0,"1":0,"2":0,"3":0,"4":0,"5":0,"6":0,"7":0},"b":{"0":[0,0],"1":[0,0],"2":[0,0],"3":[0,0],"4":[0,0],"5":[0,0],"6":[0,0,0],"7":[0,0],"8":[0,0],"9":[0,0,0],"10":[0,0],"11":[0,0],"12":[0,0],"13":[0,0],"14":[0,0],"15":[0,0],"16":[0,0],"17":[0,0]}}
,"/Users/rancui/Desktop/rc-ui-lib/packages/rc-ui-lib/src/checkbox/PropsType.ts": {"path":"/Users/rancui/Desktop/rc-ui-lib/packages/rc-ui-lib/src/checkbox/PropsType.ts","statementMap":{},"fnMap":{},"branchMap":{},"s":{},"f":{},"b":{}}
,"/Users/rancui/Desktop/rc-ui-lib/packages/rc-ui-lib/src/checkbox/index.tsx": {"path":"/Users/rancui/Desktop/rc-ui-lib/packages/rc-ui-lib/src/checkbox/index.tsx","statementMap":{"0":{"start":{"line":4,"column":26},"end":{"line":4,"column":75}}},"fnMap":{},"branchMap":{},"s":{"0":0},"f":{},"b":{}}
,"/Users/rancui/Desktop/rc-ui-lib/packages/rc-ui-lib/src/checkbox/demo/index.tsx": {"path":"/Users/rancui/Desktop/rc-ui-lib/packages/rc-ui-lib/src/checkbox/demo/index.tsx","statementMap":{"0":{"start":{"line":9,"column":19},"end":{"line":9,"column":62}},"1":{"start":{"line":10,"column":21},"end":{"line":10,"column":66}},"2":{"start":{"line":13,"column":37},"end":{"line":13,"column":47}},"3":{"start":{"line":15,"column":14},"end":{"line":15,"column":49}},"4":{"start":{"line":16,"column":34},"end":{"line":16,"column":49}},"5":{"start":{"line":17,"column":36},"end":{"line":17,"column":48}},"6":{"start":{"line":18,"column":32},"end":{"line":18,"column":47}},"7":{"start":{"line":19,"column":28},"end":{"line":19,"column":43}},"8":{"start":{"line":21,"column":17},"end":{"line":26,"column":3}},"9":{"start":{"line":22,"column":21},"end":{"line":24,"column":28}},"10":{"start":{"line":23,"column":33},"end":{"line":23,"column":44}},"11":{"start":{"line":25,"column":4},"end":{"line":25,"column":27}},"12":{"start":{"line":28,"column":2},"end":{"line":143,"column":4}},"13":{"start":{"line":60,"column":12},"end":{"line":60,"column":69}},"14":{"start":{"line":75,"column":12},"end":{"line":75,"column":62}},"15":{"start":{"line":77,"column":12},"end":{"line":80,"column":20}},"16":{"start":{"line":78,"column":14},"end":{"line":78,"column":28}},"17":{"start":{"line":79,"column":14},"end":{"line":79,"column":28}},"18":{"start":{"line":88,"column":41},"end":{"line":88,"column":55}},"19":{"start":{"line":114,"column":48},"end":{"line":114,"column":76}},"20":{"start":{"line":117,"column":48},"end":{"line":117,"column":72}},"21":{"start":{"line":129,"column":29},"end":{"line":129,"column":40}},"22":{"start":{"line":136,"column":29},"end":{"line":136,"column":40}}},"fnMap":{"0":{"name":"(anonymous_0)","decl":{"start":{"line":12,"column":15},"end":{"line":12,"column":16}},"loc":{"start":{"line":12,"column":38},"end":{"line":144,"column":1}},"line":12},"1":{"name":"(anonymous_1)","decl":{"start":{"line":21,"column":17},"end":{"line":21,"column":18}},"loc":{"start":{"line":21,"column":27},"end":{"line":26,"column":3}},"line":21},"2":{"name":"(anonymous_2)","decl":{"start":{"line":23,"column":25},"end":{"line":23,"column":26}},"loc":{"start":{"line":23,"column":33},"end":{"line":23,"column":44}},"line":23},"3":{"name":"(anonymous_3)","decl":{"start":{"line":59,"column":22},"end":{"line":59,"column":23}},"loc":{"start":{"line":60,"column":12},"end":{"line":60,"column":69}},"line":60},"4":{"name":"(anonymous_4)","decl":{"start":{"line":74,"column":20},"end":{"line":74,"column":21}},"loc":{"start":{"line":74,"column":29},"end":{"line":81,"column":11}},"line":74},"5":{"name":"(anonymous_5)","decl":{"start":{"line":77,"column":23},"end":{"line":77,"column":24}},"loc":{"start":{"line":77,"column":29},"end":{"line":80,"column":13}},"line":77},"6":{"name":"(anonymous_6)","decl":{"start":{"line":88,"column":34},"end":{"line":88,"column":35}},"loc":{"start":{"line":88,"column":41},"end":{"line":88,"column":55}},"line":88},"7":{"name":"(anonymous_7)","decl":{"start":{"line":114,"column":42},"end":{"line":114,"column":43}},"loc":{"start":{"line":114,"column":48},"end":{"line":114,"column":76}},"line":114},"8":{"name":"(anonymous_8)","decl":{"start":{"line":117,"column":42},"end":{"line":117,"column":43}},"loc":{"start":{"line":117,"column":48},"end":{"line":117,"column":72}},"line":117},"9":{"name":"(anonymous_9)","decl":{"start":{"line":129,"column":23},"end":{"line":129,"column":24}},"loc":{"start":{"line":129,"column":29},"end":{"line":129,"column":40}},"line":129},"10":{"name":"(anonymous_10)","decl":{"start":{"line":136,"column":23},"end":{"line":136,"column":24}},"loc":{"start":{"line":136,"column":29},"end":{"line":136,"column":40}},"line":136}},"branchMap":{"0":{"loc":{"start":{"line":22,"column":21},"end":{"line":24,"column":28}},"type":"cond-expr","locations":[{"start":{"line":23,"column":8},"end":{"line":23,"column":45}},{"start":{"line":24,"column":8},"end":{"line":24,"column":28}}],"line":22},"1":{"loc":{"start":{"line":60,"column":29},"end":{"line":60,"column":65}},"type":"cond-expr","locations":[{"start":{"line":60,"column":40},"end":{"line":60,"column":50}},{"start":{"line":60,"column":53},"end":{"line":60,"column":65}}],"line":60}},"s":{"0":0,"1":0,"2":0,"3":0,"4":0,"5":0,"6":0,"7":0,"8":0,"9":0,"10":0,"11":0,"12":0,"13":0,"14":0,"15":0,"16":0,"17":0,"18":0,"19":0,"20":0,"21":0,"22":0},"f":{"0":0,"1":0,"2":0,"3":0,"4":0,"5":0,"6":0,"7":0,"8":0,"9":0,"10":0},"b":{"0":[0,0],"1":[0,0]}}
[...]
,"/Users/rancui/Desktop/rc-ui-lib/packages/rc-ui-lib/src/utils/dom/style.ts": {"path":"/Users/rancui/Desktop/rc-ui-lib/packages/rc-ui-lib/src/utils/dom/style.ts","statementMap":{"0":{"start":{"line":2,"column":13},"end":{"line":2,"column":23}},"1":{"start":{"line":3,"column":2},"end":{"line":5,"column":3}},"2":{"start":{"line":4,"column":4},"end":{"line":4,"column":17}},"3":{"start":{"line":7,"column":16},"end":{"line":7,"column":43}},"4":{"start":{"line":8,"column":17},"end":{"line":8,"column":41}},"5":{"start":{"line":13,"column":23},"end":{"line":13,"column":77}},"6":{"start":{"line":14,"column":2},"end":{"line":14,"column":32}}},"fnMap":{"0":{"name":"isHidden","decl":{"start":{"line":1,"column":16},"end":{"line":1,"column":24}},"loc":{"start":{"line":1,"column":59},"end":{"line":15,"column":1}},"line":1}},"branchMap":{"0":{"loc":{"start":{"line":3,"column":2},"end":{"line":5,"column":3}},"type":"if","locations":[{"start":{"line":3,"column":2},"end":{"line":5,"column":3}},{"start":{"line":3,"column":2},"end":{"line":5,"column":3}}],"line":3},"1":{"loc":{"start":{"line":13,"column":23},"end":{"line":13,"column":77}},"type":"binary-expr","locations":[{"start":{"line":13,"column":23},"end":{"line":13,"column":47}},{"start":{"line":13,"column":51},"end":{"line":13,"column":77}}],"line":13},"2":{"loc":{"start":{"line":14,"column":9},"end":{"line":14,"column":31}},"type":"binary-expr","locations":[{"start":{"line":14,"column":9},"end":{"line":14,"column":15}},{"start":{"line":14,"column":19},"end":{"line":14,"column":31}}],"line":14}},"s":{"0":0,"1":0,"2":0,"3":0,"4":0,"5":0,"6":0},"f":{"0":0},"b":{"0":[0,0],"1":[0,0],"2":[0,0]},"_coverageSchema":"1a1c01bbd47fc00a2c39e90264f33305004495a9","hash":"358fa63f0e99c5150af50e5bdce7793f7eb96d67"}
,"/Users/rancui/Desktop/rc-ui-lib/packages/rc-ui-lib/src/utils/format/number.ts": {"path":"/Users/rancui/Desktop/rc-ui-lib/packages/rc-ui-lib/src/utils/format/number.ts","statementMap":{"0":{"start":{"line":3,"column":2},"end":{"line":3,"column":43}},"1":{"start":{"line":7,"column":16},"end":{"line":7,"column":35}},"2":{"start":{"line":9,"column":2},"end":{"line":11,"column":3}},"3":{"start":{"line":10,"column":4},"end":{"line":10,"column":17}},"4":{"start":{"line":13,"column":2},"end":{"line":15,"column":3}},"5":{"start":{"line":14,"column":4},"end":{"line":14,"column":33}},"6":{"start":{"line":17,"column":2},"end":{"line":17,"column":76}},"7":{"start":{"line":21,"column":2},"end":{"line":26,"column":3}},"8":{"start":{"line":22,"column":4},"end":{"line":22,"column":45}},"9":{"start":{"line":25,"column":4},"end":{"line":25,"column":32}},"10":{"start":{"line":28,"column":2},"end":{"line":32,"column":3}},"11":{"start":{"line":29,"column":4},"end":{"line":29,"column":44}},"12":{"start":{"line":31,"column":4},"end":{"line":31,"column":35}},"13":{"start":{"line":34,"column":17},"end":{"line":34,"column":52}},"14":{"start":{"line":36,"column":2},"end":{"line":36,"column":35}},"15":{"start":{"line":41,"column":19},"end":{"line":41,"column":27}},"16":{"start":{"line":42,"column":2},"end":{"line":42,"column":57}}},"fnMap":{"0":{"name":"range","decl":{"start":{"line":2,"column":16},"end":{"line":2,"column":21}},"loc":{"start":{"line":2,"column":69},"end":{"line":4,"column":1}},"line":2},"1":{"name":"trimExtraChar","decl":{"start":{"line":6,"column":9},"end":{"line":6,"column":22}},"loc":{"start":{"line":6,"column":68},"end":{"line":18,"column":1}},"line":6},"2":{"name":"formatNumber","decl":{"start":{"line":20,"column":16},"end":{"line":20,"column":28}},"loc":{"start":{"line":20,"column":88},"end":{"line":37,"column":1}},"line":20},"3":{"name":"addNumber","decl":{"start":{"line":40,"column":16},"end":{"line":40,"column":25}},"loc":{"start":{"line":40,"column":54},"end":{"line":43,"column":1}},"line":40}},"branchMap":{"0":{"loc":{"start":{"line":9,"column":2},"end":{"line":11,"column":3}},"type":"if","locations":[{"start":{"line":9,"column":2},"end":{"line":11,"column":3}},{"start":{"line":9,"column":2},"end":{"line":11,"column":3}}],"line":9},"1":{"loc":{"start":{"line":13,"column":2},"end":{"line":15,"column":3}},"type":"if","locations":[{"start":{"line":13,"column":2},"end":{"line":15,"column":3}},{"start":{"line":13,"column":2},"end":{"line":15,"column":3}}],"line":13},"2":{"loc":{"start":{"line":13,"column":6},"end":{"line":13,"column":33}},"type":"binary-expr","locations":[{"start":{"line":13,"column":6},"end":{"line":13,"column":18}},{"start":{"line":13,"column":22},"end":{"line":13,"column":33}}],"line":13},"3":{"loc":{"start":{"line":20,"column":44},"end":{"line":20,"column":59}},"type":"default-arg","locations":[{"start":{"line":20,"column":55},"end":{"line":20,"column":59}}],"line":20},"4":{"loc":{"start":{"line":20,"column":61},"end":{"line":20,"column":78}},"type":"default-arg","locations":[{"start":{"line":20,"column":74},"end":{"line":20,"column":78}}],"line":20},"5":{"loc":{"start":{"line":21,"column":2},"end":{"line":26,"column":3}},"type":"if","locations":[{"start":{"line":21,"column":2},"end":{"line":26,"column":3}},{"start":{"line":21,"column":2},"end":{"line":26,"column":3}}],"line":21},"6":{"loc":{"start":{"line":28,"column":2},"end":{"line":32,"column":3}},"type":"if","locations":[{"start":{"line":28,"column":2},"end":{"line":32,"column":3}},{"start":{"line":28,"column":2},"end":{"line":32,"column":3}}],"line":28},"7":{"loc":{"start":{"line":34,"column":17},"end":{"line":34,"column":52}},"type":"cond-expr","locations":[{"start":{"line":34,"column":28},"end":{"line":34,"column":39}},{"start":{"line":34,"column":42},"end":{"line":34,"column":52}}],"line":34}},"s":{"0":0,"1":0,"2":0,"3":0,"4":0,"5":0,"6":0,"7":0,"8":0,"9":0,"10":0,"11":0,"12":0,"13":0,"14":0,"15":0,"16":0},"f":{"0":0,"1":0,"2":0,"3":0},"b":{"0":[0,0],"1":[0,0],"2":[0,0],"3":[0],"4":[0],"5":[0,0],"6":[0,0],"7":[0,0]},"_coverageSchema":"1a1c01bbd47fc00a2c39e90264f33305004495a9","hash":"8b5fff35ebfa2c5304e524c93c2b0eb94f05daf8"}
,"/Users/rancui/Desktop/rc-ui-lib/packages/rc-ui-lib/src/utils/format/react.ts": {"path":"/Users/rancui/Desktop/rc-ui-lib/packages/rc-ui-lib/src/utils/format/react.ts","statementMap":{"0":{"start":{"line":4,"column":2},"end":{"line":16,"column":30}},"1":{"start":{"line":6,"column":6},"end":{"line":13,"column":7}},"2":{"start":{"line":7,"column":20},"end":{"line":7,"column":73}},"3":{"start":{"line":8,"column":8},"end":{"line":12,"column":10}},"4":{"start":{"line":14,"column":6},"end":{"line":14,"column":18}},"5":{"start":{"line":16,"column":23},"end":{"line":16,"column":28}}},"fnMap":{"0":{"name":"parseChildList","decl":{"start":{"line":3,"column":16},"end":{"line":3,"column":30}},"loc":{"start":{"line":3,"column":66},"end":{"line":17,"column":1}},"line":3},"1":{"name":"(anonymous_1)","decl":{"start":{"line":5,"column":9},"end":{"line":5,"column":10}},"loc":{"start":{"line":5,"column":42},"end":{"line":15,"column":5}},"line":5},"2":{"name":"(anonymous_2)","decl":{"start":{"line":16,"column":12},"end":{"line":16,"column":13}},"loc":{"start":{"line":16,"column":23},"end":{"line":16,"column":28}},"line":16}},"branchMap":{"0":{"loc":{"start":{"line":6,"column":6},"end":{"line":13,"column":7}},"type":"if","locations":[{"start":{"line":6,"column":6},"end":{"line":13,"column":7}},{"start":{"line":6,"column":6},"end":{"line":13,"column":7}}],"line":6},"1":{"loc":{"start":{"line":7,"column":20},"end":{"line":7,"column":73}},"type":"cond-expr","locations":[{"start":{"line":7,"column":45},"end":{"line":7,"column":61}},{"start":{"line":7,"column":64},"end":{"line":7,"column":73}}],"line":7}},"s":{"0":0,"1":0,"2":0,"3":0,"4":0,"5":0},"f":{"0":0,"1":0,"2":0},"b":{"0":[0,0],"1":[0,0]},"_coverageSchema":"1a1c01bbd47fc00a2c39e90264f33305004495a9","hash":"53f0eeaaf62bf1653ca8eb1b7a1e2e0aee9e23d8"}
,"/Users/rancui/Desktop/rc-ui-lib/packages/rc-ui-lib/src/utils/format/string.ts": {"path":"/Users/rancui/Desktop/rc-ui-lib/packages/rc-ui-lib/src/utils/format/string.ts","statementMap":{"0":{"start":{"line":1,"column":19},"end":{"line":1,"column":27}},"1":{"start":{"line":4,"column":2},"end":{"line":4,"column":60}},"2":{"start":{"line":4,"column":43},"end":{"line":4,"column":58}},"3":{"start":{"line":8,"column":12},"end":{"line":8,"column":20}},"4":{"start":{"line":10,"column":2},"end":{"line":12,"column":3}},"5":{"start":{"line":11,"column":4},"end":{"line":11,"column":20}},"6":{"start":{"line":14,"column":2},"end":{"line":14,"column":13}}},"fnMap":{"0":{"name":"camelize","decl":{"start":{"line":3,"column":16},"end":{"line":3,"column":24}},"loc":{"start":{"line":3,"column":46},"end":{"line":5,"column":1}},"line":3},"1":{"name":"(anonymous_1)","decl":{"start":{"line":4,"column":33},"end":{"line":4,"column":34}},"loc":{"start":{"line":4,"column":43},"end":{"line":4,"column":58}},"line":4},"2":{"name":"padZero","decl":{"start":{"line":7,"column":16},"end":{"line":7,"column":23}},"loc":{"start":{"line":7,"column":72},"end":{"line":15,"column":1}},"line":7}},"branchMap":{"0":{"loc":{"start":{"line":7,"column":46},"end":{"line":7,"column":62}},"type":"default-arg","locations":[{"start":{"line":7,"column":61},"end":{"line":7,"column":62}}],"line":7}},"s":{"0":1,"1":0,"2":0,"3":0,"4":0,"5":0,"6":0},"f":{"0":0,"1":0,"2":0},"b":{"0":[0]},"_coverageSchema":"1a1c01bbd47fc00a2c39e90264f33305004495a9","hash":"9a0bf1a9e3f3121a0d1358a527aa9f7037a87085"}
,"/Users/rancui/Desktop/rc-ui-lib/packages/rc-ui-lib/src/utils/format/unit.ts": {"path":"/Users/rancui/Desktop/rc-ui-lib/packages/rc-ui-lib/src/utils/format/unit.ts","statementMap":{"0":{"start":{"line":7,"column":2},"end":{"line":9,"column":3}},"1":{"start":{"line":8,"column":4},"end":{"line":8,"column":21}},"2":{"start":{"line":12,"column":2},"end":{"line":12,"column":24}},"3":{"start":{"line":13,"column":2},"end":{"line":13,"column":49}},"4":{"start":{"line":17,"column":2},"end":{"line":23,"column":3}},"5":{"start":{"line":18,"column":17},"end":{"line":18,"column":36}},"6":{"start":{"line":19,"column":4},"end":{"line":22,"column":6}},"7":{"start":{"line":24,"column":2},"end":{"line":24,"column":12}},"8":{"start":{"line":28,"column":31},"end":{"line":28,"column":33}},"9":{"start":{"line":29,"column":2},"end":{"line":31,"column":3}},"10":{"start":{"line":30,"column":4},"end":{"line":30,"column":27}},"11":{"start":{"line":32,"column":2},"end":{"line":32,"column":15}},"12":{"start":{"line":39,"column":2},"end":{"line":44,"column":3}},"13":{"start":{"line":40,"column":16},"end":{"line":40,"column":40}},"14":{"start":{"line":41,"column":21},"end":{"line":41,"column":80}},"15":{"start":{"line":43,"column":4},"end":{"line":43,"column":40}},"16":{"start":{"line":46,"column":2},"end":{"line":46,"column":22}},"17":{"start":{"line":50,"column":2},"end":{"line":50,"column":36}},"18":{"start":{"line":51,"column":2},"end":{"line":51,"column":36}},"19":{"start":{"line":55,"column":2},"end":{"line":55,"column":35}},"20":{"start":{"line":56,"column":2},"end":{"line":56,"column":44}},"21":{"start":{"line":60,"column":2},"end":{"line":60,"column":35}},"22":{"start":{"line":61,"column":2},"end":{"line":61,"column":45}},"23":{"start":{"line":65,"column":2},"end":{"line":67,"column":3}},"24":{"start":{"line":66,"column":4},"end":{"line":66,"column":17}},"25":{"start":{"line":69,"column":2},"end":{"line":79,"column":3}},"26":{"start":{"line":70,"column":4},"end":{"line":72,"column":5}},"27":{"start":{"line":71,"column":6},"end":{"line":71,"column":31}},"28":{"start":{"line":73,"column":4},"end":{"line":75,"column":5}},"29":{"start":{"line":74,"column":6},"end":{"line":74,"column":30}},"30":{"start":{"line":76,"column":4},"end":{"line":78,"column":5}},"31":{"start":{"line":77,"column":6},"end":{"line":77,"column":30}},"32":{"start":{"line":81,"column":2},"end":{"line":81,"column":27}}},"fnMap":{"0":{"name":"addUnit","decl":{"start":{"line":6,"column":16},"end":{"line":6,"column":23}},"loc":{"start":{"line":6,"column":69},"end":{"line":14,"column":1}},"line":6},"1":{"name":"getSizeStyle","decl":{"start":{"line":16,"column":16},"end":{"line":16,"column":28}},"loc":{"start":{"line":16,"column":59},"end":{"line":25,"column":1}},"line":16},"2":{"name":"getZIndexStyle","decl":{"start":{"line":27,"column":16},"end":{"line":27,"column":30}},"loc":{"start":{"line":27,"column":57},"end":{"line":33,"column":1}},"line":27},"3":{"name":"getRootFontSize","decl":{"start":{"line":38,"column":9},"end":{"line":38,"column":24}},"loc":{"start":{"line":38,"column":27},"end":{"line":47,"column":1}},"line":38},"4":{"name":"convertRem","decl":{"start":{"line":49,"column":9},"end":{"line":49,"column":19}},"loc":{"start":{"line":49,"column":35},"end":{"line":52,"column":1}},"line":49},"5":{"name":"convertVw","decl":{"start":{"line":54,"column":9},"end":{"line":54,"column":18}},"loc":{"start":{"line":54,"column":34},"end":{"line":57,"column":1}},"line":54},"6":{"name":"convertVh","decl":{"start":{"line":59,"column":9},"end":{"line":59,"column":18}},"loc":{"start":{"line":59,"column":34},"end":{"line":62,"column":1}},"line":59},"7":{"name":"unitToPx","decl":{"start":{"line":64,"column":16},"end":{"line":64,"column":24}},"loc":{"start":{"line":64,"column":57},"end":{"line":82,"column":1}},"line":64}},"branchMap":{"0":{"loc":{"start":{"line":7,"column":2},"end":{"line":9,"column":3}},"type":"if","locations":[{"start":{"line":7,"column":2},"end":{"line":9,"column":3}},{"start":{"line":7,"column":2},"end":{"line":9,"column":3}}],"line":7},"1":{"loc":{"start":{"line":13,"column":9},"end":{"line":13,"column":48}},"type":"cond-expr","locations":[{"start":{"line":13,"column":28},"end":{"line":13,"column":40}},{"start":{"line":13,"column":43},"end":{"line":13,"column":48}}],"line":13},"2":{"loc":{"start":{"line":17,"column":2},"end":{"line":23,"column":3}},"type":"if","locations":[{"start":{"line":17,"column":2},"end":{"line":23,"column":3}},{"start":{"line":17,"column":2},"end":{"line":23,"column":3}}],"line":17},"3":{"loc":{"start":{"line":29,"column":2},"end":{"line":31,"column":3}},"type":"if","locations":[{"start":{"line":29,"column":2},"end":{"line":31,"column":3}},{"start":{"line":29,"column":2},"end":{"line":31,"column":3}}],"line":29},"4":{"loc":{"start":{"line":39,"column":2},"end":{"line":44,"column":3}},"type":"if","locations":[{"start":{"line":39,"column":2},"end":{"line":44,"column":3}},{"start":{"line":39,"column":2},"end":{"line":44,"column":3}}],"line":39},"5":{"loc":{"start":{"line":41,"column":21},"end":{"line":41,"column":80}},"type":"binary-expr","locations":[{"start":{"line":41,"column":21},"end":{"line":41,"column":39}},{"start":{"line":41,"column":43},"end":{"line":41,"column":80}}],"line":41},"6":{"loc":{"start":{"line":65,"column":2},"end":{"line":67,"column":3}},"type":"if","locations":[{"start":{"line":65,"column":2},"end":{"line":67,"column":3}},{"start":{"line":65,"column":2},"end":{"line":67,"column":3}}],"line":65},"7":{"loc":{"start":{"line":69,"column":2},"end":{"line":79,"column":3}},"type":"if","locations":[{"start":{"line":69,"column":2},"end":{"line":79,"column":3}},{"start":{"line":69,"column":2},"end":{"line":79,"column":3}}],"line":69},"8":{"loc":{"start":{"line":70,"column":4},"end":{"line":72,"column":5}},"type":"if","locations":[{"start":{"line":70,"column":4},"end":{"line":72,"column":5}},{"start":{"line":70,"column":4},"end":{"line":72,"column":5}}],"line":70},"9":{"loc":{"start":{"line":73,"column":4},"end":{"line":75,"column":5}},"type":"if","locations":[{"start":{"line":73,"column":4},"end":{"line":75,"column":5}},{"start":{"line":73,"column":4},"end":{"line":75,"column":5}}],"line":73},"10":{"loc":{"start":{"line":76,"column":4},"end":{"line":78,"column":5}},"type":"if","locations":[{"start":{"line":76,"column":4},"end":{"line":78,"column":5}},{"start":{"line":76,"column":4},"end":{"line":78,"column":5}}],"line":76}},"s":{"0":4,"1":2,"2":2,"3":2,"4":2,"5":2,"6":2,"7":0,"8":0,"9":0,"10":0,"11":0,"12":0,"13":0,"14":0,"15":0,"16":0,"17":0,"18":0,"19":0,"20":0,"21":0,"22":0,"23":0,"24":0,"25":0,"26":0,"27":0,"28":0,"29":0,"30":0,"31":0,"32":0},"f":{"0":4,"1":2,"2":0,"3":0,"4":0,"5":0,"6":0,"7":0},"b":{"0":[2,2],"1":[0,2],"2":[2,0],"3":[0,0],"4":[0,0],"5":[0,0],"6":[0,0],"7":[0,0],"8":[0,0],"9":[0,0],"10":[0,0]},"_coverageSchema":"1a1c01bbd47fc00a2c39e90264f33305004495a9","hash":"d5b704d137e487c6048fc2dc1b6681c272a0fb9a"}
,"/Users/rancui/Desktop/rc-ui-lib/packages/rc-ui-lib/src/utils/validate/date.ts": {"path":"/Users/rancui/Desktop/rc-ui-lib/packages/rc-ui-lib/src/utils/validate/date.ts","statementMap":{"0":{"start":{"line":4,"column":2},"end":{"line":4,"column":90}}},"fnMap":{"0":{"name":"isDate","decl":{"start":{"line":3,"column":16},"end":{"line":3,"column":22}},"loc":{"start":{"line":3,"column":47},"end":{"line":5,"column":1}},"line":3}},"branchMap":{"0":{"loc":{"start":{"line":4,"column":9},"end":{"line":4,"column":89}},"type":"binary-expr","locations":[{"start":{"line":4,"column":9},"end":{"line":4,"column":64}},{"start":{"line":4,"column":68},"end":{"line":4,"column":89}}],"line":4}},"s":{"0":0},"f":{"0":0},"b":{"0":[0,0]}}
,"/Users/rancui/Desktop/rc-ui-lib/packages/rc-ui-lib/src/utils/validate/number.ts": {"path":"/Users/rancui/Desktop/rc-ui-lib/packages/rc-ui-lib/src/utils/validate/number.ts","statementMap":{"0":{"start":{"line":2,"column":2},"end":{"line":2,"column":35}},"1":{"start":{"line":6,"column":2},"end":{"line":8,"column":3}},"2":{"start":{"line":7,"column":4},"end":{"line":7,"column":29}},"3":{"start":{"line":11,"column":2},"end":{"line":11,"column":21}}},"fnMap":{"0":{"name":"isNumeric","decl":{"start":{"line":1,"column":16},"end":{"line":1,"column":25}},"loc":{"start":{"line":1,"column":48},"end":{"line":3,"column":1}},"line":1},"1":{"name":"isNaN","decl":{"start":{"line":5,"column":16},"end":{"line":5,"column":21}},"loc":{"start":{"line":5,"column":54},"end":{"line":12,"column":1}},"line":5}},"branchMap":{"0":{"loc":{"start":{"line":6,"column":2},"end":{"line":8,"column":3}},"type":"if","locations":[{"start":{"line":6,"column":2},"end":{"line":8,"column":3}},{"start":{"line":6,"column":2},"end":{"line":8,"column":3}}],"line":6}},"s":{"0":2,"1":0,"2":0,"3":0},"f":{"0":2,"1":0},"b":{"0":[0,0]},"_coverageSchema":"1a1c01bbd47fc00a2c39e90264f33305004495a9","hash":"0b27e7d8a5b3a106d522f1678c92f6ee1e2e8c4f"}
,"/Users/rancui/Desktop/rc-ui-lib/packages/rc-ui-lib/src/utils/validate/system.ts": {"path":"/Users/rancui/Desktop/rc-ui-lib/packages/rc-ui-lib/src/utils/validate/system.ts","statementMap":{"0":{"start":{"line":4,"column":2},"end":{"line":4,"column":79}},"1":{"start":{"line":8,"column":2},"end":{"line":8,"column":92}}},"fnMap":{"0":{"name":"isAndroid","decl":{"start":{"line":3,"column":16},"end":{"line":3,"column":25}},"loc":{"start":{"line":3,"column":37},"end":{"line":5,"column":1}},"line":3},"1":{"name":"isIOS","decl":{"start":{"line":7,"column":16},"end":{"line":7,"column":21}},"loc":{"start":{"line":7,"column":33},"end":{"line":9,"column":1}},"line":7}},"branchMap":{"0":{"loc":{"start":{"line":4,"column":9},"end":{"line":4,"column":78}},"type":"cond-expr","locations":[{"start":{"line":4,"column":21},"end":{"line":4,"column":70}},{"start":{"line":4,"column":73},"end":{"line":4,"column":78}}],"line":4},"1":{"loc":{"start":{"line":8,"column":9},"end":{"line":8,"column":91}},"type":"cond-expr","locations":[{"start":{"line":8,"column":21},"end":{"line":8,"column":83}},{"start":{"line":8,"column":86},"end":{"line":8,"column":91}}],"line":8}},"s":{"0":0,"1":1},"f":{"0":0,"1":1},"b":{"0":[0,0],"1":[1,0]},"_coverageSchema":"1a1c01bbd47fc00a2c39e90264f33305004495a9","hash":"fd403889a99268037698b68703b00ac4e5e60f8d"}
}
