TN:
SF:src/index.ts
FNF:0
FNH:0
LF:0
LH:0
BRF:0
BRH:0
end_of_record
TN:
SF:src/action-bar/ActionBar.tsx
FN:7,(anonymous_0)
FN:11,(anonymous_1)
FN:21,(anonymous_2)
FNF:3
FNH:0
FNDA:0,(anonymous_0)
FNDA:0,(anonymous_1)
FNDA:0,(anonymous_2)
DA:7,0
DA:8,0
DA:9,0
DA:11,0
DA:13,0
DA:22,0
DA:31,0
LF:7
LH:0
BRF:0
BRH:0
end_of_record
TN:
SF:src/action-bar/ActionBarButton.tsx
FN:8,(anonymous_0)
FN:16,(anonymous_1)
FN:24,(anonymous_2)
FNF:3
FNH:0
FNDA:0,(anonymous_0)
FNDA:0,(anonymous_1)
FNDA:0,(anonymous_2)
DA:8,0
DA:9,0
DA:11,0
DA:12,0
DA:14,0
DA:16,0
DA:17,0
DA:18,0
DA:19,0
DA:21,0
DA:24,0
DA:25,0
DA:26,0
DA:27,0
DA:29,0
DA:32,0
DA:58,0
LF:17
LH:0
BRDA:17,0,0,0
BRDA:17,0,1,0
BRDA:19,1,0,0
BRDA:19,1,1,0
BRDA:25,2,0,0
BRDA:25,2,1,0
BRDA:27,3,0,0
BRDA:27,3,1,0
BRDA:53,4,0,0
BRDA:53,4,1,0
BRF:10
BRH:0
end_of_record
TN:
SF:src/action-bar/ActionBarContext.ts
FNF:0
FNH:0
DA:7,0
LF:1
LH:0
BRF:0
BRH:0
end_of_record
TN:
SF:src/action-bar/ActionBarIcon.tsx
FN:8,(anonymous_0)
FN:12,(anonymous_1)
FNF:2
FNH:0
FNDA:0,(anonymous_0)
FNDA:0,(anonymous_1)
DA:8,0
DA:9,0
DA:10,0
DA:12,0
DA:13,0
DA:14,0
DA:15,0
DA:26,0
DA:27,0
DA:33,0
DA:36,0
LF:11
LH:0
BRDA:14,0,0,0
BRDA:14,0,1,0
BRDA:26,1,0,0
BRDA:26,1,1,0
BRDA:45,2,0,0
BRDA:45,2,1,0
BRF:6
BRH:0
end_of_record
TN:
SF:src/action-bar/PropsType.ts
FNF:0
FNH:0
LF:0
LH:0
BRF:0
BRH:0
end_of_record
TN:
SF:src/action-bar/index.tsx
FNF:0
FNH:0
DA:5,0
LF:1
LH:0
BRF:0
BRH:0
end_of_record
TN:
SF:src/action-bar/demo/index.tsx
FN:7,(anonymous_0)
FN:13,(anonymous_1)
FN:14,(anonymous_2)
FN:15,(anonymous_3)
FN:19,(anonymous_4)
FN:29,(anonymous_5)
FN:35,(anonymous_6)
FN:41,(anonymous_7)
FN:46,(anonymous_8)
FN:51,(anonymous_9)
FN:61,(anonymous_10)
FN:66,(anonymous_11)
FN:72,(anonymous_12)
FN:77,(anonymous_13)
FN:82,(anonymous_14)
FN:91,(anonymous_15)
FN:96,(anonymous_16)
FN:102,(anonymous_17)
FN:108,(anonymous_18)
FNF:19
FNH:0
FNDA:0,(anonymous_0)
FNDA:0,(anonymous_1)
FNDA:0,(anonymous_2)
FNDA:0,(anonymous_3)
FNDA:0,(anonymous_4)
FNDA:0,(anonymous_5)
FNDA:0,(anonymous_6)
FNDA:0,(anonymous_7)
FNDA:0,(anonymous_8)
FNDA:0,(anonymous_9)
FNDA:0,(anonymous_10)
FNDA:0,(anonymous_11)
FNDA:0,(anonymous_12)
FNDA:0,(anonymous_13)
FNDA:0,(anonymous_14)
FNDA:0,(anonymous_15)
FNDA:0,(anonymous_16)
FNDA:0,(anonymous_17)
FNDA:0,(anonymous_18)
DA:8,0
DA:9,0
DA:13,0
DA:14,0
DA:15,0
DA:19,0
DA:29,0
DA:35,0
DA:41,0
DA:46,0
DA:51,0
DA:61,0
DA:66,0
DA:72,0
DA:77,0
DA:82,0
DA:91,0
DA:96,0
DA:102,0
DA:108,0
LF:20
LH:0
BRF:0
BRH:0
end_of_record
TN:
SF:src/action-sheet/ActionSheet.tsx
FN:11,(anonymous_0)
FN:15,(anonymous_1)
FN:20,(anonymous_2)
FN:37,(anonymous_3)
FN:52,(anonymous_4)
FN:70,(anonymous_5)
FN:82,(anonymous_6)
FN:100,(anonymous_7)
FN:107,(anonymous_8)
FNF:9
FNH:0
FNDA:0,(anonymous_0)
FNDA:0,(anonymous_1)
FNDA:0,(anonymous_2)
FNDA:0,(anonymous_3)
FNDA:0,(anonymous_4)
FNDA:0,(anonymous_5)
FNDA:0,(anonymous_6)
FNDA:0,(anonymous_7)
FNDA:0,(anonymous_8)
DA:11,0
DA:12,0
DA:13,0
DA:15,0
DA:16,0
DA:17,0
DA:20,0
DA:21,0
DA:22,0
DA:37,0
DA:38,0
DA:39,0
DA:52,0
DA:53,0
DA:55,0
DA:70,0
DA:71,0
DA:72,0
DA:75,0
DA:76,0
DA:79,0
DA:80,0
DA:82,0
DA:83,0
DA:87,0
DA:100,0
DA:101,0
DA:102,0
DA:104,0
DA:107,0
DA:108,0
DA:109,0
DA:111,0
DA:114,0
DA:134,0
LF:35
LH:0
BRDA:21,0,0,0
BRDA:21,0,1,0
BRDA:25,1,0,0
BRDA:25,1,1,0
BRDA:26,2,0,0
BRDA:26,2,1,0
BRDA:38,3,0,0
BRDA:38,3,1,0
BRDA:55,4,0,0
BRDA:55,4,1,0
BRDA:62,5,0,0
BRDA:62,5,1,0
BRDA:71,6,0,0
BRDA:71,6,1,0
BRDA:71,7,0,0
BRDA:71,7,1,0
BRDA:75,8,0,0
BRDA:75,8,1,0
BRDA:79,9,0,0
BRDA:79,9,1,0
BRDA:101,10,0,0
BRDA:101,10,1,0
BRDA:108,11,0,0
BRDA:108,11,1,0
BRF:24
BRH:0
end_of_record
TN:
SF:src/action-sheet/PropsType.ts
FNF:0
FNH:0
LF:0
LH:0
BRF:0
BRH:0
end_of_record
TN:
SF:src/action-sheet/index.tsx
FNF:0
FNH:0
LF:0
LH:0
BRF:0
BRH:0
end_of_record
TN:
SF:src/action-sheet/demo/index.tsx
FN:15,(anonymous_0)
FN:18,(anonymous_1)
FN:22,(anonymous_2)
FN:23,(anonymous_3)
FN:24,(anonymous_4)
FN:28,(anonymous_5)
FN:32,(anonymous_6)
FNF:7
FNH:0
FNDA:0,(anonymous_0)
FNDA:0,(anonymous_1)
FNDA:0,(anonymous_2)
FNDA:0,(anonymous_3)
FNDA:0,(anonymous_4)
FNDA:0,(anonymous_5)
FNDA:0,(anonymous_6)
DA:7,0
DA:8,0
DA:9,0
DA:16,0
DA:17,0
DA:18,0
DA:19,0
DA:22,0
DA:23,0
DA:24,0
DA:28,0
DA:32,0
LF:12
LH:0
BRF:0
BRH:0
end_of_record
TN:
SF:src/badge/Badge.tsx
FN:8,(anonymous_0)
FN:14,(anonymous_1)
FN:21,(anonymous_2)
FN:32,(anonymous_3)
FNF:4
FNH:4
FNDA:88,(anonymous_0)
FNDA:93,(anonymous_1)
FNDA:10,(anonymous_2)
FNDA:88,(anonymous_3)
DA:8,5
DA:9,88
DA:11,88
DA:12,88
DA:14,88
DA:18,93
DA:21,88
DA:22,10
DA:23,5
DA:24,1
DA:27,4
DA:29,5
DA:32,88
DA:33,88
DA:34,10
DA:38,10
DA:39,5
DA:41,5
DA:42,4
DA:43,4
DA:44,2
DA:46,2
DA:49,1
DA:50,1
DA:54,10
DA:55,3
DA:57,10
DA:71,78
DA:74,88
DA:75,84
DA:88,4
DA:91,5
LF:32
LH:32
BRDA:18,0,0,93
BRDA:18,0,1,12
BRDA:18,0,2,11
BRDA:18,0,3,1
BRDA:22,1,0,5
BRDA:22,1,1,5
BRDA:22,2,0,10
BRDA:22,2,1,5
BRDA:23,3,0,1
BRDA:23,3,1,4
BRDA:23,4,0,5
BRDA:23,4,1,1
BRDA:23,4,2,1
BRDA:33,5,0,10
BRDA:33,5,1,78
BRDA:33,6,0,88
BRDA:33,6,1,83
BRDA:38,7,0,5
BRDA:38,7,1,5
BRDA:41,8,0,4
BRDA:41,8,1,1
BRDA:43,9,0,2
BRDA:43,9,1,2
BRDA:46,10,0,1
BRDA:46,10,1,1
BRDA:54,11,0,3
BRDA:54,11,1,7
BRDA:61,12,0,10
BRDA:61,12,1,0
BRDA:74,13,0,84
BRDA:74,13,1,4
BRF:31
BRH:30
end_of_record
TN:
SF:src/badge/PropsType.ts
FNF:0
FNH:0
LF:0
LH:0
BRF:0
BRH:0
end_of_record
TN:
SF:src/badge/index.tsx
FNF:0
FNH:0
LF:0
LH:0
BRF:0
BRH:0
end_of_record
TN:
SF:src/badge/demo/index.tsx
FN:6,(anonymous_0)
FNF:1
FNH:0
FNDA:0,(anonymous_0)
DA:7,0
DA:8,0
LF:2
LH:0
BRF:0
BRH:0
end_of_record
TN:
SF:src/button/Button.tsx
FN:9,(anonymous_0)
FN:65,onClick
FN:71,(anonymous_2)
FN:86,(anonymous_3)
FN:104,(anonymous_4)
FN:122,(anonymous_5)
FNF:6
FNH:5
FNDA:11,(anonymous_0)
FNDA:1,onClick
FNDA:0,(anonymous_2)
FNDA:11,(anonymous_3)
FNDA:11,(anonymous_4)
FNDA:11,(anonymous_5)
DA:9,1
DA:22,11
DA:24,11
DA:25,11
DA:27,11
DA:47,11
DA:49,11
DA:50,1
DA:52,1
DA:54,1
DA:58,1
DA:59,1
DA:61,0
DA:66,1
DA:67,0
DA:71,11
DA:72,0
DA:73,0
DA:74,0
DA:83,0
DA:86,11
DA:87,11
DA:88,0
DA:91,11
DA:92,1
DA:97,10
DA:98,0
DA:101,10
DA:104,11
DA:106,11
DA:107,0
DA:109,11
DA:112,11
DA:113,1
DA:119,10
DA:122,11
DA:123,11
DA:130,11
DA:143,1
LF:39
LH:30
BRDA:49,0,0,1
BRDA:49,0,1,10
BRDA:50,1,0,0
BRDA:50,1,1,1
BRDA:52,2,0,1
BRDA:52,2,1,0
BRDA:58,3,0,1
BRDA:58,3,1,0
BRDA:66,4,0,0
BRDA:66,4,1,1
BRDA:66,5,0,1
BRDA:66,5,1,1
BRDA:66,5,2,1
BRDA:72,6,0,0
BRDA:72,6,1,0
BRDA:73,7,0,0
BRDA:79,8,0,0
BRDA:79,8,1,0
BRDA:87,9,0,0
BRDA:87,9,1,11
BRDA:91,10,0,1
BRDA:91,10,1,10
BRDA:97,11,0,0
BRDA:97,11,1,10
BRDA:106,12,0,0
BRDA:106,12,1,11
BRDA:109,13,0,11
BRDA:109,13,1,10
BRDA:112,14,0,1
BRDA:112,14,1,10
BRDA:124,15,0,11
BRDA:124,15,1,11
BRDA:126,16,0,11
BRDA:126,16,1,0
BRF:34
BRH:21
end_of_record
TN:
SF:src/button/ButtonGroup.tsx
FN:6,(anonymous_0)
FNF:1
FNH:0
FNDA:0,(anonymous_0)
DA:6,1
DA:7,0
DA:8,0
DA:10,0
LF:4
LH:1
BRF:0
BRH:0
end_of_record
TN:
SF:src/button/PropsType.ts
FNF:0
FNH:0
LF:0
LH:0
BRF:0
BRH:0
end_of_record
TN:
SF:src/button/index.tsx
FNF:0
FNH:0
DA:4,1
LF:1
LH:1
BRF:0
BRH:0
end_of_record
TN:
SF:src/button/__test__/demo.spec.tsx
FNF:0
FNH:0
DA:3,0
LF:1
LH:0
BRF:0
BRH:0
end_of_record
TN:
SF:src/button/demo/index.tsx
FN:6,(anonymous_0)
FNF:1
FNH:0
FNDA:0,(anonymous_0)
DA:7,0
DA:8,0
LF:2
LH:0
BRF:0
BRH:0
end_of_record
TN:
SF:src/cascader/Cascader.tsx
FN:17,(anonymous_0)
FN:38,(anonymous_1)
FN:59,(anonymous_2)
FN:66,(anonymous_3)
FN:72,(anonymous_4)
FN:88,(anonymous_5)
FN:106,(anonymous_6)
FN:132,(anonymous_7)
FN:148,(anonymous_8)
FN:150,(anonymous_9)
FN:155,(anonymous_10)
FN:159,(anonymous_11)
FN:160,(anonymous_12)
FN:176,(anonymous_13)
FN:187,(anonymous_14)
FN:194,(anonymous_15)
FN:217,(anonymous_16)
FN:225,(anonymous_17)
FN:231,(anonymous_18)
FN:235,(anonymous_19)
FN:253,(anonymous_20)
FN:267,(anonymous_21)
FN:271,(anonymous_22)
FN:278,(anonymous_23)
FN:283,(anonymous_24)
FN:285,(anonymous_25)
FNF:26
FNH:0
FNDA:0,(anonymous_0)
FNDA:0,(anonymous_1)
FNDA:0,(anonymous_2)
FNDA:0,(anonymous_3)
FNDA:0,(anonymous_4)
FNDA:0,(anonymous_5)
FNDA:0,(anonymous_6)
FNDA:0,(anonymous_7)
FNDA:0,(anonymous_8)
FNDA:0,(anonymous_9)
FNDA:0,(anonymous_10)
FNDA:0,(anonymous_11)
FNDA:0,(anonymous_12)
FNDA:0,(anonymous_13)
FNDA:0,(anonymous_14)
FNDA:0,(anonymous_15)
FNDA:0,(anonymous_16)
FNDA:0,(anonymous_17)
FNDA:0,(anonymous_18)
FNDA:0,(anonymous_19)
FNDA:0,(anonymous_20)
FNDA:0,(anonymous_21)
FNDA:0,(anonymous_22)
FNDA:0,(anonymous_23)
FNDA:0,(anonymous_24)
FNDA:0,(anonymous_25)
DA:12,0
DA:17,0
DA:18,0
DA:19,0
DA:21,0
DA:23,0
DA:29,0
DA:38,0
DA:42,0
DA:43,0
DA:45,0
DA:46,0
DA:49,0
DA:50,0
DA:51,0
DA:52,0
DA:56,0
DA:59,0
DA:60,0
DA:61,0
DA:63,0
DA:64,0
DA:66,0
DA:67,0
DA:72,0
DA:73,0
DA:74,0
DA:77,0
DA:80,0
DA:81,0
DA:87,0
DA:88,0
DA:89,0
DA:92,0
DA:96,0
DA:106,0
DA:107,0
DA:108,0
DA:110,0
DA:112,0
DA:114,0
DA:115,0
DA:118,0
DA:119,0
DA:124,0
DA:125,0
DA:127,0
DA:129,0
DA:132,0
DA:134,0
DA:140,0
DA:141,0
DA:143,0
DA:144,0
DA:148,0
DA:150,0
DA:151,0
DA:152,0
DA:155,0
DA:156,0
DA:157,0
DA:158,0
DA:159,0
DA:160,0
DA:161,0
DA:162,0
DA:165,0
DA:166,0
DA:168,0
DA:171,0
DA:172,0
DA:176,0
DA:177,0
DA:178,0
DA:179,0
DA:181,0
DA:182,0
DA:184,0
DA:187,0
DA:188,0
DA:194,0
DA:199,0
DA:200,0
DA:201,0
DA:206,0
DA:217,0
DA:225,0
DA:230,0
DA:231,0
DA:235,0
DA:236,0
DA:237,0
DA:238,0
DA:253,0
DA:254,0
DA:267,0
DA:268,0
DA:271,0
DA:272,0
DA:273,0
DA:274,0
DA:275,0
DA:278,0
DA:279,0
DA:280,0
DA:283,0
DA:284,0
DA:285,0
DA:286,0
DA:287,0
DA:290,0
DA:293,0
DA:301,0
LF:113
LH:0
BRDA:45,0,0,0
BRDA:45,0,1,0
BRDA:49,1,0,0
BRDA:49,1,1,0
BRDA:51,2,0,0
BRDA:51,2,1,0
BRDA:60,3,0,0
BRDA:60,3,1,0
BRDA:60,4,0,0
BRDA:60,4,1,0
BRDA:63,5,0,0
BRDA:63,5,1,0
BRDA:73,6,0,0
BRDA:73,6,1,0
BRDA:80,7,0,0
BRDA:80,7,1,0
BRDA:107,8,0,0
BRDA:107,8,1,0
BRDA:114,9,0,0
BRDA:114,9,1,0
BRDA:118,10,0,0
BRDA:118,10,1,0
BRDA:124,11,0,0
BRDA:124,11,1,0
BRDA:143,12,0,0
BRDA:143,12,1,0
BRDA:156,13,0,0
BRDA:156,13,1,0
BRDA:156,14,0,0
BRDA:156,14,1,0
BRDA:161,15,0,0
BRDA:161,15,1,0
BRDA:177,16,0,0
BRDA:177,16,1,0
BRDA:178,17,0,0
BRDA:178,17,1,0
BRDA:181,18,0,0
BRDA:181,18,1,0
BRDA:199,19,0,0
BRDA:199,19,1,0
BRDA:200,20,0,0
BRDA:200,20,1,0
BRDA:200,21,0,0
BRDA:200,21,1,0
BRDA:201,22,0,0
BRDA:201,22,1,0
BRDA:220,23,0,0
BRDA:220,23,1,0
BRDA:237,24,0,0
BRDA:237,24,1,0
BRDA:237,25,0,0
BRDA:237,25,1,0
BRDA:272,26,0,0
BRDA:272,26,1,0
BRDA:273,27,0,0
BRDA:273,27,1,0
BRDA:273,28,0,0
BRDA:273,28,1,0
BRDA:273,28,2,0
BRDA:284,29,0,0
BRDA:284,29,1,0
BRDA:284,30,0,0
BRDA:284,30,1,0
BRDA:286,31,0,0
BRDA:286,31,1,0
BRDA:296,32,0,0
BRDA:296,32,1,0
BRF:67
BRH:0
end_of_record
TN:
SF:src/cascader/PropsType.ts
FNF:0
FNH:0
LF:0
LH:0
BRF:0
BRH:0
end_of_record
TN:
SF:src/cascader/index.tsx
FNF:0
FNH:0
LF:0
LH:0
BRF:0
BRH:0
end_of_record
TN:
SF:src/cascader/demo/index.tsx
FN:130,(anonymous_0)
FN:152,(anonymous_1)
FN:155,(anonymous_2)
FN:176,(anonymous_3)
FN:178,(anonymous_4)
FN:182,(anonymous_5)
FN:183,(anonymous_6)
FN:184,(anonymous_7)
FN:196,(anonymous_8)
FN:198,(anonymous_9)
FN:203,(anonymous_10)
FN:204,(anonymous_11)
FN:205,(anonymous_12)
FN:217,(anonymous_13)
FN:219,(anonymous_14)
FN:224,(anonymous_15)
FN:225,(anonymous_16)
FN:226,(anonymous_17)
FN:239,(anonymous_18)
FN:241,(anonymous_19)
FN:261,(anonymous_20)
FN:262,(anonymous_21)
FN:263,(anonymous_22)
FN:276,(anonymous_23)
FN:283,(anonymous_24)
FN:292,(anonymous_25)
FN:297,(anonymous_26)
FN:298,(anonymous_27)
FN:301,(anonymous_28)
FN:302,(anonymous_29)
FN:312,getTextFromValue
FN:314,(anonymous_31)
FN:315,(anonymous_32)
FNF:33
FNH:0
FNDA:0,(anonymous_0)
FNDA:0,(anonymous_1)
FNDA:0,(anonymous_2)
FNDA:0,(anonymous_3)
FNDA:0,(anonymous_4)
FNDA:0,(anonymous_5)
FNDA:0,(anonymous_6)
FNDA:0,(anonymous_7)
FNDA:0,(anonymous_8)
FNDA:0,(anonymous_9)
FNDA:0,(anonymous_10)
FNDA:0,(anonymous_11)
FNDA:0,(anonymous_12)
FNDA:0,(anonymous_13)
FNDA:0,(anonymous_14)
FNDA:0,(anonymous_15)
FNDA:0,(anonymous_16)
FNDA:0,(anonymous_17)
FNDA:0,(anonymous_18)
FNDA:0,(anonymous_19)
FNDA:0,(anonymous_20)
FNDA:0,(anonymous_21)
FNDA:0,(anonymous_22)
FNDA:0,(anonymous_23)
FNDA:0,(anonymous_24)
FNDA:0,(anonymous_25)
FNDA:0,(anonymous_26)
FNDA:0,(anonymous_27)
FNDA:0,(anonymous_28)
FNDA:0,(anonymous_29)
FNDA:0,getTextFromValue
FNDA:0,(anonymous_31)
FNDA:0,(anonymous_32)
DA:7,0
DA:131,0
DA:132,0
DA:145,0
DA:152,0
DA:153,0
DA:154,0
DA:155,0
DA:156,0
DA:157,0
DA:158,0
DA:162,0
DA:167,0
DA:176,0
DA:178,0
DA:182,0
DA:184,0
DA:196,0
DA:198,0
DA:203,0
DA:205,0
DA:217,0
DA:219,0
DA:224,0
DA:226,0
DA:239,0
DA:241,0
DA:261,0
DA:263,0
DA:276,0
DA:284,0
DA:292,0
DA:297,0
DA:299,0
DA:301,0
DA:302,0
DA:313,0
DA:314,0
DA:315,0
DA:316,0
DA:317,0
DA:319,0
LF:42
LH:0
BRDA:153,0,0,0
BRDA:153,0,1,0
BRF:2
BRH:0
end_of_record
TN:
SF:src/cell/Cell.tsx
FN:8,(anonymous_0)
FN:12,(anonymous_1)
FN:21,(anonymous_2)
FN:33,(anonymous_3)
FN:47,(anonymous_4)
FN:65,(anonymous_5)
FNF:6
FNH:0
FNDA:0,(anonymous_0)
FNDA:0,(anonymous_1)
FNDA:0,(anonymous_2)
FNDA:0,(anonymous_3)
FNDA:0,(anonymous_4)
FNDA:0,(anonymous_5)
DA:8,0
DA:9,0
DA:10,0
DA:12,0
DA:13,0
DA:15,0
DA:16,0
DA:18,0
DA:21,0
DA:22,0
DA:23,0
DA:30,0
DA:33,0
DA:34,0
DA:35,0
DA:37,0
DA:38,0
DA:44,0
DA:47,0
DA:48,0
DA:49,0
DA:58,0
DA:59,0
DA:62,0
DA:65,0
DA:66,0
DA:67,0
DA:70,0
DA:71,0
DA:72,0
DA:74,0
DA:77,0
DA:78,0
DA:80,0
DA:86,0
DA:87,0
DA:89,0
LF:37
LH:0
BRDA:15,0,0,0
BRDA:15,0,1,0
BRDA:22,1,0,0
BRDA:22,1,1,0
BRDA:35,2,0,0
BRDA:35,2,1,0
BRDA:37,3,0,0
BRDA:37,3,1,0
BRDA:40,4,0,0
BRDA:40,4,1,0
BRDA:48,5,0,0
BRDA:48,5,1,0
BRDA:58,6,0,0
BRDA:58,6,1,0
BRDA:66,7,0,0
BRDA:66,7,1,0
BRDA:70,8,0,0
BRDA:70,8,1,0
BRDA:71,9,0,0
BRDA:71,9,1,0
BRDA:77,10,0,0
BRDA:78,11,0,0
BRDA:78,11,1,0
BRDA:86,12,0,0
BRDA:86,12,1,0
BRDA:93,13,0,0
BRDA:93,13,1,0
BRF:27
BRH:0
end_of_record
TN:
SF:src/cell/CellGroup.tsx
FN:7,(anonymous_0)
FN:13,(anonymous_1)
FN:19,(anonymous_2)
FNF:3
FNH:0
FNDA:0,(anonymous_0)
FNDA:0,(anonymous_1)
FNDA:0,(anonymous_2)
DA:7,0
DA:8,0
DA:10,0
DA:11,0
DA:13,0
DA:14,0
DA:19,0
DA:21,0
DA:22,0
DA:29,0
DA:32,0
LF:11
LH:0
BRDA:14,0,0,0
BRDA:14,0,1,0
BRDA:21,1,0,0
BRDA:21,1,1,0
BRF:4
BRH:0
end_of_record
TN:
SF:src/cell/PropsType.ts
FNF:0
FNH:0
LF:0
LH:0
BRF:0
BRH:0
end_of_record
TN:
SF:src/cell/index.ts
FNF:0
FNH:0
DA:4,0
LF:1
LH:0
BRF:0
BRH:0
end_of_record
TN:
SF:src/cell/demo/index.tsx
FN:6,(anonymous_0)
FNF:1
FNH:0
FNDA:0,(anonymous_0)
DA:7,0
DA:8,0
LF:2
LH:0
BRF:0
BRH:0
end_of_record
TN:
SF:src/checkbox/Checkbox.tsx
FN:8,(anonymous_0)
FN:17,(anonymous_1)
FN:45,(anonymous_2)
FN:52,(anonymous_3)
FN:61,(anonymous_4)
FNF:5
FNH:5
FNDA:62,(anonymous_0)
FNDA:3,(anonymous_1)
FNDA:36,(anonymous_2)
FNDA:10,(anonymous_3)
FNDA:43,(anonymous_4)
DA:8,1
DA:9,62
DA:10,62
DA:11,62
DA:12,62
DA:17,62
DA:18,3
DA:19,3
DA:20,3
DA:22,3
DA:23,1
DA:25,1
DA:26,0
DA:28,0
DA:29,0
DA:33,2
DA:35,2
DA:36,2
DA:38,2
DA:39,2
DA:45,62
DA:46,36
DA:47,18
DA:49,18
DA:52,62
DA:53,10
DA:54,3
DA:56,7
DA:57,7
DA:61,62
DA:67,62
DA:81,1
DA:82,1
LF:33
LH:30
BRDA:22,0,0,1
BRDA:22,0,1,2
BRDA:23,1,0,1
BRDA:23,1,1,1
BRDA:25,2,0,0
BRDA:25,2,1,1
BRDA:25,3,0,1
BRDA:25,3,1,0
BRDA:28,4,0,0
BRDA:28,4,1,0
BRDA:35,5,0,2
BRDA:35,5,1,0
BRDA:38,6,0,2
BRDA:38,6,1,0
BRDA:46,7,0,18
BRDA:46,7,1,18
BRDA:46,8,0,36
BRDA:46,8,1,19
BRDA:52,9,0,10
BRDA:53,10,0,3
BRDA:53,10,1,7
BRDA:53,11,0,10
BRDA:53,11,1,4
BRF:23
BRH:17
end_of_record
TN:
SF:src/checkbox/CheckboxContext.ts
FNF:0
FNH:0
DA:10,1
LF:1
LH:1
BRF:0
BRH:0
end_of_record
TN:
SF:src/checkbox/CheckboxGroup.tsx
FN:17,(anonymous_0)
FN:26,(anonymous_1)
FN:33,(anonymous_2)
FN:43,(anonymous_3)
FN:48,(anonymous_4)
FN:53,(anonymous_5)
FN:62,(anonymous_6)
FNF:7
FNH:7
FNDA:16,(anonymous_0)
FNDA:5,(anonymous_1)
FNDA:15,(anonymous_2)
FNDA:10,(anonymous_3)
FNDA:2,(anonymous_4)
FNDA:7,(anonymous_5)
FNDA:40,(anonymous_6)
DA:17,1
DA:18,16
DA:19,16
DA:20,16
DA:21,16
DA:26,16
DA:27,5
DA:28,3
DA:31,5
DA:33,5
DA:34,15
DA:35,1
DA:37,14
DA:38,1
DA:40,13
DA:43,10
DA:44,5
DA:45,5
DA:48,16
DA:49,2
DA:50,2
DA:53,16
DA:57,16
DA:63,40
DA:64,40
DA:71,1
LF:26
LH:26
BRDA:26,0,0,1
BRDA:27,1,0,3
BRDA:27,1,1,2
BRDA:34,2,0,1
BRDA:34,2,1,14
BRDA:37,3,0,1
BRDA:37,3,1,13
BRDA:37,4,0,14
BRDA:37,4,1,4
BRDA:40,5,0,13
BRDA:40,5,1,3
BRDA:63,6,0,0
BRDA:63,6,1,40
BRF:13
BRH:12
end_of_record
TN:
SF:src/checkbox/Checker.tsx
FN:9,(anonymous_0)
FN:12,(anonymous_1)
FN:20,(anonymous_2)
FN:23,(anonymous_3)
FN:25,(anonymous_4)
FN:36,(anonymous_5)
FN:51,(anonymous_6)
FN:70,(anonymous_7)
FNF:8
FNH:8
FNDA:71,(anonymous_0)
FNDA:230,(anonymous_1)
FNDA:59,(anonymous_2)
FNDA:59,(anonymous_3)
FNDA:43,(anonymous_4)
FNDA:16,(anonymous_5)
FNDA:71,(anonymous_6)
FNDA:71,(anonymous_7)
DA:9,2
DA:10,71
DA:12,71
DA:13,230
DA:14,130
DA:16,100
DA:19,71
DA:20,59
DA:23,71
DA:25,71
DA:26,43
DA:27,43
DA:28,2
DA:33,41
DA:36,71
DA:37,16
DA:38,16
DA:39,16
DA:41,16
DA:42,12
DA:43,12
DA:46,16
DA:47,5
DA:51,71
DA:52,71
DA:53,71
DA:55,71
DA:70,71
DA:71,71
DA:72,45
DA:78,26
DA:81,71
DA:105,2
LF:33
LH:33
BRDA:13,0,0,130
BRDA:13,0,1,100
BRDA:13,1,0,230
BRDA:13,1,1,138
BRDA:20,2,0,59
BRDA:20,2,1,59
BRDA:23,3,0,59
BRDA:23,3,1,59
BRDA:26,4,0,43
BRDA:26,4,1,42
BRDA:27,5,0,2
BRDA:27,5,1,41
BRDA:27,6,0,43
BRDA:27,6,1,2
BRDA:27,6,2,2
BRDA:39,7,0,16
BRDA:39,7,1,7
BRDA:41,8,0,12
BRDA:41,8,1,4
BRDA:41,9,0,16
BRDA:41,9,1,14
BRDA:41,9,2,7
BRDA:42,10,0,12
BRDA:42,10,1,0
BRDA:46,11,0,5
BRDA:46,11,1,11
BRDA:53,12,0,71
BRDA:53,12,1,70
BRDA:61,13,0,1
BRDA:61,13,1,70
BRDA:71,14,0,45
BRDA:71,14,1,26
BRDA:94,15,0,7
BRDA:94,15,1,64
BRDA:98,16,0,71
BRDA:98,16,1,5
BRDA:100,17,0,71
BRDA:100,17,1,66
BRF:38
BRH:37
end_of_record
TN:
SF:src/checkbox/PropsType.ts
FNF:0
FNH:0
LF:0
LH:0
BRF:0
BRH:0
end_of_record
TN:
SF:src/checkbox/index.tsx
FNF:0
FNH:0
DA:4,1
LF:1
LH:1
BRF:0
BRH:0
end_of_record
TN:
SF:src/checkbox/demo/index.tsx
FN:12,(anonymous_0)
FN:21,(anonymous_1)
FN:23,(anonymous_2)
FN:59,(anonymous_3)
FN:74,(anonymous_4)
FN:77,(anonymous_5)
FN:88,(anonymous_6)
FN:114,(anonymous_7)
FN:117,(anonymous_8)
FN:129,(anonymous_9)
FN:136,(anonymous_10)
FNF:11
FNH:0
FNDA:0,(anonymous_0)
FNDA:0,(anonymous_1)
FNDA:0,(anonymous_2)
FNDA:0,(anonymous_3)
FNDA:0,(anonymous_4)
FNDA:0,(anonymous_5)
FNDA:0,(anonymous_6)
FNDA:0,(anonymous_7)
FNDA:0,(anonymous_8)
FNDA:0,(anonymous_9)
FNDA:0,(anonymous_10)
DA:9,0
DA:10,0
DA:13,0
DA:15,0
DA:16,0
DA:17,0
DA:18,0
DA:19,0
DA:21,0
DA:22,0
DA:23,0
DA:25,0
DA:28,0
DA:60,0
DA:75,0
DA:77,0
DA:78,0
DA:79,0
DA:88,0
DA:114,0
DA:117,0
DA:129,0
DA:136,0
LF:23
LH:0
BRDA:22,0,0,0
BRDA:22,0,1,0
BRDA:60,1,0,0
BRDA:60,1,1,0
BRF:4
BRH:0
end_of_record
TN:
SF:src/circle/Circle.tsx
FN:11,format
FN:15,getPath
FN:29,(anonymous_2)
FN:36,(anonymous_3)
FN:43,(anonymous_4)
FN:45,(anonymous_5)
FN:47,(anonymous_6)
FN:57,(anonymous_7)
FN:64,(anonymous_8)
FN:88,(anonymous_9)
FN:104,(anonymous_10)
FN:114,(anonymous_11)
FN:122,(anonymous_12)
FN:124,(anonymous_13)
FN:135,(anonymous_14)
FNF:15
FNH:0
FNDA:0,format
FNDA:0,getPath
FNDA:0,(anonymous_2)
FNDA:0,(anonymous_3)
FNDA:0,(anonymous_4)
FNDA:0,(anonymous_5)
FNDA:0,(anonymous_6)
FNDA:0,(anonymous_7)
FNDA:0,(anonymous_8)
FNDA:0,(anonymous_9)
FNDA:0,(anonymous_10)
FNDA:0,(anonymous_11)
FNDA:0,(anonymous_12)
FNDA:0,(anonymous_13)
FNDA:0,(anonymous_14)
DA:9,0
DA:12,0
DA:16,0
DA:17,0
DA:22,0
DA:29,0
DA:30,0
DA:31,0
DA:34,0
DA:36,0
DA:38,0
DA:43,0
DA:45,0
DA:47,0
DA:48,0
DA:49,0
DA:50,0
DA:54,0
DA:57,0
DA:59,0
DA:60,0
DA:61,0
DA:62,0
DA:64,0
DA:65,0
DA:66,0
DA:67,0
DA:68,0
DA:70,0
DA:72,0
DA:73,0
DA:75,0
DA:78,0
DA:79,0
DA:80,0
DA:82,0
DA:84,0
DA:88,0
DA:89,0
DA:90,0
DA:91,0
DA:92,0
DA:94,0
DA:101,0
DA:104,0
DA:105,0
DA:111,0
DA:114,0
DA:115,0
DA:117,0
DA:118,0
DA:121,0
DA:122,0
DA:124,0
DA:126,0
DA:135,0
DA:136,0
DA:137,0
DA:139,0
DA:142,0
DA:157,0
LF:61
LH:0
BRDA:16,0,0,0
BRDA:16,0,1,0
BRDA:36,1,0,0
BRDA:36,1,1,0
BRDA:49,2,0,0
BRDA:49,2,1,0
BRDA:72,3,0,0
BRDA:72,3,1,0
BRDA:72,4,0,0
BRDA:72,4,1,0
BRDA:78,5,0,0
BRDA:78,5,1,0
BRDA:79,6,0,0
BRDA:79,6,1,0
BRDA:92,7,0,0
BRDA:92,7,1,0
BRDA:117,8,0,0
BRDA:117,8,1,0
BRDA:136,9,0,0
BRDA:136,9,1,0
BRF:20
BRH:0
end_of_record
TN:
SF:src/circle/PropsType.ts
FNF:0
FNH:0
LF:0
LH:0
BRF:0
BRH:0
end_of_record
TN:
SF:src/circle/index.tsx
FNF:0
FNH:0
LF:0
LH:0
BRF:0
BRH:0
end_of_record
TN:
SF:src/circle/demo/index.tsx
FN:8,(anonymous_0)
FN:10,(anonymous_1)
FN:14,(anonymous_2)
FN:15,(anonymous_3)
FN:18,(anonymous_4)
FN:19,(anonymous_5)
FNF:6
FNH:0
FNDA:0,(anonymous_0)
FNDA:0,(anonymous_1)
FNDA:0,(anonymous_2)
FNDA:0,(anonymous_3)
FNDA:0,(anonymous_4)
FNDA:0,(anonymous_5)
DA:8,0
DA:11,0
DA:12,0
DA:14,0
DA:15,0
DA:18,0
DA:19,0
DA:22,0
LF:8
LH:0
BRF:0
BRH:0
end_of_record
TN:
SF:src/collapse/Collapse.tsx
FN:12,validateModelValue
FN:27,(anonymous_1)
FN:32,(anonymous_2)
FN:33,(anonymous_3)
FN:39,(anonymous_4)
FN:48,(anonymous_5)
FN:53,(anonymous_6)
FN:63,(anonymous_7)
FN:76,(anonymous_8)
FNF:9
FNH:0
FNDA:0,validateModelValue
FNDA:0,(anonymous_1)
FNDA:0,(anonymous_2)
FNDA:0,(anonymous_3)
FNDA:0,(anonymous_4)
FNDA:0,(anonymous_5)
FNDA:0,(anonymous_6)
FNDA:0,(anonymous_7)
FNDA:0,(anonymous_8)
DA:16,0
DA:17,0
DA:18,0
DA:20,0
DA:21,0
DA:22,0
DA:24,0
DA:27,0
DA:28,0
DA:29,0
DA:31,0
DA:32,0
DA:33,0
DA:34,0
DA:35,0
DA:36,0
DA:39,0
DA:40,0
DA:41,0
DA:42,0
DA:43,0
DA:45,0
DA:46,0
DA:48,0
DA:50,0
DA:53,0
DA:54,0
DA:56,0
DA:57,0
DA:60,0
DA:63,0
DA:64,0
DA:65,0
DA:66,0
DA:68,0
DA:71,0
DA:77,0
DA:86,0
LF:38
LH:0
BRDA:16,0,0,0
BRDA:16,0,1,0
BRDA:16,1,0,0
BRDA:16,1,1,0
BRDA:20,2,0,0
BRDA:20,2,1,0
BRDA:20,3,0,0
BRDA:20,3,1,0
BRDA:32,4,0,0
BRDA:32,4,1,0
BRDA:41,5,0,0
BRDA:41,5,1,0
BRDA:42,6,0,0
BRDA:42,6,1,0
BRDA:45,7,0,0
BRDA:45,7,1,0
BRDA:56,8,0,0
BRDA:56,8,1,0
BRDA:56,9,0,0
BRDA:56,9,1,0
BRDA:60,10,0,0
BRDA:60,10,1,0
BRDA:64,11,0,0
BRDA:64,11,1,0
BRF:24
BRH:0
end_of_record
TN:
SF:src/collapse/CollapseContext.ts
FNF:0
FNH:0
DA:8,0
LF:1
LH:0
BRF:0
BRH:0
end_of_record
TN:
SF:src/collapse/CollapseItem.tsx
FN:20,(anonymous_0)
FN:29,(anonymous_1)
FN:30,(anonymous_2)
FN:37,(anonymous_3)
FN:40,(anonymous_4)
FN:48,(anonymous_5)
FN:53,(anonymous_6)
FN:64,(anonymous_7)
FN:73,(anonymous_8)
FN:77,(anonymous_9)
FN:83,(anonymous_10)
FN:104,(anonymous_11)
FN:112,(anonymous_12)
FNF:13
FNH:0
FNDA:0,(anonymous_0)
FNDA:0,(anonymous_1)
FNDA:0,(anonymous_2)
FNDA:0,(anonymous_3)
FNDA:0,(anonymous_4)
FNDA:0,(anonymous_5)
FNDA:0,(anonymous_6)
FNDA:0,(anonymous_7)
FNDA:0,(anonymous_8)
FNDA:0,(anonymous_9)
FNDA:0,(anonymous_10)
FNDA:0,(anonymous_11)
FNDA:0,(anonymous_12)
DA:20,0
DA:21,0
DA:22,0
DA:23,0
DA:24,0
DA:26,0
DA:27,0
DA:29,0
DA:30,0
DA:31,0
DA:32,0
DA:34,0
DA:37,0
DA:38,0
DA:40,0
DA:41,0
DA:42,0
DA:44,0
DA:48,0
DA:49,0
DA:50,0
DA:53,0
DA:54,0
DA:55,0
DA:58,0
DA:59,0
DA:60,0
DA:61,0
DA:64,0
DA:65,0
DA:68,0
DA:73,0
DA:74,0
DA:77,0
DA:78,0
DA:79,0
DA:83,0
DA:84,0
DA:86,0
DA:104,0
DA:105,0
DA:112,0
DA:116,0
DA:124,0
LF:44
LH:0
BRDA:29,0,0,0
BRDA:29,0,1,0
BRDA:31,1,0,0
BRDA:31,1,1,0
BRDA:41,2,0,0
BRDA:41,2,1,0
BRDA:49,3,0,0
BRDA:49,3,1,0
BRDA:54,4,0,0
BRDA:54,4,1,0
BRDA:54,5,0,0
BRDA:54,5,1,0
BRDA:59,6,0,0
BRDA:59,6,1,0
BRDA:61,7,0,0
BRDA:61,7,1,0
BRDA:65,8,0,0
BRDA:65,8,1,0
BRDA:73,9,0,0
BRDA:78,10,0,0
BRDA:78,10,1,0
BRDA:78,11,0,0
BRDA:78,11,1,0
BRDA:98,12,0,0
BRDA:98,12,1,0
BRDA:99,13,0,0
BRDA:99,13,1,0
BRDA:99,14,0,0
BRDA:99,14,1,0
BRDA:117,15,0,0
BRDA:117,15,1,0
BRF:31
BRH:0
end_of_record
TN:
SF:src/collapse/PropsType.ts
FNF:0
FNH:0
LF:0
LH:0
BRF:0
BRH:0
end_of_record
TN:
SF:src/collapse/index.tsx
FNF:0
FNH:0
DA:4,0
LF:1
LH:0
BRF:0
BRH:0
end_of_record
TN:
SF:src/collapse/demo/index.tsx
FN:7,(anonymous_0)
FNF:1
FNH:0
FNDA:0,(anonymous_0)
DA:8,0
DA:9,0
LF:2
LH:0
BRF:0
BRH:0
end_of_record
TN:
SF:src/config-provider/ConfigProvider.tsx
FN:5,kebabCase
FN:12,mapThemeVarsToCSSVars
FN:14,(anonymous_2)
FN:20,(anonymous_3)
FN:28,(anonymous_4)
FNF:5
FNH:0
FNDA:0,kebabCase
FNDA:0,mapThemeVarsToCSSVars
FNDA:0,(anonymous_2)
FNDA:0,(anonymous_3)
FNDA:0,(anonymous_4)
DA:6,0
DA:13,0
DA:14,0
DA:15,0
DA:17,0
DA:20,0
DA:28,0
DA:29,0
DA:30,0
DA:32,0
DA:34,0
DA:48,0
LF:12
LH:0
BRDA:29,0,0,0
BRDA:29,0,1,0
BRF:2
BRH:0
end_of_record
TN:
SF:src/config-provider/ConfigProviderContext.ts
FN:17,(anonymous_0)
FNF:1
FNH:1
FNDA:313,(anonymous_0)
DA:5,5
DA:6,5
DA:14,5
DA:18,313
DA:22,5
LF:5
LH:5
BRF:0
BRH:0
end_of_record
TN:
SF:src/config-provider/PropsType.ts
FNF:0
FNH:0
LF:0
LH:0
BRF:0
BRH:0
end_of_record
TN:
SF:src/config-provider/index.tsx
FNF:0
FNH:0
LF:0
LH:0
BRF:0
BRH:0
end_of_record
TN:
SF:src/config-provider/demo/index.tsx
FN:18,(anonymous_0)
FNF:1
FNH:0
FNDA:0,(anonymous_0)
DA:8,0
DA:19,0
DA:20,0
DA:21,0
DA:22,0
LF:5
LH:0
BRF:0
BRH:0
end_of_record
TN:
SF:src/dialog/Dialog.tsx
FN:14,(anonymous_0)
FN:33,(anonymous_1)
FN:50,(anonymous_2)
FN:74,(anonymous_3)
FN:102,(anonymous_4)
FN:129,(anonymous_5)
FN:136,(anonymous_6)
FN:149,(anonymous_7)
FN:163,(anonymous_8)
FNF:9
FNH:0
FNDA:0,(anonymous_0)
FNDA:0,(anonymous_1)
FNDA:0,(anonymous_2)
FNDA:0,(anonymous_3)
FNDA:0,(anonymous_4)
FNDA:0,(anonymous_5)
FNDA:0,(anonymous_6)
FNDA:0,(anonymous_7)
FNDA:0,(anonymous_8)
DA:14,0
DA:15,0
DA:16,0
DA:31,0
DA:33,0
DA:34,0
DA:35,0
DA:47,0
DA:50,0
DA:51,0
DA:52,0
DA:54,0
DA:55,0
DA:71,0
DA:74,0
DA:75,0
DA:102,0
DA:103,0
DA:129,0
DA:130,0
DA:131,0
DA:132,0
DA:137,0
DA:138,0
DA:140,0
DA:145,0
DA:146,0
DA:150,0
DA:151,0
DA:153,0
DA:160,0
DA:163,0
DA:164,0
DA:165,0
DA:168,0
DA:187,0
LF:36
LH:0
BRDA:34,0,0,0
BRDA:34,0,1,0
BRDA:39,1,0,0
BRDA:39,1,1,0
BRDA:51,2,0,0
BRDA:51,2,1,0
BRDA:54,3,0,0
BRDA:54,3,1,0
BRDA:76,4,0,0
BRDA:76,4,1,0
BRDA:79,5,0,0
BRDA:79,5,1,0
BRDA:84,6,0,0
BRDA:84,6,1,0
BRDA:87,7,0,0
BRDA:87,7,1,0
BRDA:90,8,0,0
BRDA:90,8,1,0
BRDA:96,9,0,0
BRDA:96,9,1,0
BRDA:104,10,0,0
BRDA:104,10,1,0
BRDA:107,11,0,0
BRDA:107,11,1,0
BRDA:112,12,0,0
BRDA:112,12,1,0
BRDA:115,13,0,0
BRDA:115,13,1,0
BRDA:118,14,0,0
BRDA:118,14,1,0
BRDA:123,15,0,0
BRDA:123,15,1,0
BRDA:130,16,0,0
BRDA:130,16,1,0
BRDA:131,17,0,0
BRDA:131,17,1,0
BRDA:137,18,0,0
BRDA:137,18,1,0
BRDA:145,19,0,0
BRDA:145,19,1,0
BRDA:150,20,0,0
BRDA:150,20,1,0
BRDA:164,21,0,0
BRDA:164,21,1,0
BRDA:165,22,0,0
BRDA:165,22,1,0
BRDA:174,23,0,0
BRDA:174,23,1,0
BRF:48
BRH:0
end_of_record
TN:
SF:src/dialog/PropsType.ts
FNF:0
FNH:0
LF:0
LH:0
BRF:0
BRH:0
end_of_record
TN:
SF:src/dialog/index.tsx
FN:15,(anonymous_0)
FN:41,(anonymous_1)
FN:46,(anonymous_2)
FN:50,(anonymous_3)
FN:54,(anonymous_4)
FN:64,(anonymous_5)
FN:65,(anonymous_6)
FN:74,(anonymous_7)
FN:79,(anonymous_8)
FN:94,(anonymous_9)
FN:110,(anonymous_10)
FN:112,(anonymous_11)
FN:115,(anonymous_12)
FN:123,(anonymous_13)
FN:125,(anonymous_14)
FN:131,(anonymous_15)
FN:135,(anonymous_16)
FNF:17
FNH:0
FNDA:0,(anonymous_0)
FNDA:0,(anonymous_1)
FNDA:0,(anonymous_2)
FNDA:0,(anonymous_3)
FNDA:0,(anonymous_4)
FNDA:0,(anonymous_5)
FNDA:0,(anonymous_6)
FNDA:0,(anonymous_7)
FNDA:0,(anonymous_8)
FNDA:0,(anonymous_9)
FNDA:0,(anonymous_10)
FNDA:0,(anonymous_11)
FNDA:0,(anonymous_12)
FNDA:0,(anonymous_13)
FNDA:0,(anonymous_14)
FNDA:0,(anonymous_15)
FNDA:0,(anonymous_16)
DA:12,0
DA:15,0
DA:16,0
DA:34,0
DA:36,0
DA:37,0
DA:38,0
DA:39,0
DA:41,0
DA:42,0
DA:43,0
DA:44,0
DA:46,0
DA:47,0
DA:50,0
DA:51,0
DA:52,0
DA:54,0
DA:55,0
DA:56,0
DA:58,0
DA:59,0
DA:60,0
DA:64,0
DA:65,0
DA:66,0
DA:67,0
DA:68,0
DA:70,0
DA:71,0
DA:74,0
DA:75,0
DA:76,0
DA:77,0
DA:79,0
DA:80,0
DA:81,0
DA:82,0
DA:84,0
DA:85,0
DA:89,0
DA:94,0
DA:104,0
DA:106,0
DA:110,0
DA:111,0
DA:112,0
DA:113,0
DA:116,0
DA:117,0
DA:123,0
DA:124,0
DA:125,0
DA:126,0
DA:132,0
DA:133,0
DA:136,0
DA:137,0
LF:58
LH:0
BRDA:28,0,0,0
BRDA:29,1,0,0
BRDA:30,2,0,0
BRDA:52,3,0,0
BRDA:52,3,1,0
BRDA:55,4,0,0
BRDA:55,4,1,0
BRDA:59,5,0,0
BRDA:59,5,1,0
BRDA:59,6,0,0
BRDA:59,6,1,0
BRDA:66,7,0,0
BRDA:66,7,1,0
BRDA:75,8,0,0
BRDA:75,8,1,0
BRDA:80,9,0,0
BRDA:80,9,1,0
BRDA:111,10,0,0
BRDA:124,11,0,0
BRDA:124,12,0,0
BRF:20
BRH:0
end_of_record
TN:
SF:src/dialog/demo/index.tsx
FN:8,(anonymous_0)
FN:18,(anonymous_1)
FN:22,(anonymous_2)
FN:23,(anonymous_3)
FN:24,(anonymous_4)
FN:31,(anonymous_5)
FN:40,(anonymous_6)
FN:52,(anonymous_7)
FN:63,(anonymous_8)
FN:80,(anonymous_9)
FN:92,(anonymous_10)
FN:104,(anonymous_11)
FN:108,(anonymous_12)
FN:117,(anonymous_13)
FN:129,(anonymous_14)
FN:144,(anonymous_15)
FN:162,(anonymous_16)
FN:167,(anonymous_17)
FN:168,(anonymous_18)
FN:169,(anonymous_19)
FN:175,(anonymous_20)
FN:176,(anonymous_21)
FN:177,(anonymous_22)
FN:189,(anonymous_23)
FN:196,(anonymous_24)
FN:200,(anonymous_25)
FNF:26
FNH:0
FNDA:0,(anonymous_0)
FNDA:0,(anonymous_1)
FNDA:0,(anonymous_2)
FNDA:0,(anonymous_3)
FNDA:0,(anonymous_4)
FNDA:0,(anonymous_5)
FNDA:0,(anonymous_6)
FNDA:0,(anonymous_7)
FNDA:0,(anonymous_8)
FNDA:0,(anonymous_9)
FNDA:0,(anonymous_10)
FNDA:0,(anonymous_11)
FNDA:0,(anonymous_12)
FNDA:0,(anonymous_13)
FNDA:0,(anonymous_14)
FNDA:0,(anonymous_15)
FNDA:0,(anonymous_16)
FNDA:0,(anonymous_17)
FNDA:0,(anonymous_18)
FNDA:0,(anonymous_19)
FNDA:0,(anonymous_20)
FNDA:0,(anonymous_21)
FNDA:0,(anonymous_22)
FNDA:0,(anonymous_23)
FNDA:0,(anonymous_24)
FNDA:0,(anonymous_25)
DA:9,0
DA:10,0
DA:12,0
DA:19,0
DA:22,0
DA:23,0
DA:24,0
DA:32,0
DA:41,0
DA:53,0
DA:57,0
DA:64,0
DA:65,0
DA:69,0
DA:71,0
DA:81,0
DA:93,0
DA:105,0
DA:108,0
DA:118,0
DA:130,0
DA:145,0
DA:163,0
DA:168,0
DA:169,0
DA:170,0
DA:171,0
DA:176,0
DA:177,0
DA:178,0
DA:179,0
DA:189,0
DA:197,0
DA:198,0
DA:200,0
LF:35
LH:0
BRF:0
BRH:0
end_of_record
TN:
SF:src/divider/Divider.tsx
FN:6,(anonymous_0)
FNF:1
FNH:0
FNDA:0,(anonymous_0)
DA:6,0
DA:14,0
DA:15,0
DA:17,0
DA:35,0
LF:5
LH:0
BRF:0
BRH:0
end_of_record
TN:
SF:src/divider/PropsType.ts
FNF:0
FNH:0
LF:0
LH:0
BRF:0
BRH:0
end_of_record
TN:
SF:src/divider/index.tsx
FNF:0
FNH:0
LF:0
LH:0
BRF:0
BRH:0
end_of_record
TN:
SF:src/divider/demo/index.tsx
FN:6,(anonymous_0)
FNF:1
FNH:0
FNDA:0,(anonymous_0)
DA:7,0
DA:8,0
LF:2
LH:0
BRF:0
BRH:0
end_of_record
TN:
SF:src/empty/Empty.tsx
FN:10,(anonymous_0)
FN:14,(anonymous_1)
FN:32,(anonymous_2)
FN:39,(anonymous_3)
FNF:4
FNH:0
FNDA:0,(anonymous_0)
FNDA:0,(anonymous_1)
FNDA:0,(anonymous_2)
FNDA:0,(anonymous_3)
DA:8,0
DA:10,0
DA:11,0
DA:12,0
DA:14,0
DA:15,0
DA:17,0
DA:18,0
DA:21,0
DA:22,0
DA:25,0
DA:26,0
DA:29,0
DA:32,0
DA:33,0
DA:34,0
DA:36,0
DA:39,0
DA:40,0
DA:41,0
DA:43,0
DA:46,0
DA:57,0
LF:23
LH:0
BRDA:17,0,0,0
BRDA:17,0,1,0
BRDA:21,1,0,0
BRDA:21,1,1,0
BRDA:25,2,0,0
BRDA:25,2,1,0
BRDA:33,3,0,0
BRDA:33,3,1,0
BRDA:40,4,0,0
BRDA:40,4,1,0
BRF:10
BRH:0
end_of_record
TN:
SF:src/empty/Network.tsx
FN:4,(anonymous_0)
FNF:1
FNH:0
FNDA:0,(anonymous_0)
DA:3,0
DA:4,0
DA:5,0
DA:9,0
LF:4
LH:0
BRF:0
BRH:0
end_of_record
TN:
SF:src/empty/PropsType.ts
FNF:0
FNH:0
LF:0
LH:0
BRF:0
BRH:0
end_of_record
TN:
SF:src/empty/index.tsx
FNF:0
FNH:0
LF:0
LH:0
BRF:0
BRH:0
end_of_record
TN:
SF:src/empty/demo/index.tsx
FN:6,(anonymous_0)
FNF:1
FNH:0
FNDA:0,(anonymous_0)
DA:7,0
DA:8,0
LF:2
LH:0
BRF:0
BRH:0
end_of_record
TN:
SF:src/field/Field.tsx
FN:22,(anonymous_0)
FN:30,(anonymous_1)
FN:35,(anonymous_2)
FN:41,(anonymous_3)
FN:47,(anonymous_4)
FN:52,(anonymous_5)
FN:58,(anonymous_6)
FN:60,(anonymous_7)
FN:73,(anonymous_8)
FN:82,(anonymous_9)
FN:107,(anonymous_10)
FN:111,(anonymous_11)
FN:120,(anonymous_12)
FN:139,(anonymous_13)
FN:164,(anonymous_14)
FN:177,(anonymous_15)
FN:186,(anonymous_16)
FN:259,(anonymous_17)
FN:273,(anonymous_18)
FN:287,(anonymous_19)
FN:301,(anonymous_20)
FN:311,(anonymous_21)
FN:318,(anonymous_22)
FN:330,(anonymous_23)
FN:338,(anonymous_24)
FN:353,(anonymous_25)
FNF:26
FNH:0
FNDA:0,(anonymous_0)
FNDA:0,(anonymous_1)
FNDA:0,(anonymous_2)
FNDA:0,(anonymous_3)
FNDA:0,(anonymous_4)
FNDA:0,(anonymous_5)
FNDA:0,(anonymous_6)
FNDA:0,(anonymous_7)
FNDA:0,(anonymous_8)
FNDA:0,(anonymous_9)
FNDA:0,(anonymous_10)
FNDA:0,(anonymous_11)
FNDA:0,(anonymous_12)
FNDA:0,(anonymous_13)
FNDA:0,(anonymous_14)
FNDA:0,(anonymous_15)
FNDA:0,(anonymous_16)
FNDA:0,(anonymous_17)
FNDA:0,(anonymous_18)
FNDA:0,(anonymous_19)
FNDA:0,(anonymous_20)
FNDA:0,(anonymous_21)
FNDA:0,(anonymous_22)
FNDA:0,(anonymous_23)
FNDA:0,(anonymous_24)
FNDA:0,(anonymous_25)
DA:20,0
DA:22,0
DA:23,0
DA:24,0
DA:26,0
DA:27,0
DA:28,0
DA:30,0
DA:31,0
DA:32,0
DA:35,0
DA:36,0
DA:37,0
DA:41,0
DA:42,0
DA:43,0
DA:47,0
DA:52,0
DA:53,0
DA:54,0
DA:56,0
DA:58,0
DA:60,0
DA:61,0
DA:63,0
DA:64,0
DA:66,0
DA:68,0
DA:70,0
DA:73,0
DA:74,0
DA:75,0
DA:76,0
DA:79,0
DA:82,0
DA:83,0
DA:85,0
DA:86,0
DA:89,0
DA:91,0
DA:92,0
DA:93,0
DA:94,0
DA:95,0
DA:97,0
DA:98,0
DA:102,0
DA:103,0
DA:107,0
DA:108,0
DA:111,0
DA:112,0
DA:113,0
DA:114,0
DA:117,0
DA:120,0
DA:121,0
DA:122,0
DA:131,0
DA:132,0
DA:139,0
DA:140,0
DA:141,0
DA:142,0
DA:144,0
DA:145,0
DA:148,0
DA:149,0
DA:150,0
DA:153,0
DA:159,0
DA:160,0
DA:164,0
DA:165,0
DA:166,0
DA:167,0
DA:168,0
DA:172,0
DA:173,0
DA:177,0
DA:178,0
DA:179,0
DA:180,0
DA:181,0
DA:183,0
DA:186,0
DA:187,0
DA:189,0
DA:190,0
DA:191,0
DA:194,0
DA:195,0
DA:199,0
DA:200,0
DA:204,0
DA:205,0
DA:224,0
DA:229,0
DA:230,0
DA:231,0
DA:234,0
DA:235,0
DA:236,0
DA:239,0
DA:259,0
DA:260,0
DA:261,0
DA:262,0
DA:273,0
DA:274,0
DA:275,0
DA:276,0
DA:287,0
DA:288,0
DA:289,0
DA:290,0
DA:291,0
DA:298,0
DA:301,0
DA:302,0
DA:304,0
DA:305,0
DA:306,0
DA:308,0
DA:311,0
DA:312,0
DA:313,0
DA:315,0
DA:318,0
DA:319,0
DA:320,0
DA:321,0
DA:322,0
DA:323,0
DA:324,0
DA:325,0
DA:326,0
DA:329,0
DA:330,0
DA:335,0
DA:338,0
DA:339,0
DA:341,0
DA:342,0
DA:350,0
DA:353,0
DA:354,0
DA:355,0
DA:356,0
DA:357,0
DA:359,0
DA:360,0
DA:380,0
DA:382,0
DA:431,0
DA:437,0
DA:439,0
LF:157
LH:0
BRDA:31,0,0,0
BRDA:31,0,1,0
BRDA:32,1,0,0
BRDA:32,1,1,0
BRDA:36,2,0,0
BRDA:36,2,1,0
BRDA:42,3,0,0
BRDA:42,3,1,0
BRDA:53,4,0,0
BRDA:53,4,1,0
BRDA:58,5,0,0
BRDA:58,5,1,0
BRDA:63,6,0,0
BRDA:63,6,1,0
BRDA:63,7,0,0
BRDA:63,7,1,0
BRDA:66,8,0,0
BRDA:66,8,1,0
BRDA:66,8,2,0
BRDA:68,9,0,0
BRDA:68,9,1,0
BRDA:75,10,0,0
BRDA:75,10,1,0
BRDA:85,11,0,0
BRDA:85,11,1,0
BRDA:85,12,0,0
BRDA:85,12,1,0
BRDA:85,13,0,0
BRDA:85,13,1,0
BRDA:92,14,0,0
BRDA:92,14,1,0
BRDA:94,15,0,0
BRDA:94,15,1,0
BRDA:97,16,0,0
BRDA:97,16,1,0
BRDA:102,17,0,0
BRDA:102,17,1,0
BRDA:111,18,0,0
BRDA:113,19,0,0
BRDA:113,19,1,0
BRDA:113,20,0,0
BRDA:113,20,1,0
BRDA:127,21,0,0
BRDA:127,21,1,0
BRDA:131,22,0,0
BRDA:131,22,1,0
BRDA:144,23,0,0
BRDA:144,23,1,0
BRDA:144,24,0,0
BRDA:144,24,1,0
BRDA:148,25,0,0
BRDA:148,25,1,0
BRDA:148,26,0,0
BRDA:148,26,1,0
BRDA:159,27,0,0
BRDA:159,27,1,0
BRDA:159,28,0,0
BRDA:159,28,1,0
BRDA:167,29,0,0
BRDA:167,29,1,0
BRDA:167,30,0,0
BRDA:167,30,1,0
BRDA:172,31,0,0
BRDA:172,31,1,0
BRDA:180,32,0,0
BRDA:180,32,1,0
BRDA:180,33,0,0
BRDA:180,33,1,0
BRDA:189,34,0,0
BRDA:189,34,1,0
BRDA:189,35,0,0
BRDA:189,35,1,0
BRDA:190,36,0,0
BRDA:190,36,1,0
BRDA:194,37,0,0
BRDA:194,37,1,0
BRDA:199,38,0,0
BRDA:199,38,1,0
BRDA:199,39,0,0
BRDA:199,39,1,0
BRDA:204,40,0,0
BRDA:204,40,1,0
BRDA:214,41,0,0
BRDA:214,41,1,0
BRDA:229,42,0,0
BRDA:229,42,1,0
BRDA:234,43,0,0
BRDA:234,43,1,0
BRDA:249,44,0,0
BRDA:249,44,1,0
BRDA:261,45,0,0
BRDA:261,45,1,0
BRDA:264,46,0,0
BRDA:264,46,1,0
BRDA:275,47,0,0
BRDA:275,47,1,0
BRDA:278,48,0,0
BRDA:278,48,1,0
BRDA:289,49,0,0
BRDA:289,49,1,0
BRDA:289,50,0,0
BRDA:289,50,1,0
BRDA:290,51,0,0
BRDA:290,51,1,0
BRDA:304,52,0,0
BRDA:304,52,1,0
BRDA:312,53,0,0
BRDA:312,53,1,0
BRDA:320,54,0,0
BRDA:320,54,1,0
BRDA:323,55,0,0
BRDA:323,55,1,0
BRDA:323,56,0,0
BRDA:323,56,1,0
BRDA:325,57,0,0
BRDA:325,57,1,0
BRDA:341,58,0,0
BRDA:341,58,1,0
BRDA:345,59,0,0
BRDA:345,59,1,0
BRDA:356,60,0,0
BRDA:356,60,1,0
BRDA:356,61,0,0
BRDA:356,61,1,0
BRDA:359,62,0,0
BRDA:359,62,1,0
BRDA:359,63,0,0
BRDA:359,63,1,0
BRDA:403,64,0,0
BRDA:403,64,1,0
BRDA:410,65,0,0
BRDA:410,65,1,0
BRDA:411,66,0,0
BRDA:411,66,1,0
BRDA:422,67,0,0
BRDA:422,67,1,0
BRF:136
BRH:0
end_of_record
TN:
SF:src/field/PropsType.ts
FNF:0
FNH:0
LF:0
LH:0
BRF:0
BRH:0
end_of_record
TN:
SF:src/field/index.tsx
FNF:0
FNH:0
LF:0
LH:0
BRF:0
BRH:0
end_of_record
TN:
SF:src/field/demo/index.tsx
FN:8,(anonymous_0)
FN:28,(anonymous_1)
FN:31,(anonymous_2)
FN:82,(anonymous_3)
FN:83,(anonymous_4)
FN:92,(anonymous_5)
FN:95,(anonymous_6)
FN:205,(anonymous_7)
FNF:8
FNH:0
FNDA:0,(anonymous_0)
FNDA:0,(anonymous_1)
FNDA:0,(anonymous_2)
FNDA:0,(anonymous_3)
FNDA:0,(anonymous_4)
FNDA:0,(anonymous_5)
FNDA:0,(anonymous_6)
FNDA:0,(anonymous_7)
DA:9,0
DA:10,0
DA:11,0
DA:12,0
DA:13,0
DA:14,0
DA:15,0
DA:16,0
DA:17,0
DA:18,0
DA:19,0
DA:20,0
DA:21,0
DA:22,0
DA:23,0
DA:24,0
DA:25,0
DA:26,0
DA:28,0
DA:30,0
DA:31,0
DA:32,0
DA:35,0
DA:82,0
DA:83,0
DA:93,0
DA:96,0
DA:206,0
LF:28
LH:0
BRF:0
BRH:0
end_of_record
TN:
SF:src/flex/Flex.tsx
FN:7,(anonymous_0)
FN:12,(anonymous_1)
FNF:2
FNH:0
FNDA:0,(anonymous_0)
FNDA:0,(anonymous_1)
DA:7,0
DA:8,0
DA:9,0
DA:10,0
DA:11,0
DA:12,0
DA:16,0
DA:32,0
DA:42,0
DA:51,0
LF:10
LH:0
BRDA:12,0,0,0
BRDA:12,0,1,0
BRDA:17,1,0,0
BRDA:17,1,1,0
BRDA:23,2,0,0
BRDA:23,2,1,0
BRDA:37,3,0,0
BRDA:37,3,1,0
BRDA:38,4,0,0
BRDA:38,4,1,0
BRF:10
BRH:0
end_of_record
TN:
SF:src/flex/FlexContext.ts
FNF:0
FNH:0
DA:7,0
LF:1
LH:0
BRF:0
BRH:0
end_of_record
TN:
SF:src/flex/FlexItem.tsx
FN:7,(anonymous_0)
FN:14,(anonymous_1)
FN:28,(anonymous_2)
FNF:3
FNH:0
FNDA:0,(anonymous_0)
FNDA:0,(anonymous_1)
FNDA:0,(anonymous_2)
DA:7,0
DA:8,0
DA:9,0
DA:10,0
DA:12,0
DA:14,0
DA:15,0
DA:16,0
DA:19,0
DA:20,0
DA:23,0
DA:26,0
DA:29,0
DA:30,0
DA:31,0
DA:47,0
DA:48,0
DA:50,0
LF:18
LH:0
BRDA:15,0,0,0
BRDA:15,0,1,0
BRDA:19,1,0,0
BRDA:19,1,1,0
BRDA:30,2,0,0
BRDA:30,2,1,0
BRDA:32,3,0,0
BRDA:32,3,1,0
BRDA:38,4,0,0
BRDA:38,4,1,0
BRDA:47,5,0,0
BRDA:47,5,1,0
BRF:12
BRH:0
end_of_record
TN:
SF:src/flex/PropsType.ts
FNF:0
FNH:0
LF:0
LH:0
BRF:0
BRH:0
end_of_record
TN:
SF:src/flex/index.ts
FNF:0
FNH:0
DA:4,0
LF:1
LH:0
BRF:0
BRH:0
end_of_record
TN:
SF:src/flex/demo/index.tsx
FN:6,(anonymous_0)
FNF:1
FNH:0
FNDA:0,(anonymous_0)
DA:7,0
DA:8,0
LF:2
LH:0
BRF:0
BRH:0
end_of_record
TN:
SF:src/form/Form.tsx
FN:10,(anonymous_0)
FNF:1
FNH:0
FNDA:0,(anonymous_0)
DA:10,0
DA:11,0
DA:12,0
DA:25,0
DA:27,0
DA:45,0
LF:6
LH:0
BRDA:39,0,0,0
BRDA:39,0,1,0
BRF:2
BRH:0
end_of_record
TN:
SF:src/form/FormContext.tsx
FNF:0
FNH:0
DA:10,0
DA:16,0
LF:2
LH:0
BRF:0
BRH:0
end_of_record
TN:
SF:src/form/FormItem.tsx
FN:20,devWarning
FN:27,(anonymous_1)
FN:29,(anonymous_2)
FN:32,(anonymous_3)
FN:69,(anonymous_4)
FN:107,renderLayout
FN:164,(anonymous_6)
FN:171,(anonymous_7)
FN:222,(anonymous_8)
FN:223,(anonymous_9)
FNF:10
FNH:0
FNDA:0,devWarning
FNDA:0,(anonymous_1)
FNDA:0,(anonymous_2)
FNDA:0,(anonymous_3)
FNDA:0,(anonymous_4)
FNDA:0,renderLayout
FNDA:0,(anonymous_6)
FNDA:0,(anonymous_7)
FNDA:0,(anonymous_8)
FNDA:0,(anonymous_9)
DA:21,0
DA:22,0
DA:26,0
DA:28,0
DA:29,0
DA:32,0
DA:42,0
DA:43,0
DA:44,0
DA:45,0
DA:46,0
DA:47,0
DA:48,0
DA:50,0
DA:51,0
DA:53,0
DA:64,0
DA:66,0
DA:69,0
DA:95,0
DA:97,0
DA:99,0
DA:101,0
DA:102,0
DA:105,0
DA:113,0
DA:114,0
DA:116,0
DA:140,0
DA:142,0
DA:143,0
DA:146,0
DA:147,0
DA:148,0
DA:150,0
DA:151,0
DA:154,0
DA:165,0
DA:167,0
DA:172,0
DA:173,0
DA:175,0
DA:179,0
DA:180,0
DA:181,0
DA:184,0
DA:185,0
DA:186,0
DA:188,0
DA:189,0
DA:194,0
DA:195,0
DA:203,0
DA:204,0
DA:205,0
DA:206,0
DA:208,0
DA:209,0
DA:212,0
DA:213,0
DA:217,0
DA:222,0
DA:223,0
DA:224,0
DA:225,0
DA:229,0
DA:235,0
DA:236,0
DA:237,0
DA:240,0
DA:241,0
DA:246,0
DA:248,0
LF:73
LH:0
BRDA:21,0,0,0
BRDA:21,0,1,0
BRDA:29,1,0,0
BRDA:29,1,1,0
BRDA:46,2,0,0
BRDA:46,2,1,0
BRDA:47,3,0,0
BRDA:47,3,1,0
BRDA:48,4,0,0
BRDA:48,4,1,0
BRDA:50,5,0,0
BRDA:50,5,1,0
BRDA:51,6,0,0
BRDA:51,6,1,0
BRDA:51,7,0,0
BRDA:51,7,1,0
BRDA:56,8,0,0
BRDA:56,8,1,0
BRDA:64,9,0,0
BRDA:64,9,1,0
BRDA:85,10,0,0
BRDA:99,11,0,0
BRDA:99,11,1,0
BRDA:105,12,0,0
BRDA:105,12,1,0
BRDA:113,13,0,0
BRDA:113,13,1,0
BRDA:142,14,0,0
BRDA:142,14,1,0
BRDA:142,15,0,0
BRDA:142,15,1,0
BRDA:142,15,2,0
BRDA:147,16,0,0
BRDA:147,16,1,0
BRDA:150,17,0,0
BRDA:150,17,1,0
BRDA:167,18,0,0
BRDA:167,18,1,0
BRDA:170,19,0,0
BRDA:170,19,1,0
BRDA:172,20,0,0
BRDA:172,20,1,0
BRDA:172,21,0,0
BRDA:172,21,1,0
BRDA:172,21,2,0
BRDA:179,22,0,0
BRDA:179,22,1,0
BRDA:179,23,0,0
BRDA:179,23,1,0
BRDA:180,24,0,0
BRDA:180,24,1,0
BRDA:180,25,0,0
BRDA:180,25,1,0
BRDA:184,26,0,0
BRDA:184,26,1,0
BRDA:185,27,0,0
BRDA:185,27,1,0
BRDA:185,28,0,0
BRDA:185,28,1,0
BRDA:185,28,2,0
BRDA:188,29,0,0
BRDA:188,29,1,0
BRDA:188,30,0,0
BRDA:188,30,1,0
BRDA:194,31,0,0
BRDA:194,31,1,0
BRDA:203,32,0,0
BRDA:203,32,1,0
BRDA:203,33,0,0
BRDA:203,33,1,0
BRDA:205,34,0,0
BRDA:205,34,1,0
BRDA:208,35,0,0
BRDA:208,35,1,0
BRDA:212,36,0,0
BRDA:212,36,1,0
BRDA:230,37,0,0
BRDA:230,37,1,0
BRDA:235,38,0,0
BRDA:235,38,1,0
BRDA:236,39,0,0
BRDA:236,39,1,0
BRDA:240,40,0,0
BRDA:240,40,1,0
BRF:84
BRH:0
end_of_record
TN:
SF:src/form/PropsType.ts
FNF:0
FNH:0
LF:0
LH:0
BRF:0
BRH:0
end_of_record
TN:
SF:src/form/index.tsx
FNF:0
FNH:0
DA:5,0
LF:1
LH:0
BRF:0
BRH:0
end_of_record
TN:
SF:src/form/demo/index.tsx
FN:19,(anonymous_0)
FN:23,(anonymous_1)
FN:86,(anonymous_2)
FN:102,(anonymous_3)
FN:103,(anonymous_4)
FN:106,(anonymous_5)
FNF:6
FNH:0
FNDA:0,(anonymous_0)
FNDA:0,(anonymous_1)
FNDA:0,(anonymous_2)
FNDA:0,(anonymous_3)
FNDA:0,(anonymous_4)
FNDA:0,(anonymous_5)
DA:20,0
DA:21,0
DA:23,0
DA:24,0
DA:27,0
DA:87,0
DA:88,0
DA:90,0
DA:103,0
DA:104,0
DA:106,0
DA:107,0
DA:108,0
DA:110,0
DA:112,0
LF:15
LH:0
BRDA:87,0,0,0
BRDA:87,0,1,0
BRDA:107,1,0,0
BRDA:107,1,1,0
BRF:4
BRH:0
end_of_record
TN:
SF:src/grid/Grid.tsx
FN:9,(anonymous_0)
FN:17,(anonymous_1)
FNF:2
FNH:0
FNDA:0,(anonymous_0)
FNDA:0,(anonymous_1)
DA:9,0
DA:10,0
DA:11,0
DA:12,0
DA:18,0
DA:27,0
LF:6
LH:0
BRDA:15,0,0,0
BRDA:15,0,1,0
BRF:2
BRH:0
end_of_record
TN:
SF:src/grid/GridItem.tsx
FN:15,(anonymous_0)
FN:31,(anonymous_1)
FN:53,(anonymous_2)
FN:68,(anonymous_3)
FN:89,(anonymous_4)
FN:99,(anonymous_5)
FNF:6
FNH:0
FNDA:0,(anonymous_0)
FNDA:0,(anonymous_1)
FNDA:0,(anonymous_2)
FNDA:0,(anonymous_3)
FNDA:0,(anonymous_4)
FNDA:0,(anonymous_5)
DA:15,0
DA:21,0
DA:22,0
DA:23,0
DA:24,0
DA:25,0
DA:27,0
DA:31,0
DA:32,0
DA:33,0
DA:34,0
DA:39,0
DA:40,0
DA:41,0
DA:42,0
DA:43,0
DA:45,0
DA:46,0
DA:50,0
DA:53,0
DA:54,0
DA:56,0
DA:57,0
DA:58,0
DA:65,0
DA:68,0
DA:69,0
DA:70,0
DA:82,0
DA:83,0
DA:86,0
DA:89,0
DA:90,0
DA:91,0
DA:93,0
DA:94,0
DA:96,0
DA:99,0
DA:100,0
DA:101,0
DA:103,0
DA:111,0
DA:113,0
DA:128,0
DA:142,0
LF:45
LH:0
BRDA:24,0,0,0
BRDA:24,0,1,0
BRDA:25,1,0,0
BRDA:25,1,1,0
BRDA:39,2,0,0
BRDA:39,2,1,0
BRDA:41,3,0,0
BRDA:41,3,1,0
BRDA:45,4,0,0
BRDA:45,4,1,0
BRDA:56,5,0,0
BRDA:56,5,1,0
BRDA:56,6,0,0
BRDA:56,6,1,0
BRDA:69,7,0,0
BRDA:69,7,1,0
BRDA:82,8,0,0
BRDA:82,8,1,0
BRDA:90,9,0,0
BRDA:90,9,1,0
BRDA:93,10,0,0
BRDA:93,10,1,0
BRDA:100,11,0,0
BRDA:100,11,1,0
BRDA:122,12,0,0
BRDA:122,12,1,0
BRDA:131,13,0,0
BRDA:131,13,1,0
BRF:28
BRH:0
end_of_record
TN:
SF:src/grid/PropsType.ts
FNF:0
FNH:0
LF:0
LH:0
BRF:0
BRH:0
end_of_record
TN:
SF:src/grid/index.tsx
FNF:0
FNH:0
DA:4,0
LF:1
LH:0
BRF:0
BRH:0
end_of_record
TN:
SF:src/grid/demo/index.tsx
FN:6,(anonymous_0)
FN:20,(anonymous_1)
FN:40,(anonymous_2)
FN:47,(anonymous_3)
FNF:4
FNH:0
FNDA:0,(anonymous_0)
FNDA:0,(anonymous_1)
FNDA:0,(anonymous_2)
FNDA:0,(anonymous_3)
DA:7,0
DA:8,0
DA:21,0
DA:41,0
DA:48,0
LF:5
LH:0
BRF:0
BRH:0
end_of_record
TN:
SF:src/hooks/index.ts
FNF:0
FNH:0
LF:0
LH:0
BRF:0
BRH:0
end_of_record
TN:
SF:src/hooks/use-click-away.ts
FN:12,getTargetElement
FN:38,useClickAway
FN:46,(anonymous_2)
FN:47,(anonymous_3)
FN:50,(anonymous_4)
FN:62,(anonymous_5)
FNF:6
FNH:0
FNDA:0,getTargetElement
FNDA:0,useClickAway
FNDA:0,(anonymous_2)
FNDA:0,(anonymous_3)
FNDA:0,(anonymous_4)
FNDA:0,(anonymous_5)
DA:16,0
DA:17,0
DA:22,0
DA:23,0
DA:24,0
DA:25,0
DA:27,0
DA:30,0
DA:34,0
DA:43,0
DA:44,0
DA:46,0
DA:47,0
DA:48,0
DA:49,0
DA:51,0
DA:52,0
DA:55,0
DA:57,0
DA:60,0
DA:62,0
DA:63,0
LF:22
LH:0
BRDA:16,0,0,0
BRDA:16,0,1,0
BRDA:22,1,0,0
BRDA:22,1,1,0
BRDA:24,2,0,0
BRDA:24,2,1,0
BRDA:41,3,0,0
BRDA:48,4,0,0
BRDA:48,4,1,0
BRDA:49,5,0,0
BRDA:49,5,1,0
BRDA:52,6,0,0
BRDA:52,6,1,0
BRF:13
BRH:0
end_of_record
TN:
SF:src/hooks/use-event-listener.ts
FN:12,(anonymous_0)
FN:28,useEventListener
FN:39,(anonymous_2)
FN:48,(anonymous_3)
FN:58,(anonymous_4)
FN:60,(anonymous_5)
FNF:6
FNH:6
FNDA:1,(anonymous_0)
FNDA:82,useEventListener
FNDA:19,(anonymous_2)
FNDA:1,(anonymous_3)
FNDA:19,(anonymous_4)
FNDA:1,(anonymous_5)
DA:7,1
DA:8,1
DA:9,1
DA:10,1
DA:11,1
DA:13,1
DA:16,1
DA:33,82
DA:34,0
DA:36,82
DA:39,82
DA:40,19
DA:42,19
DA:43,19
DA:44,19
DA:48,82
DA:49,1
DA:51,1
DA:52,1
DA:53,1
DA:58,82
DA:59,19
DA:60,19
LF:23
LH:22
BRDA:8,0,0,1
BRDA:8,0,1,0
BRDA:31,1,0,82
BRDA:33,2,0,0
BRDA:33,2,1,82
BRDA:36,3,0,82
BRDA:36,4,0,82
BRDA:36,5,0,82
BRDA:36,6,0,82
BRDA:42,7,0,19
BRDA:42,7,1,0
BRDA:42,8,0,19
BRDA:42,8,1,19
BRDA:43,9,0,19
BRDA:43,9,1,0
BRDA:51,10,0,1
BRDA:51,10,1,0
BRDA:51,11,0,1
BRDA:51,11,1,1
BRF:19
BRH:14
end_of_record
TN:
SF:src/hooks/use-height.ts
FN:4,(anonymous_0)
FN:7,(anonymous_1)
FNF:2
FNH:0
FNDA:0,(anonymous_0)
FNDA:0,(anonymous_1)
DA:4,0
DA:5,0
DA:7,0
DA:8,0
DA:9,0
DA:13,0
LF:6
LH:0
BRDA:8,0,0,0
BRDA:8,0,1,0
BRF:2
BRH:0
end_of_record
TN:
SF:src/hooks/use-lazy-render.ts
FN:3,useLazyRender
FN:6,(anonymous_1)
FN:12,(anonymous_2)
FN:12,(anonymous_3)
FNF:4
FNH:0
FNDA:0,useLazyRender
FNDA:0,(anonymous_1)
FNDA:0,(anonymous_2)
FNDA:0,(anonymous_3)
DA:4,0
DA:6,0
DA:7,0
DA:8,0
DA:12,0
LF:5
LH:0
BRDA:7,0,0,0
BRDA:7,0,1,0
BRDA:12,1,0,0
BRDA:12,1,1,0
BRF:4
BRH:0
end_of_record
TN:
SF:src/hooks/use-lock-scroll.ts
FN:11,useLockScroll
FN:12,(anonymous_1)
FN:21,(anonymous_2)
FNF:3
FNH:3
FNDA:82,useLockScroll
FNDA:18,(anonymous_1)
FNDA:5,(anonymous_2)
DA:2,1
DA:4,1
DA:12,82
DA:13,18
DA:14,18
DA:15,1
DA:17,18
DA:21,82
DA:22,5
DA:23,3
DA:24,3
DA:25,0
DA:30,82
LF:13
LH:12
BRDA:13,0,0,18
BRDA:13,0,1,0
BRDA:14,1,0,1
BRDA:14,1,1,17
BRDA:22,2,0,3
BRDA:22,2,1,2
BRDA:22,3,0,5
BRDA:22,3,1,5
BRDA:24,4,0,0
BRDA:24,4,1,3
BRF:10
BRH:8
end_of_record
TN:
SF:src/hooks/use-merged-state.ts
FN:3,(anonymous_0)
FN:9,(anonymous_1)
FN:21,triggerChange
FNF:3
FNH:3
FNDA:78,(anonymous_0)
FNDA:39,(anonymous_1)
FNDA:14,triggerChange
DA:3,2
DA:7,78
DA:9,78
DA:10,39
DA:11,11
DA:13,28
DA:14,9
DA:16,19
DA:19,78
DA:22,14
DA:25,78
LF:11
LH:11
BRDA:7,0,0,78
BRDA:7,0,1,0
BRDA:10,1,0,11
BRDA:10,1,1,28
BRDA:13,2,0,9
BRDA:13,2,1,19
BRDA:14,3,0,0
BRDA:14,3,1,9
BRDA:19,4,0,23
BRDA:19,4,1,55
BRF:10
BRH:8
end_of_record
TN:
SF:src/hooks/use-mount.ts
FN:4,(anonymous_0)
FN:5,(anonymous_1)
FNF:2
FNH:0
FNDA:0,(anonymous_0)
FNDA:0,(anonymous_1)
DA:4,0
DA:5,0
DA:6,0
LF:3
LH:0
BRF:0
BRH:0
end_of_record
TN:
SF:src/hooks/use-page-visibility.ts
FN:6,usePageVisibility
FN:9,(anonymous_1)
FN:15,(anonymous_2)
FNF:3
FNH:0
FNDA:0,usePageVisibility
FNDA:0,(anonymous_1)
FNDA:0,(anonymous_2)
DA:7,0
DA:9,0
DA:10,0
DA:11,0
DA:15,0
DA:16,0
DA:19,0
DA:21,0
LF:8
LH:0
BRDA:10,0,0,0
BRDA:10,0,1,0
BRDA:11,1,0,0
BRDA:11,1,1,0
BRF:4
BRH:0
end_of_record
TN:
SF:src/hooks/use-rect.ts
FN:1,isWindow
FN:13,(anonymous_1)
FNF:2
FNH:0
FNDA:0,isWindow
FNDA:0,(anonymous_1)
DA:2,0
DA:13,0
DA:14,0
DA:16,0
DA:17,0
DA:18,0
DA:20,0
DA:30,0
DA:31,0
DA:34,0
LF:10
LH:0
BRDA:16,0,0,0
BRDA:16,0,1,0
BRDA:30,1,0,0
BRDA:30,1,1,0
BRDA:30,2,0,0
BRDA:30,2,1,0
BRF:6
BRH:0
end_of_record
TN:
SF:src/hooks/use-refs.ts
FN:4,useRefs
FN:7,(anonymous_1)
FN:7,(anonymous_2)
FNF:3
FNH:3
FNDA:16,useRefs
FNDA:40,(anonymous_1)
FNDA:63,(anonymous_2)
DA:5,16
DA:7,40
DA:8,63
DA:11,16
LF:4
LH:4
BRF:0
BRH:0
end_of_record
TN:
SF:src/hooks/use-scroll-parent.ts
FN:10,isElement
FN:15,getScrollParent
FN:37,useScrollParent
FN:40,(anonymous_3)
FNF:4
FNH:0
FNDA:0,isElement
FNDA:0,getScrollParent
FNDA:0,useScrollParent
FNDA:0,(anonymous_3)
DA:7,0
DA:8,0
DA:11,0
DA:12,0
DA:16,0
DA:17,0
DA:19,0
DA:20,0
DA:21,0
DA:22,0
DA:23,0
DA:24,0
DA:27,0
DA:28,0
DA:29,0
DA:32,0
DA:34,0
DA:38,0
DA:40,0
DA:41,0
DA:42,0
DA:46,0
LF:22
LH:0
BRDA:8,0,0,0
BRDA:8,0,1,0
BRDA:12,1,0,0
BRDA:12,1,1,0
BRDA:12,1,2,0
BRDA:15,2,0,0
BRDA:16,3,0,0
BRDA:16,3,1,0
BRDA:20,4,0,0
BRDA:20,4,1,0
BRDA:20,4,2,0
BRDA:22,5,0,0
BRDA:22,5,1,0
BRDA:23,6,0,0
BRDA:23,6,1,0
BRDA:28,7,0,0
BRDA:28,7,1,0
BRDA:41,8,0,0
BRDA:41,8,1,0
BRF:19
BRH:0
end_of_record
TN:
SF:src/hooks/use-set-state.ts
FN:4,(anonymous_0)
FN:9,(anonymous_1)
FN:10,(anonymous_2)
FNF:3
FNH:0
FNDA:0,(anonymous_0)
FNDA:0,(anonymous_1)
FNDA:0,(anonymous_2)
DA:4,0
DA:7,0
DA:9,0
DA:10,0
DA:13,0
LF:5
LH:0
BRDA:5,0,0,0
BRDA:10,1,0,0
BRDA:10,1,1,0
BRF:3
BRH:0
end_of_record
TN:
SF:src/hooks/use-ssr-compat.ts
FN:3,useSsrCompat
FN:7,(anonymous_1)
FN:11,(anonymous_2)
FN:18,(anonymous_3)
FNF:4
FNH:4
FNDA:82,useSsrCompat
FNDA:19,(anonymous_1)
FNDA:38,(anonymous_2)
FNDA:82,(anonymous_3)
DA:4,82
DA:5,82
DA:7,82
DA:8,19
DA:11,82
DA:12,38
DA:13,19
DA:17,82
DA:18,82
LF:9
LH:9
BRDA:12,0,0,19
BRDA:12,0,1,19
BRDA:18,1,0,63
BRDA:18,1,1,19
BRF:4
BRH:4
end_of_record
TN:
SF:src/hooks/use-touch.ts
FN:9,getDirection
FN:32,(anonymous_1)
FN:38,(anonymous_2)
FN:46,(anonymous_3)
FN:51,(anonymous_4)
FN:53,(anonymous_5)
FN:57,(anonymous_6)
FN:67,(anonymous_7)
FN:75,(anonymous_8)
FN:78,(anonymous_9)
FNF:10
FNH:0
FNDA:0,getDirection
FNDA:0,(anonymous_1)
FNDA:0,(anonymous_2)
FNDA:0,(anonymous_3)
FNDA:0,(anonymous_4)
FNDA:0,(anonymous_5)
FNDA:0,(anonymous_6)
FNDA:0,(anonymous_7)
FNDA:0,(anonymous_8)
FNDA:0,(anonymous_9)
DA:5,0
DA:10,0
DA:11,0
DA:13,0
DA:14,0
DA:16,0
DA:19,0
DA:32,0
DA:33,0
DA:34,0
DA:36,0
DA:38,0
DA:39,0
DA:40,0
DA:41,0
DA:43,0
DA:44,0
DA:46,0
DA:47,0
DA:51,0
DA:52,0
DA:53,0
DA:57,0
DA:58,0
DA:67,0
DA:68,0
DA:69,0
DA:75,0
DA:76,0
DA:78,0
DA:80,0
DA:82,0
DA:83,0
DA:84,0
DA:85,0
DA:87,0
DA:88,0
DA:90,0
DA:94,0
LF:39
LH:0
BRDA:10,0,0,0
BRDA:10,0,1,0
BRDA:10,1,0,0
BRDA:10,1,1,0
BRDA:13,2,0,0
BRDA:13,2,1,0
BRDA:13,3,0,0
BRDA:13,3,1,0
BRDA:36,4,0,0
BRDA:36,4,1,0
BRDA:39,5,0,0
BRDA:39,5,1,0
BRDA:43,6,0,0
BRDA:43,6,1,0
BRDA:82,7,0,0
BRDA:82,7,1,0
BRDA:87,8,0,0
BRDA:87,8,1,0
BRF:18
BRH:0
end_of_record
TN:
SF:src/hooks/use-update-effect.ts
FN:3,(anonymous_0)
FN:6,(anonymous_1)
FNF:2
FNH:0
FNDA:0,(anonymous_0)
FNDA:0,(anonymous_1)
DA:3,0
DA:4,0
DA:6,0
DA:7,0
DA:8,0
DA:10,0
DA:12,0
LF:7
LH:0
BRDA:7,0,0,0
BRDA:7,0,1,0
BRF:2
BRH:0
end_of_record
TN:
SF:src/hooks/use-visibility-change.ts
FN:5,useVisibilityChange
FN:9,(anonymous_1)
FN:15,(anonymous_2)
FN:22,(anonymous_3)
FN:28,(anonymous_4)
FNF:5
FNH:0
FNDA:0,useVisibilityChange
FNDA:0,(anonymous_1)
FNDA:0,(anonymous_2)
FNDA:0,(anonymous_3)
FNDA:0,(anonymous_4)
DA:9,0
DA:11,0
DA:12,0
DA:14,0
DA:17,0
DA:22,0
DA:23,0
DA:24,0
DA:28,0
DA:29,0
DA:30,0
DA:34,0
DA:35,0
LF:13
LH:0
BRDA:11,0,0,0
BRDA:11,0,1,0
BRDA:11,1,0,0
BRDA:11,1,1,0
BRDA:23,2,0,0
BRDA:23,2,1,0
BRDA:29,3,0,0
BRDA:29,3,1,0
BRF:8
BRH:0
end_of_record
TN:
SF:src/hooks/use-window-size.ts
FN:5,useWindowSize
FN:9,(anonymous_1)
FNF:2
FNH:0
FNDA:0,useWindowSize
FNDA:0,(anonymous_1)
DA:6,0
DA:7,0
DA:9,0
DA:10,0
DA:11,0
DA:14,0
DA:15,0
DA:17,0
LF:8
LH:0
BRDA:6,0,0,0
BRDA:6,0,1,0
BRDA:7,1,0,0
BRDA:7,1,1,0
BRF:4
BRH:0
end_of_record
TN:
SF:src/icon/Icon.tsx
FN:8,isImage
FN:12,(anonymous_1)
FN:19,(anonymous_2)
FNF:3
FNH:3
FNDA:76,isImage
FNDA:76,(anonymous_1)
FNDA:43,(anonymous_2)
DA:9,76
DA:12,5
DA:13,76
DA:15,76
DA:17,76
DA:19,76
DA:21,76
DA:44,5
LF:8
LH:8
BRDA:9,0,0,76
BRDA:9,0,1,0
BRDA:19,1,0,43
BRDA:19,1,1,41
BRDA:27,2,0,0
BRDA:27,2,1,76
BRDA:39,3,0,76
BRDA:39,3,1,0
BRF:8
BRH:5
end_of_record
TN:
SF:src/icon/PropsType.ts
FNF:0
FNH:0
LF:0
LH:0
BRF:0
BRH:0
end_of_record
TN:
SF:src/icon/createFromIconfontCN.tsx
FN:7,createFromIconfontCN
FN:25,(anonymous_1)
FNF:2
FNH:0
FNDA:0,createFromIconfontCN
FNDA:0,(anonymous_1)
DA:5,5
DA:10,0
DA:18,0
DA:19,0
DA:20,0
DA:21,0
DA:22,0
DA:25,0
DA:26,0
DA:28,0
DA:31,0
DA:32,0
DA:38,0
DA:41,0
LF:14
LH:1
BRDA:10,0,0,0
BRDA:10,0,1,0
BRDA:11,1,0,0
BRDA:11,1,1,0
BRDA:11,1,2,0
BRDA:11,1,3,0
BRDA:11,1,4,0
BRDA:11,1,5,0
BRDA:31,2,0,0
BRDA:31,2,1,0
BRF:10
BRH:0
end_of_record
TN:
SF:src/icon/index.tsx
FNF:0
FNH:0
DA:4,5
LF:1
LH:1
BRF:0
BRH:0
end_of_record
TN:
SF:src/icon/demo/index.tsx
FN:10,copyToClipboard
FN:36,(anonymous_1)
FN:38,(anonymous_2)
FN:122,(anonymous_3)
FN:123,(anonymous_4)
FN:132,(anonymous_5)
FN:133,(anonymous_6)
FN:142,(anonymous_7)
FN:143,(anonymous_8)
FNF:9
FNH:0
FNDA:0,copyToClipboard
FNDA:0,(anonymous_1)
FNDA:0,(anonymous_2)
FNDA:0,(anonymous_3)
FNDA:0,(anonymous_4)
FNDA:0,(anonymous_5)
FNDA:0,(anonymous_6)
FNDA:0,(anonymous_7)
FNDA:0,(anonymous_8)
DA:7,0
DA:11,0
DA:12,0
DA:13,0
DA:14,0
DA:15,0
DA:16,0
DA:18,0
DA:20,0
DA:21,0
DA:24,0
DA:26,0
DA:27,0
DA:28,0
DA:30,0
DA:31,0
DA:32,0
DA:37,0
DA:38,0
DA:39,0
DA:40,0
DA:41,0
DA:43,0
DA:44,0
DA:46,0
DA:47,0
DA:49,0
DA:50,0
DA:52,0
DA:53,0
DA:55,0
DA:62,0
DA:123,0
DA:133,0
DA:143,0
LF:35
LH:0
BRDA:20,0,0,0
BRDA:20,0,1,0
BRDA:24,1,0,0
BRDA:24,1,1,0
BRDA:30,2,0,0
BRDA:30,2,1,0
BRDA:38,3,0,0
BRDA:40,4,0,0
BRDA:40,4,1,0
BRDA:41,5,0,0
BRDA:41,5,1,0
BRDA:43,6,0,0
BRDA:43,6,1,0
BRDA:46,7,0,0
BRDA:46,7,1,0
BRDA:49,8,0,0
BRDA:49,8,1,0
BRF:17
BRH:0
end_of_record
TN:
SF:src/image/Image.tsx
FN:9,(anonymous_0)
FN:17,(anonymous_1)
FN:36,(anonymous_2)
FN:40,(anonymous_3)
FN:45,(anonymous_4)
FN:51,(anonymous_5)
FN:58,(anonymous_6)
FN:65,(anonymous_7)
FN:77,(anonymous_8)
FN:89,(anonymous_9)
FN:107,(anonymous_10)
FNF:11
FNH:0
FNDA:0,(anonymous_0)
FNDA:0,(anonymous_1)
FNDA:0,(anonymous_2)
FNDA:0,(anonymous_3)
FNDA:0,(anonymous_4)
FNDA:0,(anonymous_5)
FNDA:0,(anonymous_6)
FNDA:0,(anonymous_7)
FNDA:0,(anonymous_8)
FNDA:0,(anonymous_9)
FNDA:0,(anonymous_10)
DA:9,0
DA:10,0
DA:11,0
DA:12,0
DA:13,0
DA:14,0
DA:15,0
DA:17,0
DA:18,0
DA:20,0
DA:21,0
DA:24,0
DA:25,0
DA:28,0
DA:29,0
DA:30,0
DA:33,0
DA:36,0
DA:37,0
DA:38,0
DA:40,0
DA:41,0
DA:45,0
DA:46,0
DA:47,0
DA:51,0
DA:52,0
DA:53,0
DA:54,0
DA:58,0
DA:59,0
DA:60,0
DA:61,0
DA:65,0
DA:66,0
DA:67,0
DA:77,0
DA:78,0
DA:79,0
DA:89,0
DA:90,0
DA:91,0
DA:97,0
DA:98,0
DA:104,0
DA:107,0
DA:108,0
DA:109,0
DA:112,0
DA:118,0
DA:130,0
DA:143,0
LF:52
LH:0
BRDA:20,0,0,0
BRDA:20,0,1,0
BRDA:24,1,0,0
BRDA:24,1,1,0
BRDA:28,2,0,0
BRDA:28,2,1,0
BRDA:37,3,0,0
BRDA:37,3,1,0
BRDA:37,4,0,0
BRDA:37,4,1,0
BRDA:46,5,0,0
BRDA:46,5,1,0
BRDA:46,6,0,0
BRDA:46,6,1,0
BRDA:52,7,0,0
BRDA:52,7,1,0
BRDA:59,8,0,0
BRDA:59,8,1,0
BRDA:66,9,0,0
BRDA:66,9,1,0
BRDA:78,10,0,0
BRDA:78,10,1,0
BRDA:90,11,0,0
BRDA:90,11,1,0
BRDA:90,12,0,0
BRDA:90,12,1,0
BRDA:97,13,0,0
BRDA:97,13,1,0
BRDA:97,14,0,0
BRDA:97,14,1,0
BRDA:108,15,0,0
BRDA:108,15,1,0
BRDA:108,16,0,0
BRDA:108,16,1,0
BRDA:121,17,0,0
BRDA:121,17,1,0
BRF:36
BRH:0
end_of_record
TN:
SF:src/image/PropsType.ts
FNF:0
FNH:0
LF:0
LH:0
BRF:0
BRH:0
end_of_record
TN:
SF:src/image/index.tsx
FNF:0
FNH:0
LF:0
LH:0
BRF:0
BRH:0
end_of_record
TN:
SF:src/image-preview/ImagePreview.tsx
FN:12,(anonymous_0)
FN:15,(anonymous_1)
FN:18,(anonymous_2)
FN:25,(anonymous_3)
FN:27,(anonymous_4)
FN:39,(anonymous_5)
FN:43,(anonymous_6)
FN:56,(anonymous_7)
FN:62,(anonymous_8)
FN:69,(anonymous_9)
FNF:10
FNH:0
FNDA:0,(anonymous_0)
FNDA:0,(anonymous_1)
FNDA:0,(anonymous_2)
FNDA:0,(anonymous_3)
FNDA:0,(anonymous_4)
FNDA:0,(anonymous_5)
FNDA:0,(anonymous_6)
FNDA:0,(anonymous_7)
FNDA:0,(anonymous_8)
FNDA:0,(anonymous_9)
DA:12,0
DA:13,0
DA:14,0
DA:15,0
DA:16,0
DA:18,0
DA:19,0
DA:20,0
DA:21,0
DA:25,0
DA:26,0
DA:28,0
DA:41,0
DA:44,0
DA:56,0
DA:57,0
DA:58,0
DA:62,0
DA:66,0
DA:69,0
DA:70,0
DA:71,0
DA:79,0
DA:82,0
DA:96,0
LF:25
LH:0
BRDA:19,0,0,0
BRDA:19,0,1,0
BRDA:19,1,0,0
BRDA:19,1,1,0
BRDA:57,2,0,0
BRDA:57,2,1,0
BRDA:70,3,0,0
BRDA:70,3,1,0
BRDA:73,4,0,0
BRDA:73,4,1,0
BRF:10
BRH:0
end_of_record
TN:
SF:src/image-preview/PropsType.ts
FNF:0
FNH:0
LF:0
LH:0
BRF:0
BRH:0
end_of_record
TN:
SF:src/image-preview/index.tsx
FN:28,(anonymous_0)
FN:36,(anonymous_1)
FN:39,(anonymous_2)
FN:43,(anonymous_3)
FN:48,(anonymous_4)
FN:66,(anonymous_5)
FNF:6
FNH:0
FNDA:0,(anonymous_0)
FNDA:0,(anonymous_1)
FNDA:0,(anonymous_2)
FNDA:0,(anonymous_3)
FNDA:0,(anonymous_4)
FNDA:0,(anonymous_5)
DA:12,0
DA:14,0
DA:28,0
DA:29,0
DA:31,0
DA:32,0
DA:33,0
DA:34,0
DA:36,0
DA:37,0
DA:39,0
DA:40,0
DA:43,0
DA:44,0
DA:45,0
DA:48,0
DA:49,0
DA:50,0
DA:52,0
DA:53,0
DA:54,0
DA:56,0
DA:58,0
DA:61,0
DA:66,0
DA:72,0
DA:74,0
LF:27
LH:0
BRDA:29,0,0,0
BRDA:45,1,0,0
BRDA:45,1,1,0
BRDA:49,2,0,0
BRDA:49,2,1,0
BRDA:53,3,0,0
BRDA:53,3,1,0
BRDA:53,4,0,0
BRDA:53,4,1,0
BRF:9
BRH:0
end_of_record
TN:
SF:src/image-preview/demo/index.tsx
FN:12,(anonymous_0)
FN:18,(anonymous_1)
FN:24,(anonymous_2)
FN:29,(anonymous_3)
FN:34,(anonymous_4)
FN:38,(anonymous_5)
FN:47,(anonymous_6)
FN:54,(anonymous_7)
FN:56,(anonymous_8)
FN:61,(anonymous_9)
FN:65,(anonymous_10)
FNF:11
FNH:0
FNDA:0,(anonymous_0)
FNDA:0,(anonymous_1)
FNDA:0,(anonymous_2)
FNDA:0,(anonymous_3)
FNDA:0,(anonymous_4)
FNDA:0,(anonymous_5)
FNDA:0,(anonymous_6)
FNDA:0,(anonymous_7)
FNDA:0,(anonymous_8)
FNDA:0,(anonymous_9)
FNDA:0,(anonymous_10)
DA:6,0
DA:13,0
DA:14,0
DA:15,0
DA:18,0
DA:24,0
DA:29,0
DA:35,0
DA:39,0
DA:47,0
DA:55,0
DA:56,0
DA:61,0
DA:65,0
LF:14
LH:0
BRF:0
BRH:0
end_of_record
TN:
SF:src/image/demo/index.tsx
FN:9,(anonymous_0)
FN:20,(anonymous_1)
FN:30,(anonymous_2)
FNF:3
FNH:0
FNDA:0,(anonymous_0)
FNDA:0,(anonymous_1)
FNDA:0,(anonymous_2)
DA:7,0
DA:10,0
DA:11,0
DA:12,0
DA:13,0
DA:21,0
DA:31,0
LF:7
LH:0
BRF:0
BRH:0
end_of_record
TN:
SF:src/list/List.tsx
FN:14,(anonymous_0)
FN:29,(anonymous_1)
FN:62,(anonymous_2)
FN:69,(anonymous_3)
FN:74,(anonymous_4)
FN:85,(anonymous_5)
FN:102,(anonymous_6)
FN:108,(anonymous_7)
FN:112,(anonymous_8)
FN:123,(anonymous_9)
FNF:10
FNH:0
FNDA:0,(anonymous_0)
FNDA:0,(anonymous_1)
FNDA:0,(anonymous_2)
FNDA:0,(anonymous_3)
FNDA:0,(anonymous_4)
FNDA:0,(anonymous_5)
FNDA:0,(anonymous_6)
FNDA:0,(anonymous_7)
FNDA:0,(anonymous_8)
FNDA:0,(anonymous_9)
DA:14,0
DA:15,0
DA:16,0
DA:17,0
DA:22,0
DA:23,0
DA:24,0
DA:26,0
DA:29,0
DA:30,0
DA:31,0
DA:32,0
DA:34,0
DA:35,0
DA:37,0
DA:38,0
DA:41,0
DA:42,0
DA:44,0
DA:45,0
DA:47,0
DA:49,0
DA:50,0
DA:51,0
DA:52,0
DA:53,0
DA:56,0
DA:57,0
DA:62,0
DA:63,0
DA:64,0
DA:66,0
DA:69,0
DA:70,0
DA:71,0
DA:74,0
DA:75,0
DA:76,0
DA:82,0
DA:85,0
DA:86,0
DA:87,0
DA:99,0
DA:102,0
DA:103,0
DA:104,0
DA:108,0
DA:109,0
DA:112,0
DA:113,0
DA:114,0
DA:118,0
DA:123,0
DA:128,0
DA:130,0
DA:141,0
LF:56
LH:0
BRDA:30,0,0,0
BRDA:30,0,1,0
BRDA:31,1,0,0
BRDA:31,1,1,0
BRDA:31,2,0,0
BRDA:31,2,1,0
BRDA:31,2,2,0
BRDA:37,3,0,0
BRDA:37,3,1,0
BRDA:37,4,0,0
BRDA:37,4,1,0
BRDA:44,5,0,0
BRDA:44,5,1,0
BRDA:49,6,0,0
BRDA:49,6,1,0
BRDA:52,7,0,0
BRDA:52,7,1,0
BRDA:63,8,0,0
BRDA:63,8,1,0
BRDA:63,9,0,0
BRDA:63,9,1,0
BRDA:75,10,0,0
BRDA:75,10,1,0
BRDA:75,11,0,0
BRDA:75,11,1,0
BRDA:86,12,0,0
BRDA:86,12,1,0
BRDA:86,13,0,0
BRDA:86,13,1,0
BRDA:89,14,0,0
BRDA:89,14,1,0
BRDA:103,15,0,0
BRDA:103,15,1,0
BRDA:113,16,0,0
BRDA:113,16,1,0
BRDA:113,17,0,0
BRDA:113,17,1,0
BRDA:132,18,0,0
BRDA:132,18,1,0
BRDA:136,19,0,0
BRDA:136,19,1,0
BRF:41
BRH:0
end_of_record
TN:
SF:src/list/PropsType.ts
FNF:0
FNH:0
LF:0
LH:0
BRF:0
BRH:0
end_of_record
TN:
SF:src/list/index.tsx
FNF:0
FNH:0
LF:0
LH:0
BRF:0
BRH:0
end_of_record
TN:
SF:src/list/demo/index.tsx
FN:11,getData
FN:12,(anonymous_1)
FN:13,(anonymous_2)
FN:17,(anonymous_3)
FN:22,(anonymous_4)
FN:32,(anonymous_5)
FN:34,(anonymous_6)
FN:40,(anonymous_7)
FN:42,(anonymous_8)
FN:44,(anonymous_9)
FN:50,(anonymous_10)
FN:52,(anonymous_11)
FN:61,(anonymous_12)
FN:70,(anonymous_13)
FN:73,(anonymous_14)
FN:82,(anonymous_15)
FN:92,(anonymous_16)
FNF:17
FNH:0
FNDA:0,getData
FNDA:0,(anonymous_1)
FNDA:0,(anonymous_2)
FNDA:0,(anonymous_3)
FNDA:0,(anonymous_4)
FNDA:0,(anonymous_5)
FNDA:0,(anonymous_6)
FNDA:0,(anonymous_7)
FNDA:0,(anonymous_8)
FNDA:0,(anonymous_9)
FNDA:0,(anonymous_10)
FNDA:0,(anonymous_11)
FNDA:0,(anonymous_12)
FNDA:0,(anonymous_13)
FNDA:0,(anonymous_14)
FNDA:0,(anonymous_15)
FNDA:0,(anonymous_16)
DA:12,0
DA:13,0
DA:14,0
DA:15,0
DA:17,0
DA:23,0
DA:25,0
DA:26,0
DA:27,0
DA:28,0
DA:29,0
DA:31,0
DA:32,0
DA:33,0
DA:34,0
DA:35,0
DA:36,0
DA:40,0
DA:42,0
DA:43,0
DA:44,0
DA:45,0
DA:46,0
DA:50,0
DA:51,0
DA:52,0
DA:53,0
DA:54,0
DA:55,0
DA:57,0
DA:61,0
DA:62,0
DA:63,0
DA:64,0
DA:67,0
DA:70,0
DA:74,0
DA:83,0
DA:93,0
LF:39
LH:0
BRDA:14,0,0,0
BRDA:14,0,1,0
BRDA:35,1,0,0
BRDA:35,1,1,0
BRDA:45,2,0,0
BRDA:45,2,1,0
BRDA:53,3,0,0
BRDA:53,3,1,0
BRDA:54,4,0,0
BRDA:54,4,1,0
BRDA:72,5,0,0
BRDA:72,5,1,0
BRDA:81,6,0,0
BRDA:81,6,1,0
BRDA:91,7,0,0
BRDA:91,7,1,0
BRF:16
BRH:0
end_of_record
TN:
SF:src/loading/Loading.tsx
FN:7,(anonymous_0)
FN:12,(anonymous_1)
FN:16,(anonymous_2)
FN:22,(anonymous_3)
FN:30,(anonymous_4)
FN:36,(anonymous_5)
FN:42,(anonymous_6)
FN:49,(anonymous_7)
FNF:8
FNH:0
FNDA:0,(anonymous_0)
FNDA:0,(anonymous_1)
FNDA:0,(anonymous_2)
FNDA:0,(anonymous_3)
FNDA:0,(anonymous_4)
FNDA:0,(anonymous_5)
FNDA:0,(anonymous_6)
FNDA:0,(anonymous_7)
DA:7,1
DA:8,0
DA:12,0
DA:16,1
DA:17,0
DA:22,1
DA:23,0
DA:30,1
DA:36,1
DA:37,0
DA:38,0
DA:39,0
DA:41,0
DA:42,0
DA:49,0
DA:50,0
DA:51,0
DA:63,0
DA:66,0
DA:76,1
LF:20
LH:6
BRDA:50,0,0,0
BRDA:50,0,1,0
BRDA:56,1,0,0
BRDA:56,1,1,0
BRF:4
BRH:0
end_of_record
TN:
SF:src/loading/PropsType.ts
FNF:0
FNH:0
LF:0
LH:0
BRF:0
BRH:0
end_of_record
TN:
SF:src/loading/index.tsx
FNF:0
FNH:0
LF:0
LH:0
BRF:0
BRH:0
end_of_record
TN:
SF:src/loading/demo/index.tsx
FN:6,(anonymous_0)
FNF:1
FNH:0
FNDA:0,(anonymous_0)
DA:7,0
DA:9,0
LF:2
LH:0
BRF:0
BRH:0
end_of_record
TN:
SF:src/notice-bar/NoticeBar.tsx
FN:16,(anonymous_0)
FN:35,(anonymous_1)
FN:45,(anonymous_2)
FN:55,(anonymous_3)
FN:65,(anonymous_4)
FN:79,(anonymous_5)
FN:85,(anonymous_6)
FN:87,(anonymous_7)
FN:101,(anonymous_8)
FN:123,(anonymous_9)
FN:134,(anonymous_10)
FN:143,(anonymous_11)
FN:160,(anonymous_12)
FN:164,(anonymous_13)
FN:168,(anonymous_14)
FNF:15
FNH:0
FNDA:0,(anonymous_0)
FNDA:0,(anonymous_1)
FNDA:0,(anonymous_2)
FNDA:0,(anonymous_3)
FNDA:0,(anonymous_4)
FNDA:0,(anonymous_5)
FNDA:0,(anonymous_6)
FNDA:0,(anonymous_7)
FNDA:0,(anonymous_8)
FNDA:0,(anonymous_9)
FNDA:0,(anonymous_10)
FNDA:0,(anonymous_11)
FNDA:0,(anonymous_12)
FNDA:0,(anonymous_13)
FNDA:0,(anonymous_14)
DA:16,0
DA:17,0
DA:18,0
DA:19,0
DA:20,0
DA:22,0
DA:28,0
DA:29,0
DA:31,0
DA:32,0
DA:33,0
DA:35,0
DA:36,0
DA:37,0
DA:39,0
DA:40,0
DA:42,0
DA:45,0
DA:46,0
DA:47,0
DA:49,0
DA:50,0
DA:52,0
DA:55,0
DA:56,0
DA:57,0
DA:58,0
DA:59,0
DA:65,0
DA:66,0
DA:67,0
DA:69,0
DA:70,0
DA:71,0
DA:75,0
DA:79,0
DA:80,0
DA:85,0
DA:87,0
DA:88,0
DA:93,0
DA:94,0
DA:101,0
DA:102,0
DA:104,0
DA:109,0
DA:123,0
DA:124,0
DA:125,0
DA:126,0
DA:128,0
DA:133,0
DA:134,0
DA:135,0
DA:136,0
DA:139,0
DA:140,0
DA:142,0
DA:143,0
DA:144,0
DA:145,0
DA:147,0
DA:158,0
DA:160,0
DA:161,0
DA:164,0
DA:165,0
DA:168,0
DA:172,0
DA:188,0
LF:70
LH:0
BRDA:17,0,0,0
BRDA:36,1,0,0
BRDA:36,1,1,0
BRDA:36,2,0,0
BRDA:36,2,1,0
BRDA:39,3,0,0
BRDA:39,3,1,0
BRDA:46,4,0,0
BRDA:46,4,1,0
BRDA:49,5,0,0
BRDA:49,5,1,0
BRDA:56,6,0,0
BRDA:56,6,1,0
BRDA:58,7,0,0
BRDA:58,7,1,0
BRDA:66,8,0,0
BRDA:66,8,1,0
BRDA:70,9,0,0
BRDA:70,9,1,0
BRDA:93,10,0,0
BRDA:93,10,1,0
BRDA:102,11,0,0
BRDA:102,11,1,0
BRDA:105,12,0,0
BRDA:105,12,1,0
BRDA:117,13,0,0
BRDA:117,13,1,0
BRDA:124,14,0,0
BRDA:124,14,1,0
BRDA:135,15,0,0
BRDA:135,15,1,0
BRDA:135,16,0,0
BRDA:135,16,1,0
BRDA:135,16,2,0
BRDA:142,17,0,0
BRDA:142,17,1,0
BRDA:142,18,0,0
BRDA:142,18,1,0
BRDA:173,19,0,0
BRDA:173,19,1,0
BRF:40
BRH:0
end_of_record
TN:
SF:src/notice-bar/PropsType.ts
FNF:0
FNH:0
LF:0
LH:0
BRF:0
BRH:0
end_of_record
TN:
SF:src/notice-bar/index.tsx
FNF:0
FNH:0
LF:0
LH:0
BRF:0
BRH:0
end_of_record
TN:
SF:src/notice-bar/demo/index.tsx
FN:7,(anonymous_0)
FNF:1
FNH:0
FNDA:0,(anonymous_0)
DA:8,0
DA:9,0
LF:2
LH:0
BRF:0
BRH:0
end_of_record
TN:
SF:src/notify/Notify.tsx
FN:7,(anonymous_0)
FNF:1
FNH:0
FNDA:0,(anonymous_0)
DA:7,0
DA:8,0
DA:9,0
DA:11,0
DA:16,0
DA:34,0
LF:6
LH:0
BRDA:29,0,0,0
BRDA:29,0,1,0
BRF:2
BRH:0
end_of_record
TN:
SF:src/notify/PropsType.ts
FNF:0
FNH:0
LF:0
LH:0
BRF:0
BRH:0
end_of_record
TN:
SF:src/notify/index.tsx
FN:15,parseOptions
FN:22,syncClear
FN:32,nextTickClear
FN:37,(anonymous_3)
FN:48,(anonymous_4)
FN:51,(anonymous_5)
FN:57,(anonymous_6)
FN:65,(anonymous_7)
FN:71,(anonymous_8)
FN:79,(anonymous_9)
FN:90,(anonymous_10)
FN:102,defaultOptions
FN:118,(anonymous_12)
FN:122,(anonymous_13)
FNF:14
FNH:0
FNDA:0,parseOptions
FNDA:0,syncClear
FNDA:0,nextTickClear
FNDA:0,(anonymous_3)
FNDA:0,(anonymous_4)
FNDA:0,(anonymous_5)
FNDA:0,(anonymous_6)
FNDA:0,(anonymous_7)
FNDA:0,(anonymous_8)
FNDA:0,(anonymous_9)
FNDA:0,(anonymous_10)
FNDA:0,defaultOptions
FNDA:0,(anonymous_12)
FNDA:0,(anonymous_13)
DA:13,0
DA:16,0
DA:19,0
DA:23,0
DA:24,0
DA:25,0
DA:26,0
DA:27,0
DA:33,0
DA:37,0
DA:38,0
DA:39,0
DA:40,0
DA:41,0
DA:42,0
DA:43,0
DA:44,0
DA:46,0
DA:48,0
DA:49,0
DA:51,0
DA:52,0
DA:53,0
DA:57,0
DA:58,0
DA:59,0
DA:60,0
DA:64,0
DA:66,0
DA:71,0
DA:72,0
DA:73,0
DA:74,0
DA:76,0
DA:77,0
DA:79,0
DA:80,0
DA:81,0
DA:86,0
DA:90,0
DA:97,0
DA:99,0
DA:103,0
DA:116,0
DA:118,0
DA:119,0
DA:122,0
DA:123,0
DA:126,0
DA:128,0
LF:50
LH:0
BRDA:16,0,0,0
BRDA:16,0,1,0
BRDA:40,1,0,0
BRDA:53,2,0,0
BRDA:53,2,1,0
BRDA:59,3,0,0
BRDA:59,3,1,0
BRDA:59,4,0,0
BRDA:59,4,1,0
BRDA:76,5,0,0
BRDA:76,5,1,0
BRDA:76,6,0,0
BRDA:76,6,1,0
BRDA:80,7,0,0
BRDA:80,7,1,0
BRF:15
BRH:0
end_of_record
TN:
SF:src/notify/demo/index.tsx
FN:8,(anonymous_0)
FN:15,(anonymous_1)
FN:21,(anonymous_2)
FN:26,(anonymous_3)
FN:31,(anonymous_4)
FN:36,(anonymous_5)
FN:43,(anonymous_6)
FN:50,(anonymous_7)
FN:54,(anonymous_8)
FN:62,(anonymous_9)
FNF:10
FNH:0
FNDA:0,(anonymous_0)
FNDA:0,(anonymous_1)
FNDA:0,(anonymous_2)
FNDA:0,(anonymous_3)
FNDA:0,(anonymous_4)
FNDA:0,(anonymous_5)
FNDA:0,(anonymous_6)
FNDA:0,(anonymous_7)
FNDA:0,(anonymous_8)
FNDA:0,(anonymous_9)
DA:9,0
DA:11,0
DA:12,0
DA:15,0
DA:21,0
DA:26,0
DA:31,0
DA:36,0
DA:44,0
DA:50,0
DA:54,0
DA:62,0
LF:12
LH:0
BRF:0
BRH:0
end_of_record
TN:
SF:src/overlay/Overlay.tsx
FN:8,(anonymous_0)
FN:15,(anonymous_1)
FN:19,(anonymous_2)
FNF:3
FNH:2
FNDA:45,(anonymous_0)
FNDA:0,(anonymous_1)
FNDA:45,(anonymous_2)
DA:8,1
DA:9,45
DA:10,45
DA:12,45
DA:13,45
DA:15,45
DA:16,0
DA:19,45
DA:20,45
DA:26,45
DA:27,45
DA:30,45
DA:43,45
DA:57,1
LF:14
LH:13
BRDA:21,0,0,45
BRDA:21,0,1,0
BRDA:26,1,0,45
BRDA:26,1,1,0
BRDA:36,2,0,45
BRDA:36,2,1,0
BRF:6
BRH:3
end_of_record
TN:
SF:src/overlay/PropsType.ts
FNF:0
FNH:0
LF:0
LH:0
BRF:0
BRH:0
end_of_record
TN:
SF:src/overlay/index.tsx
FNF:0
FNH:0
LF:0
LH:0
BRF:0
BRH:0
end_of_record
TN:
SF:src/overlay/demo/index.tsx
FN:6,(anonymous_0)
FN:14,(anonymous_1)
FN:17,(anonymous_2)
FN:20,(anonymous_3)
FN:23,(anonymous_4)
FNF:5
FNH:0
FNDA:0,(anonymous_0)
FNDA:0,(anonymous_1)
FNDA:0,(anonymous_2)
FNDA:0,(anonymous_3)
FNDA:0,(anonymous_4)
DA:7,0
DA:8,0
DA:9,0
DA:11,0
DA:14,0
DA:17,0
DA:20,0
DA:23,0
LF:8
LH:0
BRF:0
BRH:0
end_of_record
TN:
SF:src/popup/Popup.tsx
FN:52,(anonymous_0)
FN:62,(anonymous_1)
FN:65,(anonymous_2)
FN:78,(anonymous_3)
FN:89,(anonymous_4)
FN:94,(anonymous_5)
FN:102,(anonymous_6)
FN:110,(anonymous_7)
FN:126,(anonymous_8)
FN:133,(anonymous_9)
FN:148,(anonymous_10)
FN:155,(anonymous_11)
FN:162,(anonymous_12)
FN:189,(anonymous_13)
FN:206,(anonymous_14)
FN:216,(anonymous_15)
FN:222,(anonymous_16)
FN:232,(anonymous_17)
FN:236,(anonymous_18)
FN:256,(anonymous_19)
FNF:20
FNH:16
FNDA:82,(anonymous_0)
FNDA:23,(anonymous_1)
FNDA:22,(anonymous_2)
FNDA:18,(anonymous_3)
FNDA:3,(anonymous_4)
FNDA:1,(anonymous_5)
FNDA:3,(anonymous_6)
FNDA:63,(anonymous_7)
FNDA:0,(anonymous_8)
FNDA:63,(anonymous_9)
FNDA:63,(anonymous_10)
FNDA:63,(anonymous_11)
FNDA:63,(anonymous_12)
FNDA:63,(anonymous_13)
FNDA:0,(anonymous_14)
FNDA:0,(anonymous_15)
FNDA:42,(anonymous_16)
FNDA:0,(anonymous_17)
FNDA:63,(anonymous_18)
FNDA:60,(anonymous_19)
DA:27,1
DA:50,1
DA:52,1
DA:53,82
DA:54,82
DA:57,82
DA:58,82
DA:59,82
DA:60,82
DA:61,82
DA:62,82
DA:63,82
DA:65,82
DA:66,22
DA:71,22
DA:72,22
DA:73,22
DA:75,22
DA:78,82
DA:79,18
DA:80,18
DA:83,18
DA:84,18
DA:86,18
DA:89,82
DA:90,3
DA:91,3
DA:95,1
DA:96,1
DA:102,82
DA:103,3
DA:105,3
DA:106,3
DA:110,82
DA:111,63
DA:112,60
DA:123,3
DA:126,82
DA:127,0
DA:128,0
DA:130,0
DA:133,82
DA:134,63
DA:135,12
DA:136,12
DA:145,51
DA:148,82
DA:149,63
DA:150,0
DA:152,63
DA:155,82
DA:156,63
DA:157,0
DA:159,63
DA:162,82
DA:163,63
DA:164,63
DA:189,82
DA:190,63
DA:191,63
DA:193,63
DA:207,0
DA:208,0
DA:216,82
DA:217,0
DA:218,0
DA:222,82
DA:223,42
DA:224,23
DA:225,18
DA:226,18
DA:228,5
DA:232,82
DA:236,82
DA:237,63
DA:247,1
DA:256,60
LF:77
LH:68
BRDA:71,0,0,22
BRDA:71,0,1,0
BRDA:72,1,0,22
BRDA:72,1,1,0
BRDA:79,2,0,18
BRDA:79,2,1,0
BRDA:90,3,0,3
BRDA:90,3,1,0
BRDA:105,4,0,3
BRDA:105,4,1,0
BRDA:111,5,0,60
BRDA:111,5,1,3
BRDA:114,6,0,60
BRDA:114,6,1,51
BRDA:127,7,0,0
BRDA:127,7,1,0
BRDA:134,8,0,12
BRDA:134,8,1,51
BRDA:149,9,0,0
BRDA:149,9,1,63
BRDA:156,10,0,0
BRDA:156,10,1,63
BRDA:169,11,0,7
BRDA:169,11,1,56
BRDA:169,12,0,63
BRDA:169,12,1,9
BRDA:191,13,0,63
BRDA:191,13,1,0
BRDA:195,14,0,63
BRDA:195,14,1,54
BRDA:201,15,0,63
BRDA:201,15,1,63
BRDA:217,16,0,0
BRDA:217,16,1,0
BRDA:223,17,0,19
BRDA:223,17,1,23
BRDA:224,18,0,18
BRDA:224,18,1,5
BRF:38
BRH:26
end_of_record
TN:
SF:src/popup/PopupContext.ts
FNF:0
FNH:0
DA:7,1
LF:1
LH:1
BRF:0
BRH:0
end_of_record
TN:
SF:src/popup/PropsType.ts
FNF:0
FNH:0
LF:0
LH:0
BRF:0
BRH:0
end_of_record
TN:
SF:src/popup/index.tsx
FNF:0
FNH:0
LF:0
LH:0
BRF:0
BRH:0
end_of_record
TN:
SF:src/popup/demo/index.tsx
FN:19,reducer
FN:46,(anonymous_1)
FN:56,(anonymous_2)
FN:67,(anonymous_3)
FN:76,(anonymous_4)
FN:85,(anonymous_5)
FN:94,(anonymous_6)
FN:105,(anonymous_7)
FN:114,(anonymous_8)
FN:123,(anonymous_9)
FN:134,(anonymous_10)
FN:145,(anonymous_11)
FN:154,(anonymous_12)
FN:160,(anonymous_13)
FN:161,(anonymous_14)
FN:162,(anonymous_15)
FN:163,(anonymous_16)
FN:164,(anonymous_17)
FN:172,(anonymous_18)
FN:182,(anonymous_19)
FN:192,(anonymous_20)
FN:202,(anonymous_21)
FN:213,(anonymous_22)
FN:225,(anonymous_23)
FN:238,(anonymous_24)
FN:251,(anonymous_25)
FN:265,(anonymous_26)
FNF:27
FNH:0
FNDA:0,reducer
FNDA:0,(anonymous_1)
FNDA:0,(anonymous_2)
FNDA:0,(anonymous_3)
FNDA:0,(anonymous_4)
FNDA:0,(anonymous_5)
FNDA:0,(anonymous_6)
FNDA:0,(anonymous_7)
FNDA:0,(anonymous_8)
FNDA:0,(anonymous_9)
FNDA:0,(anonymous_10)
FNDA:0,(anonymous_11)
FNDA:0,(anonymous_12)
FNDA:0,(anonymous_13)
FNDA:0,(anonymous_14)
FNDA:0,(anonymous_15)
FNDA:0,(anonymous_16)
FNDA:0,(anonymous_17)
FNDA:0,(anonymous_18)
FNDA:0,(anonymous_19)
FNDA:0,(anonymous_20)
FNDA:0,(anonymous_21)
FNDA:0,(anonymous_22)
FNDA:0,(anonymous_23)
FNDA:0,(anonymous_24)
FNDA:0,(anonymous_25)
FNDA:0,(anonymous_26)
DA:8,0
DA:20,0
DA:22,0
DA:24,0
DA:26,0
DA:28,0
DA:30,0
DA:32,0
DA:34,0
DA:36,0
DA:38,0
DA:40,0
DA:42,0
DA:47,0
DA:48,0
DA:50,0
DA:57,0
DA:68,0
DA:77,0
DA:86,0
DA:95,0
DA:106,0
DA:115,0
DA:124,0
DA:135,0
DA:146,0
DA:155,0
DA:158,0
DA:160,0
DA:161,0
DA:162,0
DA:163,0
DA:164,0
DA:173,0
DA:183,0
DA:193,0
DA:203,0
DA:214,0
DA:226,0
DA:239,0
DA:252,0
DA:266,0
LF:42
LH:0
BRDA:20,0,0,0
BRDA:20,0,1,0
BRDA:20,0,2,0
BRDA:20,0,3,0
BRDA:20,0,4,0
BRDA:20,0,5,0
BRDA:20,0,6,0
BRDA:20,0,7,0
BRDA:20,0,8,0
BRDA:20,0,9,0
BRDA:20,0,10,0
BRF:11
BRH:0
end_of_record
TN:
SF:src/pull-refresh/PropsType.ts
FNF:0
FNH:0
LF:0
LH:0
BRF:0
BRH:0
end_of_record
TN:
SF:src/pull-refresh/PullRefresh.tsx
FN:17,(anonymous_0)
FN:36,(anonymous_1)
FN:45,(anonymous_2)
FN:49,(anonymous_3)
FN:63,(anonymous_4)
FN:79,(anonymous_5)
FN:86,(anonymous_6)
FN:113,(anonymous_7)
FN:115,(anonymous_8)
FN:120,(anonymous_9)
FN:130,(anonymous_10)
FN:139,(anonymous_11)
FN:146,(anonymous_12)
FN:170,(anonymous_13)
FN:187,(anonymous_14)
FN:199,(anonymous_15)
FNF:16
FNH:0
FNDA:0,(anonymous_0)
FNDA:0,(anonymous_1)
FNDA:0,(anonymous_2)
FNDA:0,(anonymous_3)
FNDA:0,(anonymous_4)
FNDA:0,(anonymous_5)
FNDA:0,(anonymous_6)
FNDA:0,(anonymous_7)
FNDA:0,(anonymous_8)
FNDA:0,(anonymous_9)
FNDA:0,(anonymous_10)
FNDA:0,(anonymous_11)
FNDA:0,(anonymous_12)
FNDA:0,(anonymous_13)
FNDA:0,(anonymous_14)
FNDA:0,(anonymous_15)
DA:14,0
DA:15,0
DA:17,0
DA:18,0
DA:19,0
DA:21,0
DA:23,0
DA:24,0
DA:31,0
DA:32,0
DA:34,0
DA:36,0
DA:37,0
DA:38,0
DA:42,0
DA:45,0
DA:46,0
DA:49,0
DA:50,0
DA:52,0
DA:53,0
DA:54,0
DA:56,0
DA:60,0
DA:63,0
DA:64,0
DA:65,0
DA:67,0
DA:68,0
DA:69,0
DA:70,0
DA:71,0
DA:72,0
DA:74,0
DA:76,0
DA:79,0
DA:80,0
DA:81,0
DA:83,0
DA:86,0
DA:87,0
DA:89,0
DA:90,0
DA:93,0
DA:95,0
DA:96,0
DA:102,0
DA:103,0
DA:110,0
DA:113,0
DA:114,0
DA:115,0
DA:116,0
DA:120,0
DA:121,0
DA:122,0
DA:123,0
DA:124,0
DA:126,0
DA:130,0
DA:131,0
DA:132,0
DA:133,0
DA:134,0
DA:135,0
DA:139,0
DA:140,0
DA:141,0
DA:145,0
DA:147,0
DA:148,0
DA:149,0
DA:152,0
DA:153,0
DA:154,0
DA:155,0
DA:163,0
DA:170,0
DA:171,0
DA:172,0
DA:173,0
DA:174,0
DA:175,0
DA:177,0
DA:182,0
DA:187,0
DA:188,0
DA:189,0
DA:190,0
DA:191,0
DA:192,0
DA:194,0
DA:198,0
DA:199,0
DA:206,0
DA:225,0
LF:96
LH:0
BRDA:37,0,0,0
BRDA:37,0,1,0
BRDA:46,1,0,0
BRDA:46,1,1,0
BRDA:46,1,2,0
BRDA:50,2,0,0
BRDA:50,2,1,0
BRDA:52,3,0,0
BRDA:52,3,1,0
BRDA:53,4,0,0
BRDA:53,4,1,0
BRDA:64,5,0,0
BRDA:64,5,1,0
BRDA:67,6,0,0
BRDA:67,6,1,0
BRDA:69,7,0,0
BRDA:69,7,1,0
BRDA:71,8,0,0
BRDA:71,8,1,0
BRDA:80,9,0,0
BRDA:80,9,1,0
BRDA:89,10,0,0
BRDA:89,10,1,0
BRDA:95,11,0,0
BRDA:95,11,1,0
BRDA:102,12,0,0
BRDA:102,12,1,0
BRDA:133,13,0,0
BRDA:133,13,1,0
BRDA:140,14,0,0
BRDA:140,14,1,0
BRDA:147,15,0,0
BRDA:147,15,1,0
BRDA:148,16,0,0
BRDA:148,16,1,0
BRDA:153,17,0,0
BRDA:153,17,1,0
BRDA:153,18,0,0
BRDA:153,18,1,0
BRDA:153,18,2,0
BRDA:171,19,0,0
BRDA:171,19,1,0
BRDA:171,20,0,0
BRDA:171,20,1,0
BRDA:171,20,2,0
BRDA:173,21,0,0
BRDA:173,21,1,0
BRDA:189,22,0,0
BRDA:189,22,1,0
BRDA:191,23,0,0
BRDA:191,23,1,0
BRDA:201,24,0,0
BRDA:201,24,1,0
BRF:53
BRH:0
end_of_record
TN:
SF:src/pull-refresh/index.tsx
FNF:0
FNH:0
LF:0
LH:0
BRF:0
BRH:0
end_of_record
TN:
SF:src/pull-refresh/demo/index.tsx
FN:8,(anonymous_0)
FN:11,(anonymous_1)
FN:18,(anonymous_2)
FN:19,(anonymous_3)
FN:20,(anonymous_4)
FN:34,(anonymous_5)
FN:39,(anonymous_6)
FN:46,(anonymous_7)
FN:53,(anonymous_8)
FN:54,(anonymous_9)
FN:57,(anonymous_10)
FNF:11
FNH:0
FNDA:0,(anonymous_0)
FNDA:0,(anonymous_1)
FNDA:0,(anonymous_2)
FNDA:0,(anonymous_3)
FNDA:0,(anonymous_4)
FNDA:0,(anonymous_5)
FNDA:0,(anonymous_6)
FNDA:0,(anonymous_7)
FNDA:0,(anonymous_8)
FNDA:0,(anonymous_9)
FNDA:0,(anonymous_10)
DA:9,0
DA:10,0
DA:11,0
DA:12,0
DA:13,0
DA:15,0
DA:18,0
DA:19,0
DA:20,0
DA:21,0
DA:22,0
DA:24,0
DA:25,0
DA:30,0
DA:34,0
DA:39,0
DA:47,0
DA:53,0
DA:55,0
DA:57,0
LF:20
LH:0
BRDA:12,0,0,0
BRDA:12,0,1,0
BRDA:21,1,0,0
BRDA:21,1,1,0
BRF:4
BRH:0
end_of_record
TN:
SF:src/radio/PropsType.ts
FNF:0
FNH:0
LF:0
LH:0
BRF:0
BRH:0
end_of_record
TN:
SF:src/radio/Radio.tsx
FN:9,(anonymous_0)
FN:14,(anonymous_1)
FN:18,(anonymous_2)
FN:19,(anonymous_3)
FNF:4
FNH:4
FNDA:9,(anonymous_0)
FNDA:7,(anonymous_1)
FNDA:3,(anonymous_2)
FNDA:3,(anonymous_3)
DA:9,1
DA:10,9
DA:11,9
DA:12,9
DA:14,9
DA:15,7
DA:18,9
DA:19,3
DA:20,3
DA:23,9
LF:10
LH:10
BRDA:15,0,0,0
BRDA:15,0,1,7
BRDA:19,1,0,0
BRDA:19,1,1,3
BRF:4
BRH:2
end_of_record
TN:
SF:src/radio/RadioContext.ts
FNF:0
FNH:0
DA:10,1
LF:1
LH:1
BRF:0
BRH:0
end_of_record
TN:
SF:src/radio/RadioGroup.tsx
FN:11,(anonymous_0)
FN:20,(anonymous_1)
FNF:2
FNH:0
FNDA:0,(anonymous_0)
FNDA:0,(anonymous_1)
DA:11,1
DA:12,0
DA:13,0
DA:15,0
DA:20,0
DA:21,0
DA:22,0
DA:25,0
LF:8
LH:1
BRF:0
BRH:0
end_of_record
TN:
SF:src/radio/index.tsx
FNF:0
FNH:0
DA:4,1
LF:1
LH:1
BRF:0
BRH:0
end_of_record
TN:
SF:src/radio/demo/index.tsx
FN:9,(anonymous_0)
FN:93,(anonymous_1)
FN:96,(anonymous_2)
FN:118,(anonymous_3)
FN:125,(anonymous_4)
FNF:5
FNH:0
FNDA:0,(anonymous_0)
FNDA:0,(anonymous_1)
FNDA:0,(anonymous_2)
FNDA:0,(anonymous_3)
FNDA:0,(anonymous_4)
DA:10,0
DA:11,0
DA:13,0
DA:15,0
DA:94,0
DA:95,0
DA:96,0
DA:97,0
DA:98,0
DA:118,0
DA:125,0
LF:11
LH:0
BRF:0
BRH:0
end_of_record
TN:
SF:src/rate/PropsType.ts
FNF:0
FNH:0
LF:0
LH:0
BRF:0
BRH:0
end_of_record
TN:
SF:src/rate/Rate.tsx
FN:19,getRateStatus
FN:44,(anonymous_1)
FN:55,(anonymous_2)
FN:58,(anonymous_3)
FN:61,(anonymous_4)
FN:67,(anonymous_5)
FN:68,(anonymous_6)
FN:71,(anonymous_7)
FN:83,(anonymous_8)
FN:93,(anonymous_9)
FN:100,(anonymous_10)
FN:109,(anonymous_11)
FN:123,(anonymous_12)
FN:149,(anonymous_13)
FNF:14
FNH:0
FNDA:0,getRateStatus
FNDA:0,(anonymous_1)
FNDA:0,(anonymous_2)
FNDA:0,(anonymous_3)
FNDA:0,(anonymous_4)
FNDA:0,(anonymous_5)
FNDA:0,(anonymous_6)
FNDA:0,(anonymous_7)
FNDA:0,(anonymous_8)
FNDA:0,(anonymous_9)
FNDA:0,(anonymous_10)
FNDA:0,(anonymous_11)
FNDA:0,(anonymous_12)
FNDA:0,(anonymous_13)
DA:25,0
DA:26,0
DA:29,0
DA:30,0
DA:33,0
DA:34,0
DA:35,0
DA:41,0
DA:44,0
DA:45,0
DA:46,0
DA:47,0
DA:51,0
DA:52,0
DA:53,0
DA:55,0
DA:57,0
DA:59,0
DA:61,0
DA:65,0
DA:67,0
DA:68,0
DA:70,0
DA:71,0
DA:72,0
DA:73,0
DA:78,0
DA:83,0
DA:85,0
DA:86,0
DA:87,0
DA:90,0
DA:93,0
DA:94,0
DA:95,0
DA:96,0
DA:100,0
DA:101,0
DA:102,0
DA:105,0
DA:106,0
DA:109,0
DA:110,0
DA:111,0
DA:114,0
DA:116,0
DA:117,0
DA:118,0
DA:119,0
DA:123,0
DA:135,0
DA:136,0
DA:137,0
DA:138,0
DA:140,0
DA:143,0
DA:144,0
DA:149,0
DA:150,0
DA:151,0
DA:154,0
DA:190,0
DA:195,0
DA:213,0
LF:64
LH:0
BRDA:25,0,0,0
BRDA:25,0,1,0
BRDA:29,1,0,0
BRDA:29,1,1,0
BRDA:29,2,0,0
BRDA:29,2,1,0
BRDA:29,2,2,0
BRDA:33,3,0,0
BRDA:33,3,1,0
BRDA:33,4,0,0
BRDA:33,4,1,0
BRDA:33,4,2,0
BRDA:55,5,0,0
BRDA:55,5,1,0
BRDA:55,5,2,0
BRDA:72,6,0,0
BRDA:72,6,1,0
BRDA:86,7,0,0
BRDA:86,7,1,0
BRDA:90,8,0,0
BRDA:90,8,1,0
BRDA:94,9,0,0
BRDA:94,9,1,0
BRDA:94,10,0,0
BRDA:94,10,1,0
BRDA:94,10,2,0
BRDA:101,11,0,0
BRDA:101,11,1,0
BRDA:110,12,0,0
BRDA:110,12,1,0
BRDA:116,13,0,0
BRDA:116,13,1,0
BRDA:140,14,0,0
BRDA:140,14,1,0
BRDA:140,14,2,0
BRDA:143,15,0,0
BRDA:143,15,1,0
BRDA:143,16,0,0
BRDA:143,16,1,0
BRDA:151,17,0,0
BRDA:151,17,1,0
BRDA:169,18,0,0
BRDA:169,18,1,0
BRDA:172,19,0,0
BRDA:172,19,1,0
BRDA:172,20,0,0
BRDA:172,20,1,0
BRDA:175,21,0,0
BRDA:175,21,1,0
BRDA:179,22,0,0
BRDA:179,22,1,0
BRDA:182,23,0,0
BRDA:182,23,1,0
BRDA:182,24,0,0
BRDA:182,24,1,0
BRF:55
BRH:0
end_of_record
TN:
SF:src/rate/index.tsx
FNF:0
FNH:0
LF:0
LH:0
BRF:0
BRH:0
end_of_record
TN:
SF:src/rate/demo/index.tsx
FN:6,(anonymous_0)
FN:9,(anonymous_1)
FN:35,(anonymous_2)
FNF:3
FNH:0
FNDA:0,(anonymous_0)
FNDA:0,(anonymous_1)
FNDA:0,(anonymous_2)
DA:7,0
DA:8,0
DA:9,0
DA:10,0
DA:12,0
DA:13,0
DA:36,0
LF:7
LH:0
BRF:0
BRH:0
end_of_record
TN:
SF:src/share-sheet/PropsType.ts
FNF:0
FNH:0
LF:0
LH:0
BRF:0
BRH:0
end_of_record
TN:
SF:src/share-sheet/ShareSheet.tsx
FN:19,getIconURL
FN:26,(anonymous_1)
FN:30,(anonymous_2)
FN:34,(anonymous_3)
FN:38,(anonymous_4)
FN:51,(anonymous_5)
FN:59,(anonymous_6)
FN:68,(anonymous_7)
FN:74,(anonymous_8)
FN:77,(anonymous_9)
FN:84,(anonymous_10)
FNF:11
FNH:0
FNDA:0,getIconURL
FNDA:0,(anonymous_1)
FNDA:0,(anonymous_2)
FNDA:0,(anonymous_3)
FNDA:0,(anonymous_4)
FNDA:0,(anonymous_5)
FNDA:0,(anonymous_6)
FNDA:0,(anonymous_7)
FNDA:0,(anonymous_8)
FNDA:0,(anonymous_9)
FNDA:0,(anonymous_10)
DA:8,0
DA:20,0
DA:21,0
DA:23,0
DA:26,0
DA:27,0
DA:28,0
DA:30,0
DA:31,0
DA:34,0
DA:35,0
DA:38,0
DA:39,0
DA:40,0
DA:41,0
DA:48,0
DA:51,0
DA:52,0
DA:53,0
DA:59,0
DA:68,0
DA:69,0
DA:74,0
DA:75,0
DA:76,0
DA:77,0
DA:78,0
DA:81,0
DA:84,0
DA:85,0
DA:86,0
DA:87,0
DA:93,0
DA:95,0
DA:120,0
LF:35
LH:0
BRDA:20,0,0,0
BRDA:20,0,1,0
BRDA:40,1,0,0
BRDA:40,1,1,0
BRDA:40,2,0,0
BRDA:40,2,1,0
BRDA:43,3,0,0
BRDA:43,3,1,0
BRDA:44,4,0,0
BRDA:44,4,1,0
BRDA:62,5,0,0
BRDA:62,5,1,0
BRDA:63,6,0,0
BRDA:63,6,1,0
BRDA:76,7,0,0
BRDA:76,7,1,0
BRDA:86,8,0,0
BRDA:86,8,1,0
BRF:18
BRH:0
end_of_record
TN:
SF:src/share-sheet/index.tsx
FNF:0
FNH:0
LF:0
LH:0
BRF:0
BRH:0
end_of_record
TN:
SF:src/share-sheet/demo/index.tsx
FN:54,(anonymous_0)
FN:61,(anonymous_1)
FN:62,(anonymous_2)
FN:63,(anonymous_3)
FN:64,(anonymous_4)
FN:65,(anonymous_5)
FN:66,(anonymous_6)
FN:67,(anonymous_7)
FN:68,(anonymous_8)
FN:89,(anonymous_9)
FN:100,(anonymous_10)
FN:110,(anonymous_11)
FN:123,(anonymous_12)
FNF:13
FNH:0
FNDA:0,(anonymous_0)
FNDA:0,(anonymous_1)
FNDA:0,(anonymous_2)
FNDA:0,(anonymous_3)
FNDA:0,(anonymous_4)
FNDA:0,(anonymous_5)
FNDA:0,(anonymous_6)
FNDA:0,(anonymous_7)
FNDA:0,(anonymous_8)
FNDA:0,(anonymous_9)
FNDA:0,(anonymous_10)
FNDA:0,(anonymous_11)
FNDA:0,(anonymous_12)
DA:8,0
DA:16,0
DA:31,0
DA:46,0
DA:55,0
DA:56,0
DA:57,0
DA:58,0
DA:59,0
DA:61,0
DA:62,0
DA:63,0
DA:64,0
DA:65,0
DA:66,0
DA:67,0
DA:68,0
DA:69,0
DA:90,0
DA:91,0
DA:92,0
DA:101,0
DA:102,0
DA:103,0
DA:111,0
DA:112,0
DA:113,0
DA:124,0
DA:125,0
DA:126,0
LF:30
LH:0
BRF:0
BRH:0
end_of_record
TN:
SF:src/skeleton/PropsType.ts
FNF:0
FNH:0
LF:0
LH:0
BRF:0
BRH:0
end_of_record
TN:
SF:src/skeleton/Skeleton.tsx
FN:10,(anonymous_0)
FN:14,(anonymous_1)
FN:27,(anonymous_2)
FN:37,(anonymous_3)
FN:49,(anonymous_4)
FN:58,(anonymous_5)
FN:61,(anonymous_6)
FNF:7
FNH:0
FNDA:0,(anonymous_0)
FNDA:0,(anonymous_1)
FNDA:0,(anonymous_2)
FNDA:0,(anonymous_3)
FNDA:0,(anonymous_4)
FNDA:0,(anonymous_5)
FNDA:0,(anonymous_6)
DA:7,0
DA:8,0
DA:10,0
DA:11,0
DA:12,0
DA:14,0
DA:15,0
DA:17,0
DA:18,0
DA:21,0
DA:22,0
DA:25,0
DA:27,0
DA:28,0
DA:30,0
DA:31,0
DA:34,0
DA:37,0
DA:38,0
DA:39,0
DA:46,0
DA:49,0
DA:50,0
DA:51,0
DA:52,0
DA:53,0
DA:55,0
DA:58,0
DA:59,0
DA:62,0
DA:63,0
DA:65,0
DA:68,0
DA:69,0
DA:83,0
LF:35
LH:0
BRDA:17,0,0,0
BRDA:17,0,1,0
BRDA:17,1,0,0
BRDA:17,1,1,0
BRDA:21,2,0,0
BRDA:21,2,1,0
BRDA:30,3,0,0
BRDA:30,3,1,0
BRDA:38,4,0,0
BRDA:38,4,1,0
BRDA:50,5,0,0
BRDA:50,5,1,0
BRDA:68,6,0,0
BRDA:68,6,1,0
BRF:14
BRH:0
end_of_record
TN:
SF:src/skeleton/index.tsx
FNF:0
FNH:0
LF:0
LH:0
BRF:0
BRH:0
end_of_record
TN:
SF:src/skeleton/demo/index.tsx
FN:7,(anonymous_0)
FNF:1
FNH:0
FNDA:0,(anonymous_0)
DA:8,0
DA:9,0
DA:10,0
LF:3
LH:0
BRF:0
BRH:0
end_of_record
TN:
SF:src/slider/PropsType.ts
FNF:0
FNH:0
LF:0
LH:0
BRF:0
BRH:0
end_of_record
TN:
SF:src/slider/Slider.tsx
FN:12,(anonymous_0)
FN:26,(anonymous_1)
FN:28,(anonymous_2)
FN:37,(anonymous_3)
FN:40,(anonymous_4)
FN:49,(anonymous_5)
FN:57,(anonymous_6)
FN:68,(anonymous_7)
FN:80,(anonymous_8)
FN:90,(anonymous_9)
FN:93,(anonymous_10)
FN:101,(anonymous_11)
FN:116,(anonymous_12)
FN:126,(anonymous_13)
FN:156,(anonymous_14)
FN:173,(anonymous_15)
FN:203,(anonymous_16)
FN:216,(anonymous_17)
FN:224,(anonymous_18)
FN:243,(anonymous_19)
FN:260,(anonymous_20)
FNF:21
FNH:0
FNDA:0,(anonymous_0)
FNDA:0,(anonymous_1)
FNDA:0,(anonymous_2)
FNDA:0,(anonymous_3)
FNDA:0,(anonymous_4)
[...]
BRDA:27,2,1,0
BRDA:33,3,0,0
BRDA:33,3,1,0
BRDA:44,4,0,0
BRDA:44,4,1,0
BRDA:44,4,2,0
BRDA:45,5,0,0
BRDA:45,5,1,0
BRDA:46,6,0,0
BRDA:46,6,1,0
BRDA:48,7,0,0
BRDA:48,7,1,0
BRDA:48,8,0,0
BRDA:48,8,1,0
BRDA:58,9,0,0
BRDA:58,9,1,0
BRDA:67,10,0,0
BRDA:67,10,1,0
BRDA:67,11,0,0
BRDA:67,11,1,0
BRF:25
BRH:0
end_of_record
TN:
SF:src/toast/index.tsx
FN:19,(anonymous_0)
FN:29,syncClear
FN:38,nextTickClear
FN:43,(anonymous_3)
FN:46,(anonymous_4)
FN:47,(anonymous_5)
FN:55,(anonymous_6)
FN:63,(anonymous_7)
FN:74,(anonymous_8)
FN:82,(anonymous_9)
FN:83,(anonymous_10)
FN:92,(anonymous_11)
FN:100,(anonymous_12)
FN:111,(anonymous_13)
FN:123,parseOptions
FN:130,(anonymous_15)
FN:130,(anonymous_16)
FN:138,(anonymous_17)
FN:142,(anonymous_18)
FN:147,setDefaultOptions
FN:157,(anonymous_20)
FNF:21
FNH:0
FNDA:0,(anonymous_0)
FNDA:0,syncClear
FNDA:0,nextTickClear
FNDA:0,(anonymous_3)
FNDA:0,(anonymous_4)
FNDA:0,(anonymous_5)
FNDA:0,(anonymous_6)
FNDA:0,(anonymous_7)
FNDA:0,(anonymous_8)
FNDA:0,(anonymous_9)
FNDA:0,(anonymous_10)
FNDA:0,(anonymous_11)
FNDA:0,(anonymous_12)
FNDA:0,(anonymous_13)
FNDA:0,parseOptions
FNDA:0,(anonymous_15)
FNDA:0,(anonymous_16)
FNDA:0,(anonymous_17)
FNDA:0,(anonymous_18)
FNDA:0,setDefaultOptions
FNDA:0,(anonymous_20)
DA:11,0
DA:19,0
DA:22,0
DA:23,0
DA:24,0
DA:26,0
DA:30,0
DA:31,0
DA:32,0
DA:33,0
DA:39,0
DA:43,0
DA:44,0
DA:45,0
DA:47,0
DA:49,0
DA:50,0
DA:51,0
DA:52,0
DA:53,0
DA:55,0
DA:56,0
DA:60,0
DA:61,0
DA:63,0
DA:64,0
DA:65,0
DA:67,0
DA:68,0
DA:69,0
DA:74,0
DA:75,0
DA:76,0
DA:79,0
DA:81,0
DA:83,0
DA:84,0
DA:92,0
DA:93,0
DA:94,0
DA:95,0
DA:97,0
DA:98,0
DA:100,0
DA:101,0
DA:102,0
DA:107,0
DA:111,0
DA:118,0
DA:120,0
DA:124,0
DA:125,0
DA:127,0
DA:130,0
DA:131,0
DA:138,0
DA:139,0
DA:142,0
DA:143,0
DA:145,0
DA:148,0
DA:149,0
DA:151,0
DA:155,0
DA:157,0
DA:158,0
DA:159,0
DA:161,0
DA:162,0
LF:69
LH:0
BRDA:64,0,0,0
BRDA:64,0,1,0
BRDA:68,1,0,0
BRDA:68,1,1,0
BRDA:68,2,0,0
BRDA:68,2,1,0
BRDA:76,3,0,0
BRDA:76,3,1,0
BRDA:84,4,0,0
BRDA:84,4,1,0
BRDA:94,5,0,0
BRDA:94,5,1,0
BRDA:97,6,0,0
BRDA:97,6,1,0
BRDA:97,7,0,0
BRDA:97,7,1,0
BRDA:101,8,0,0
BRDA:101,8,1,0
BRDA:124,9,0,0
BRDA:124,9,1,0
BRDA:142,10,0,0
BRDA:148,11,0,0
BRDA:148,11,1,0
BRDA:158,12,0,0
BRDA:158,12,1,0
BRF:25
BRH:0
end_of_record
TN:
SF:src/toast/lock-click.ts
FN:3,lockClick
FNF:1
FNH:0
FNDA:0,lockClick
DA:1,0
DA:4,0
DA:5,0
DA:6,0
DA:9,0
DA:10,0
DA:11,0
DA:13,0
DA:14,0
LF:9
LH:0
BRDA:4,0,0,0
BRDA:4,0,1,0
BRDA:5,1,0,0
BRDA:5,1,1,0
BRDA:10,2,0,0
BRDA:10,2,1,0
BRDA:13,3,0,0
BRDA:13,3,1,0
BRF:8
BRH:0
end_of_record
TN:
SF:src/toast/demo/index.tsx
FN:8,(anonymous_0)
FN:11,(anonymous_1)
FN:17,(anonymous_2)
FN:19,(anonymous_3)
FN:27,(anonymous_4)
FN:31,(anonymous_5)
FN:38,(anonymous_6)
FN:39,(anonymous_7)
FN:48,(anonymous_8)
FN:59,(anonymous_9)
FN:69,(anonymous_10)
FN:82,(anonymous_11)
FN:92,(anonymous_12)
FNF:13
FNH:0
FNDA:0,(anonymous_0)
FNDA:0,(anonymous_1)
FNDA:0,(anonymous_2)
FNDA:0,(anonymous_3)
FNDA:0,(anonymous_4)
FNDA:0,(anonymous_5)
FNDA:0,(anonymous_6)
FNDA:0,(anonymous_7)
FNDA:0,(anonymous_8)
FNDA:0,(anonymous_9)
FNDA:0,(anonymous_10)
FNDA:0,(anonymous_11)
FNDA:0,(anonymous_12)
DA:9,0
DA:11,0
DA:12,0
DA:14,0
DA:17,0
DA:19,0
DA:20,0
DA:24,0
DA:27,0
DA:32,0
DA:38,0
DA:39,0
DA:49,0
DA:60,0
DA:70,0
DA:83,0
DA:93,0
LF:17
LH:0
BRF:0
BRH:0
end_of_record
TN:
SF:src/typography/PropsType.ts
FNF:0
FNH:0
LF:0
LH:0
BRF:0
BRH:0
end_of_record
TN:
SF:src/typography/Typography.tsx
FN:6,(anonymous_0)
FNF:1
FNH:0
FNDA:0,(anonymous_0)
DA:6,0
DA:21,0
DA:22,0
DA:24,0
DA:25,0
LF:5
LH:0
BRDA:8,0,0,0
BRDA:24,1,0,0
BRDA:24,1,1,0
BRDA:39,2,0,0
BRDA:39,2,1,0
BRDA:44,3,0,0
BRDA:44,3,1,0
BRF:7
BRH:0
end_of_record
TN:
SF:src/typography/index.tsx
FN:5,(anonymous_0)
FN:6,(anonymous_1)
FN:7,(anonymous_2)
FNF:3
FNH:0
FNDA:0,(anonymous_0)
FNDA:0,(anonymous_1)
FNDA:0,(anonymous_2)
DA:5,0
DA:6,0
DA:7,0
DA:9,0
LF:4
LH:0
BRF:0
BRH:0
end_of_record
TN:
SF:src/typography/demo/index.tsx
FN:6,(anonymous_0)
FNF:1
FNH:0
FNDA:0,(anonymous_0)
DA:7,0
DA:8,0
LF:2
LH:0
BRF:0
BRH:0
end_of_record
TN:
SF:src/uploader/PropsType.ts
FNF:0
FNH:0
LF:0
LH:0
BRF:0
BRH:0
end_of_record
TN:
SF:src/uploader/Uploader.tsx
FN:15,(anonymous_0)
FN:22,(anonymous_1)
FN:27,(anonymous_2)
FN:33,(anonymous_3)
FN:54,(anonymous_4)
FN:64,(anonymous_5)
FN:64,(anonymous_6)
FN:65,(anonymous_7)
FN:81,(anonymous_8)
FN:96,(anonymous_9)
FN:114,(anonymous_10)
FN:127,(anonymous_11)
FN:132,(anonymous_12)
FN:136,(anonymous_13)
FN:151,(anonymous_14)
FN:157,(anonymous_15)
FN:165,(anonymous_16)
FN:176,(anonymous_17)
FN:179,(anonymous_18)
FN:180,(anonymous_19)
FN:187,(anonymous_20)
FN:194,(anonymous_21)
FN:198,(anonymous_22)
FN:210,(anonymous_23)
FN:250,(anonymous_24)
FN:256,(anonymous_25)
FNF:26
FNH:0
FNDA:0,(anonymous_0)
FNDA:0,(anonymous_1)
FNDA:0,(anonymous_2)
FNDA:0,(anonymous_3)
FNDA:0,(anonymous_4)
FNDA:0,(anonymous_5)
FNDA:0,(anonymous_6)
FNDA:0,(anonymous_7)
FNDA:0,(anonymous_8)
FNDA:0,(anonymous_9)
FNDA:0,(anonymous_10)
FNDA:0,(anonymous_11)
FNDA:0,(anonymous_12)
FNDA:0,(anonymous_13)
FNDA:0,(anonymous_14)
FNDA:0,(anonymous_15)
FNDA:0,(anonymous_16)
FNDA:0,(anonymous_17)
FNDA:0,(anonymous_18)
FNDA:0,(anonymous_19)
FNDA:0,(anonymous_20)
FNDA:0,(anonymous_21)
FNDA:0,(anonymous_22)
FNDA:0,(anonymous_23)
FNDA:0,(anonymous_24)
FNDA:0,(anonymous_25)
DA:15,0
DA:16,0
DA:17,0
DA:19,0
DA:20,0
DA:22,0
DA:27,0
DA:28,0
DA:29,0
DA:33,0
DA:34,0
DA:35,0
DA:36,0
DA:37,0
DA:38,0
DA:39,0
DA:40,0
DA:41,0
DA:44,0
DA:45,0
DA:48,0
DA:49,0
DA:50,0
DA:54,0
DA:55,0
DA:57,0
DA:58,0
DA:60,0
DA:61,0
DA:64,0
DA:65,0
DA:66,0
DA:72,0
DA:73,0
DA:76,0
DA:78,0
DA:81,0
DA:82,0
DA:87,0
DA:88,0
DA:91,0
DA:96,0
DA:97,0
DA:99,0
DA:100,0
DA:103,0
DA:105,0
DA:106,0
DA:107,0
DA:108,0
DA:109,0
DA:112,0
DA:113,0
DA:115,0
DA:116,0
DA:118,0
DA:122,0
DA:125,0
DA:127,0
DA:128,0
DA:129,0
DA:132,0
DA:133,0
DA:134,0
DA:135,0
DA:136,0
DA:138,0
DA:151,0
DA:152,0
DA:153,0
DA:157,0
DA:158,0
DA:159,0
DA:161,0
DA:162,0
DA:165,0
DA:166,0
DA:168,0
DA:170,0
DA:177,0
DA:179,0
DA:180,0
DA:187,0
DA:188,0
DA:189,0
DA:191,0
DA:194,0
DA:195,0
DA:198,0
DA:199,0
DA:200,0
DA:203,0
DA:204,0
DA:207,0
DA:210,0
DA:211,0
DA:212,0
DA:215,0
DA:228,0
DA:229,0
DA:237,0
DA:250,0
DA:251,0
DA:252,0
DA:256,0
DA:261,0
DA:271,0
LF:107
LH:0
BRDA:22,0,0,0
BRDA:22,1,0,0
BRDA:22,1,1,0
BRDA:28,2,0,0
BRDA:28,2,1,0
BRDA:35,3,0,0
BRDA:35,3,1,0
BRDA:36,4,0,0
BRDA:36,4,1,0
BRDA:40,5,0,0
BRDA:40,5,1,0
BRDA:49,6,0,0
BRDA:49,6,1,0
BRDA:57,7,0,0
BRDA:57,7,1,0
BRDA:60,8,0,0
BRDA:60,8,1,0
BRDA:72,9,0,0
BRDA:72,9,1,0
BRDA:87,10,0,0
BRDA:87,10,1,0
BRDA:99,11,0,0
BRDA:99,11,1,0
BRDA:99,12,0,0
BRDA:99,12,1,0
BRDA:99,12,2,0
BRDA:103,13,0,0
BRDA:103,13,1,0
BRDA:105,14,0,0
BRDA:105,14,1,0
BRDA:107,15,0,0
BRDA:107,15,1,0
BRDA:112,16,0,0
BRDA:112,16,1,0
BRDA:115,17,0,0
BRDA:115,17,1,0
BRDA:128,18,0,0
BRDA:128,18,1,0
BRDA:133,19,0,0
BRDA:133,19,1,0
BRDA:136,20,0,0
BRDA:136,20,1,0
BRDA:152,21,0,0
BRDA:152,21,1,0
BRDA:177,22,0,0
BRDA:177,22,1,0
BRDA:188,23,0,0
BRDA:188,23,1,0
BRDA:195,24,0,0
BRDA:195,24,1,0
BRDA:199,25,0,0
BRDA:199,25,1,0
BRDA:203,26,0,0
BRDA:203,26,1,0
BRDA:211,27,0,0
BRDA:211,27,1,0
BRDA:211,28,0,0
BRDA:211,28,1,0
BRDA:215,29,0,0
BRDA:215,29,1,0
BRDA:228,30,0,0
BRDA:228,30,1,0
BRDA:244,31,0,0
BRDA:244,31,1,0
BRDA:251,32,0,0
BRDA:251,32,1,0
BRDA:251,33,0,0
BRDA:251,33,1,0
BRF:68
BRH:0
end_of_record
TN:
SF:src/uploader/UploaderPreviewItem.tsx
FN:16,(anonymous_0)
FN:20,(anonymous_1)
FN:43,(anonymous_2)
FN:49,(anonymous_3)
FN:53,(anonymous_4)
FN:57,(anonymous_5)
FN:68,(anonymous_6)
FN:80,(anonymous_7)
FNF:8
FNH:0
FNDA:0,(anonymous_0)
FNDA:0,(anonymous_1)
FNDA:0,(anonymous_2)
FNDA:0,(anonymous_3)
FNDA:0,(anonymous_4)
FNDA:0,(anonymous_5)
FNDA:0,(anonymous_6)
FNDA:0,(anonymous_7)
DA:16,0
DA:17,0
DA:18,0
DA:20,0
DA:21,0
DA:23,0
DA:25,0
DA:31,0
DA:33,0
DA:40,0
DA:43,0
DA:44,0
DA:45,0
DA:46,0
DA:49,0
DA:53,0
DA:54,0
DA:57,0
DA:58,0
DA:59,0
DA:65,0
DA:68,0
DA:69,0
DA:70,0
DA:71,0
DA:77,0
DA:80,0
DA:81,0
DA:83,0
DA:84,0
DA:98,0
DA:109,0
LF:32
LH:0
BRDA:23,0,0,0
BRDA:23,0,1,0
BRDA:23,1,0,0
BRDA:23,1,1,0
BRDA:25,2,0,0
BRDA:25,2,1,0
BRDA:31,3,0,0
BRDA:31,3,1,0
BRDA:36,4,0,0
BRDA:36,4,1,0
BRDA:54,5,0,0
BRDA:54,5,1,0
BRDA:58,6,0,0
BRDA:58,6,1,0
BRDA:58,7,0,0
BRDA:58,7,1,0
BRDA:69,8,0,0
BRDA:69,8,1,0
BRDA:83,9,0,0
BRDA:83,9,1,0
BRDA:87,10,0,0
BRDA:87,10,1,0
BRDA:102,11,0,0
BRDA:102,11,1,0
BRF:24
BRH:0
end_of_record
TN:
SF:src/uploader/index.tsx
FNF:0
FNH:0
LF:0
LH:0
BRF:0
BRH:0
end_of_record
TN:
SF:src/uploader/utils.ts
FN:5,toArray
FN:13,readFileContent
FN:14,(anonymous_2)
FN:22,(anonymous_3)
FN:34,isOversize
FN:38,(anonymous_5)
FN:49,filterFiles
FN:53,(anonymous_7)
FN:66,isImageUrl
FN:70,isImageFile
FNF:10
FNH:0
FNDA:0,toArray
FNDA:0,readFileContent
FNDA:0,(anonymous_2)
FNDA:0,(anonymous_3)
FNDA:0,isOversize
FNDA:0,(anonymous_5)
FNDA:0,filterFiles
FNDA:0,(anonymous_7)
FNDA:0,isImageUrl
FNDA:0,isImageFile
DA:6,0
DA:7,0
DA:10,0
DA:14,0
DA:15,0
DA:16,0
DA:17,0
DA:20,0
DA:22,0
DA:23,0
DA:26,0
DA:27,0
DA:28,0
DA:29,0
DA:38,0
DA:39,0
DA:40,0
DA:41,0
DA:43,0
DA:45,0
DA:50,0
DA:51,0
DA:53,0
DA:54,0
DA:55,0
DA:57,0
DA:61,0
DA:64,0
DA:67,0
DA:73,0
DA:74,0
DA:77,0
DA:78,0
DA:81,0
DA:82,0
DA:85,0
DA:86,0
DA:89,0
LF:38
LH:0
BRDA:6,0,0,0
BRDA:6,0,1,0
BRDA:15,1,0,0
BRDA:15,1,1,0
BRDA:26,2,0,0
BRDA:26,2,1,0
BRDA:28,3,0,0
BRDA:28,3,1,0
BRDA:39,4,0,0
BRDA:39,4,1,0
BRDA:40,5,0,0
BRDA:40,5,1,0
BRDA:54,6,0,0
BRDA:54,6,1,0
BRDA:73,7,0,0
BRDA:73,7,1,0
BRDA:77,8,0,0
BRDA:77,8,1,0
BRDA:77,9,0,0
BRDA:77,9,1,0
BRDA:81,10,0,0
BRDA:81,10,1,0
BRDA:85,11,0,0
BRDA:85,11,1,0
BRF:24
BRH:0
end_of_record
TN:
SF:src/uploader/demo/index.tsx
FN:22,(anonymous_0)
FN:42,(anonymous_1)
FN:49,(anonymous_2)
FN:54,(anonymous_3)
FN:63,(anonymous_4)
FN:66,(anonymous_5)
FN:68,(anonymous_6)
FN:79,(anonymous_7)
FN:87,(anonymous_8)
FN:95,(anonymous_9)
FN:99,(anonymous_10)
FN:102,(anonymous_11)
FN:110,(anonymous_12)
FN:141,(anonymous_13)
FNF:14
FNH:0
FNDA:0,(anonymous_0)
FNDA:0,(anonymous_1)
FNDA:0,(anonymous_2)
FNDA:0,(anonymous_3)
FNDA:0,(anonymous_4)
FNDA:0,(anonymous_5)
FNDA:0,(anonymous_6)
FNDA:0,(anonymous_7)
FNDA:0,(anonymous_8)
FNDA:0,(anonymous_9)
FNDA:0,(anonymous_10)
FNDA:0,(anonymous_11)
FNDA:0,(anonymous_12)
FNDA:0,(anonymous_13)
DA:9,0
DA:23,0
DA:24,0
DA:36,0
DA:37,0
DA:38,0
DA:39,0
DA:40,0
DA:42,0
DA:43,0
DA:44,0
DA:45,0
DA:46,0
DA:47,0
DA:49,0
DA:50,0
DA:51,0
DA:52,0
DA:54,0
DA:55,0
DA:56,0
DA:57,0
DA:63,0
DA:65,0
DA:66,0
DA:68,0
DA:69,0
DA:70,0
DA:71,0
DA:73,0
DA:75,0
DA:79,0
DA:80,0
DA:81,0
DA:82,0
DA:84,0
DA:87,0
DA:88,0
DA:89,0
DA:92,0
DA:95,0
DA:100,0
DA:103,0
DA:110,0
DA:142,0
LF:45
LH:0
BRDA:65,0,0,0
BRDA:65,0,1,0
BRDA:69,1,0,0
BRDA:69,1,1,0
BRDA:80,2,0,0
BRDA:80,2,1,0
BRF:6
BRH:0
end_of_record
TN:
SF:src/utils/base.ts
FN:2,noop
FN:8,isDef
FN:13,isFunction
FN:17,isPromise
FN:21,isObject
FN:25,get
FN:29,(anonymous_6)
FN:39,pick
FN:44,(anonymous_8)
FN:52,once
FN:53,(anonymous_10)
FNF:11
FNH:3
FNDA:0,noop
FNDA:320,isDef
FNDA:0,isFunction
FNDA:2,isPromise
FNDA:2,isObject
FNDA:0,get
FNDA:0,(anonymous_6)
FNDA:0,pick
FNDA:0,(anonymous_8)
FNDA:0,once
FNDA:0,(anonymous_10)
DA:4,5
DA:6,5
DA:9,320
DA:14,0
DA:18,2
DA:22,2
DA:26,0
DA:27,0
DA:29,0
DA:30,0
DA:33,0
DA:44,0
DA:45,0
DA:46,0
DA:48,0
DA:53,0
DA:54,0
DA:55,0
DA:56,0
LF:19
LH:5
BRDA:9,0,0,320
BRDA:9,0,1,123
BRDA:18,1,0,2
BRDA:18,1,1,0
BRDA:18,1,2,0
BRDA:22,2,0,2
BRDA:22,2,1,2
BRDA:30,3,0,0
BRDA:30,3,1,0
BRDA:45,4,0,0
BRDA:45,4,1,0
BRDA:45,5,0,0
BRDA:45,5,1,0
BRDA:54,6,0,0
BRDA:54,6,1,0
BRF:15
BRH:5
end_of_record
TN:
SF:src/utils/constant.ts
FNF:0
FNH:0
DA:2,1
DA:3,1
DA:4,1
DA:5,1
DA:6,1
DA:7,1
DA:10,1
DA:11,1
DA:12,1
DA:13,1
DA:14,1
DA:15,1
DA:16,1
DA:17,1
DA:20,1
LF:15
LH:15
BRF:0
BRH:0
end_of_record
TN:
SF:src/utils/deep-assign.ts
FN:7,assignKey
FN:22,deepAssign
FN:23,(anonymous_2)
FNF:3
FNH:0
FNDA:0,assignKey
FNDA:0,deepAssign
FNDA:0,(anonymous_2)
DA:5,0
DA:8,0
DA:10,0
DA:11,0
DA:14,0
DA:15,0
DA:18,0
DA:23,0
DA:24,0
DA:27,0
LF:10
LH:0
BRDA:10,0,0,0
BRDA:10,0,1,0
BRDA:14,1,0,0
BRDA:14,1,1,0
BRDA:14,2,0,0
BRDA:14,2,1,0
BRF:6
BRH:0
end_of_record
TN:
SF:src/utils/deep-clone.ts
FN:7,assignKey
FN:22,deepAssign
FN:23,(anonymous_2)
FN:30,deepClone
FN:32,(anonymous_4)
FNF:5
FNH:0
FNDA:0,assignKey
FNDA:0,deepAssign
FNDA:0,(anonymous_2)
FNDA:0,deepClone
FNDA:0,(anonymous_4)
DA:5,0
DA:8,0
DA:10,0
DA:11,0
DA:14,0
DA:15,0
DA:18,0
DA:23,0
DA:24,0
DA:27,0
DA:31,0
DA:32,0
DA:35,0
DA:36,0
DA:39,0
LF:15
LH:0
BRDA:10,0,0,0
BRDA:10,0,1,0
BRDA:14,1,0,0
BRDA:14,1,1,0
BRDA:14,2,0,0
BRDA:14,2,1,0
BRDA:31,3,0,0
BRDA:31,3,1,0
BRDA:35,4,0,0
BRDA:35,4,1,0
BRF:10
BRH:0
end_of_record
TN:
SF:src/utils/index.ts
FNF:0
FNH:0
LF:0
LH:0
BRF:0
BRH:0
end_of_record
TN:
SF:src/utils/interceptor.ts
FN:7,callInterceptor
FN:21,(anonymous_1)
FNF:2
FNH:1
FNDA:3,callInterceptor
FNDA:0,(anonymous_1)
DA:13,3
DA:15,3
DA:17,2
DA:19,2
DA:20,0
DA:22,0
DA:23,0
DA:24,0
DA:25,0
DA:29,2
DA:30,0
DA:31,2
DA:32,0
DA:35,1
LF:14
LH:7
BRDA:15,0,0,2
BRDA:15,0,1,1
BRDA:17,1,0,2
BRDA:17,1,1,0
BRDA:19,2,0,0
BRDA:19,2,1,2
BRDA:22,3,0,0
BRDA:22,3,1,0
BRDA:24,4,0,0
BRDA:24,4,1,0
BRDA:29,5,0,0
BRDA:29,5,1,2
BRDA:31,6,0,0
BRDA:31,6,1,2
BRF:14
BRH:6
end_of_record
TN:
SF:src/utils/interface.ts
FNF:0
FNH:0
LF:0
LH:0
BRF:0
BRH:0
end_of_record
TN:
SF:src/utils/mount-component.ts
FN:5,mountComponent
FN:8,(anonymous_1)
FN:10,(anonymous_2)
FN:16,(anonymous_3)
FNF:4
FNH:0
FNDA:0,mountComponent
FNDA:0,(anonymous_1)
FNDA:0,(anonymous_2)
FNDA:0,(anonymous_3)
DA:6,0
DA:8,0
DA:9,0
DA:10,0
DA:11,0
DA:12,0
DA:17,0
DA:18,0
DA:19,0
DA:26,0
DA:29,0
DA:30,0
DA:32,0
LF:13
LH:0
BRDA:18,0,0,0
BRDA:18,0,1,0
BRF:2
BRH:0
end_of_record
TN:
SF:src/utils/raf.ts
FN:7,rafPolyfill
FN:15,raf
FN:21,cancelRaf
FN:27,doubleRaf
FN:28,(anonymous_4)
FNF:5
FNH:0
FNDA:0,rafPolyfill
FNDA:0,raf
FNDA:0,cancelRaf
FNDA:0,doubleRaf
FNDA:0,(anonymous_4)
DA:3,5
DA:5,5
DA:8,0
DA:9,0
DA:10,0
DA:11,0
DA:12,0
DA:16,0
DA:17,0
DA:22,0
DA:23,0
DA:28,0
DA:29,0
LF:13
LH:2
BRDA:3,0,0,5
BRDA:3,0,1,0
BRDA:16,1,0,0
BRDA:16,1,1,0
BRDA:22,2,0,0
BRDA:22,2,1,0
BRF:6
BRH:1
end_of_record
TN:
SF:src/utils/create/bem.ts
FN:15,gen
FN:25,(anonymous_1)
FN:27,(anonymous_2)
FN:30,createBEM
FN:31,(anonymous_4)
FNF:5
FNH:5
FNDA:989,gen
FNDA:423,(anonymous_1)
FNDA:574,(anonymous_2)
FNDA:313,createBEM
FNDA:441,(anonymous_4)
DA:16,989
DA:17,269
DA:20,720
DA:21,235
DA:24,485
DA:25,423
DA:27,574
DA:31,313
DA:32,441
DA:33,171
DA:34,171
DA:37,441
DA:38,441
LF:13
LH:13
BRDA:16,0,0,269
BRDA:16,0,1,720
BRDA:20,1,0,235
BRDA:20,1,1,485
BRDA:24,2,0,214
BRDA:24,2,1,271
BRDA:27,3,0,125
BRDA:27,3,1,449
BRDA:32,4,0,171
BRDA:32,4,1,270
BRDA:32,5,0,441
BRDA:32,5,1,396
BRDA:37,6,0,225
BRDA:37,6,1,216
BRF:14
BRH:14
end_of_record
TN:
SF:src/utils/create/index.ts
FN:6,createNamespace
FNF:1
FNH:1
FNDA:313,createNamespace
DA:7,313
DA:8,313
LF:2
LH:2
BRDA:7,0,0,313
BRDA:7,0,1,0
BRF:2
BRH:1
end_of_record
TN:
SF:src/utils/dom/canUseDom.ts
FN:1,canUseDom
FNF:1
FNH:0
FNDA:0,canUseDom
DA:2,0
LF:1
LH:0
BRDA:2,0,0,0
BRDA:2,0,1,0
BRDA:2,0,2,0
BRF:3
BRH:0
end_of_record
TN:
SF:src/utils/dom/event.ts
FN:3,stopPropagation
FN:7,preventDefault
FNF:2
FNH:0
FNDA:0,stopPropagation
FNDA:0,preventDefault
DA:4,0
DA:9,0
DA:10,0
DA:13,0
DA:14,0
LF:5
LH:0
BRDA:9,0,0,0
BRDA:9,1,0,0
BRDA:9,1,1,0
BRDA:13,2,0,0
BRDA:13,2,1,0
BRF:5
BRH:0
end_of_record
TN:
SF:src/utils/dom/getContainer.ts
FN:1,resolveContainer
FNF:1
FNH:1
FNDA:63,resolveContainer
DA:4,63
DA:5,63
LF:2
LH:2
BRDA:4,0,0,60
BRDA:4,0,1,3
BRDA:5,1,0,63
BRDA:5,1,1,0
BRF:4
BRH:3
end_of_record
TN:
SF:src/utils/dom/renderToBody.ts
FN:4,renderToBody
FN:7,unmount
FNF:2
FNH:0
FNDA:0,renderToBody
FNDA:0,unmount
DA:5,0
DA:6,0
DA:8,0
DA:9,0
DA:10,0
DA:13,0
DA:14,0
LF:7
LH:0
BRDA:9,0,0,0
BRDA:9,0,1,0
BRDA:9,1,0,0
BRDA:9,1,1,0
BRF:4
BRH:0
end_of_record
TN:
SF:src/utils/dom/renderToContainer.ts
FN:7,renderToContainer
FNF:1
FNH:1
FNDA:63,renderToContainer
DA:8,63
DA:9,63
DA:10,63
DA:12,0
LF:4
LH:3
BRDA:8,0,0,63
BRDA:8,0,1,0
BRF:2
BRH:1
end_of_record
TN:
SF:src/utils/dom/scroll.ts
FN:7,isWindow
FN:11,getScrollTop
FN:18,getRootScrollTop
FN:22,setRootScrollTop
FN:28,getElementTop
FN:37,getVisibleHeight
FN:44,getVisibleTop
FN:51,setScrollTop
FN:61,scrollLeftTo
FN:68,animate
FN:78,scrollTopTo
FN:89,animate
FN:111,resetScroll
FNF:13
FNH:0
FNDA:0,isWindow
FNDA:0,getScrollTop
FNDA:0,getRootScrollTop
FNDA:0,setRootScrollTop
FNDA:0,getElementTop
FNDA:0,getVisibleHeight
FNDA:0,getVisibleTop
FNDA:0,setScrollTop
FNDA:0,scrollLeftTo
FNDA:0,animate
FNDA:0,scrollTopTo
FNDA:0,animate
FNDA:0,resetScroll
DA:8,0
DA:12,0
DA:15,0
DA:19,0
DA:23,0
DA:24,0
DA:29,0
DA:30,0
DA:33,0
DA:34,0
DA:38,0
DA:39,0
DA:41,0
DA:45,0
DA:46,0
DA:48,0
DA:52,0
DA:53,0
DA:55,0
DA:62,0
DA:64,0
DA:65,0
DA:66,0
DA:69,0
DA:70,0
DA:71,0
DA:75,0
DA:84,0
DA:85,0
DA:86,0
DA:87,0
DA:90,0
DA:91,0
DA:92,0
DA:95,0
DA:97,0
DA:98,0
DA:99,0
DA:100,0
DA:104,0
DA:107,5
DA:112,0
DA:113,0
LF:43
LH:1
BRDA:12,0,0,0
BRDA:12,0,1,0
BRDA:19,1,0,0
BRDA:19,1,1,0
BRDA:19,1,2,0
BRDA:19,1,3,0
BRDA:29,2,0,0
BRDA:29,2,1,0
BRDA:33,3,0,0
BRDA:33,3,1,0
BRDA:38,4,0,0
BRDA:38,4,1,0
BRDA:45,5,0,0
BRDA:45,5,1,0
BRDA:52,6,0,0
BRDA:52,6,1,0
BRDA:66,7,0,0
BRDA:66,7,1,0
BRDA:70,8,0,0
BRDA:70,8,1,0
BRDA:86,9,0,0
BRDA:86,9,1,0
BRDA:91,10,0,0
BRDA:91,10,1,0
BRDA:91,11,0,0
BRDA:91,11,1,0
BRDA:91,11,2,0
BRDA:91,11,3,0
BRDA:97,12,0,0
BRDA:97,12,1,0
BRDA:97,13,0,0
BRDA:97,13,1,0
BRDA:97,13,2,0
BRDA:97,13,3,0
BRDA:99,14,0,0
BRDA:99,14,1,0
BRDA:112,15,0,0
BRDA:112,15,1,0
BRF:38
BRH:0
end_of_record
TN:
SF:src/utils/dom/style.ts
FN:1,isHidden
FNF:1
FNH:0
FNDA:0,isHidden
DA:2,0
DA:3,0
DA:4,0
DA:7,0
DA:8,0
DA:13,0
DA:14,0
LF:7
LH:0
BRDA:3,0,0,0
BRDA:3,0,1,0
BRDA:13,1,0,0
BRDA:13,1,1,0
BRDA:14,2,0,0
BRDA:14,2,1,0
BRF:6
BRH:0
end_of_record
TN:
SF:src/utils/format/number.ts
FN:2,range
FN:6,trimExtraChar
FN:20,formatNumber
FN:40,addNumber
FNF:4
FNH:0
FNDA:0,range
FNDA:0,trimExtraChar
FNDA:0,formatNumber
FNDA:0,addNumber
DA:3,0
DA:7,0
DA:9,0
DA:10,0
DA:13,0
DA:14,0
DA:17,0
DA:21,0
DA:22,0
DA:25,0
DA:28,0
DA:29,0
DA:31,0
DA:34,0
DA:36,0
DA:41,0
DA:42,0
LF:17
LH:0
BRDA:9,0,0,0
BRDA:9,0,1,0
BRDA:13,1,0,0
BRDA:13,1,1,0
BRDA:13,2,0,0
BRDA:13,2,1,0
BRDA:20,3,0,0
BRDA:20,4,0,0
BRDA:21,5,0,0
BRDA:21,5,1,0
BRDA:28,6,0,0
BRDA:28,6,1,0
BRDA:34,7,0,0
BRDA:34,7,1,0
BRF:14
BRH:0
end_of_record
TN:
SF:src/utils/format/react.ts
FN:3,parseChildList
FN:5,(anonymous_1)
FN:16,(anonymous_2)
FNF:3
FNH:0
FNDA:0,parseChildList
FNDA:0,(anonymous_1)
FNDA:0,(anonymous_2)
DA:4,0
DA:6,0
DA:7,0
DA:8,0
DA:14,0
DA:16,0
LF:6
LH:0
BRDA:6,0,0,0
BRDA:6,0,1,0
BRDA:7,1,0,0
BRDA:7,1,1,0
BRF:4
BRH:0
end_of_record
TN:
SF:src/utils/format/string.ts
FN:3,camelize
FN:4,(anonymous_1)
FN:7,padZero
FNF:3
FNH:0
FNDA:0,camelize
FNDA:0,(anonymous_1)
FNDA:0,padZero
DA:1,5
DA:4,0
DA:8,0
DA:10,0
DA:11,0
DA:14,0
LF:6
LH:1
BRDA:7,0,0,0
BRF:1
BRH:0
end_of_record
TN:
SF:src/utils/format/unit.ts
FN:6,addUnit
FN:13,getSizeStyle
FN:24,getZIndexStyle
FN:35,getRootFontSize
FN:46,convertRem
FN:51,convertVw
FN:56,convertVh
FN:61,unitToPx
FNF:8
FNH:1
FNDA:155,addUnit
FNDA:0,getSizeStyle
FNDA:0,getZIndexStyle
FNDA:0,getRootFontSize
FNDA:0,convertRem
FNDA:0,convertVw
FNDA:0,convertVh
FNDA:0,unitToPx
DA:7,155
DA:8,145
DA:10,10
DA:14,0
DA:15,0
DA:16,0
DA:21,0
DA:25,0
DA:26,0
DA:27,0
DA:29,0
DA:36,0
DA:37,0
DA:38,0
DA:40,0
DA:43,0
DA:47,0
DA:48,0
DA:52,0
DA:53,0
DA:57,0
DA:58,0
DA:62,0
DA:63,0
DA:66,0
DA:67,0
DA:68,0
DA:70,0
DA:71,0
DA:73,0
DA:74,0
DA:78,0
LF:32
LH:3
BRDA:7,0,0,145
BRDA:7,0,1,10
BRDA:10,1,0,6
BRDA:10,1,1,4
BRDA:14,2,0,0
BRDA:14,2,1,0
BRDA:26,3,0,0
BRDA:26,3,1,0
BRDA:36,4,0,0
BRDA:36,4,1,0
BRDA:38,5,0,0
BRDA:38,5,1,0
BRDA:62,6,0,0
BRDA:62,6,1,0
BRDA:66,7,0,0
BRDA:66,7,1,0
BRDA:67,8,0,0
BRDA:67,8,1,0
BRDA:70,9,0,0
BRDA:70,9,1,0
BRDA:73,10,0,0
BRDA:73,10,1,0
BRF:22
BRH:4
end_of_record
TN:
SF:src/utils/validate/date.ts
FN:3,isDate
FNF:1
FNH:0
FNDA:0,isDate
DA:4,0
LF:1
LH:0
BRDA:4,0,0,0
BRDA:4,0,1,0
BRF:2
BRH:0
end_of_record
TN:
SF:src/utils/validate/number.ts
FN:1,isNumeric
FN:5,isNaN
FNF:2
FNH:1
FNDA:11,isNumeric
FNDA:0,isNaN
DA:2,11
DA:6,0
DA:7,0
DA:11,0
LF:4
LH:1
BRDA:2,0,0,11
BRDA:2,0,1,5
BRDA:6,1,0,0
BRDA:6,1,1,0
BRF:4
BRH:2
end_of_record
TN:
SF:src/utils/validate/system.ts
FN:3,isAndroid
FN:7,isIOS
FNF:2
FNH:1
FNDA:0,isAndroid
FNDA:5,isIOS
DA:4,0
DA:8,5
LF:2
LH:1
BRDA:4,0,0,0
BRDA:4,0,1,0
BRDA:8,1,0,5
BRDA:8,1,1,0
BRF:4
BRH:1
end_of_record
